#
# There is insufficient memory for the Java Runtime Environment to continue.
# Native memory allocation (malloc) failed to allocate 521488 bytes for Chunk::new
# Possible reasons:
#   The system is out of physical RAM or swap space
#   The process is running with CompressedOops enabled, and the Java Heap may be blocking the growth of the native heap
# Possible solutions:
#   Reduce memory load on the system
#   Increase physical memory or swap space
#   Check if swap backing store is full
#   Decrease Java heap size (-Xmx/-Xms)
#   Decrease number of Java threads
#   Decrease Java thread stack sizes (-Xss)
#   Set larger code cache with -XX:ReservedCodeCacheSize=
#   JVM is running with Unscaled Compressed Oops mode in which the Java heap is
#     placed in the first 4GB address space. The Java Heap base address is the
#     maximum limit for the native heap growth. Please use -XX:HeapBaseMinAddress
#     to set the Java Heap base and to place the Java Heap above 4GB virtual address.
# This output file may be truncated or incomplete.
#
#  Out of Memory Error (allocation.cpp:389), pid=19068, tid=0x0000000000003328
#
# JRE version: OpenJDK Runtime Environment (8.0_212-b04) (build 1.8.0_212-release-1586-b04)
# Java VM: OpenJDK 64-Bit Server VM (25.212-b04 mixed mode windows-amd64 compressed oops)
# Failed to write core dump. Minidumps are not enabled by default on client versions of Windows
#

---------------  T H R E A D  ---------------

Current thread (0x00000000166b1000):  JavaThread "C2 CompilerThread1" daemon [_thread_in_native, id=13096, stack(0x0000000017e00000,0x0000000017f00000)]

Stack: [0x0000000017e00000,0x0000000017f00000]
[error occurred during error reporting (printing stack bounds), id 0xc0000005]

Native frames: (J=compiled Java code, j=interpreted, Vv=VM code, C=native code)


Current CompileTask:
C2:  55871 12929       4       org.gradle.internal.component.model.ComponentAttributeMatcher::match (318 bytes)


---------------  P R O C E S S  ---------------

Java Threads: ( => current thread )
  0x000000001de6d000 JavaThread "Thread-89" [_thread_in_native, id=5316, stack(0x00000000268e0000,0x00000000269e0000)]
  0x000000001de66000 JavaThread "stdout" [_thread_in_native, id=5112, stack(0x0000000025210000,0x0000000025310000)]
  0x000000001de6a800 JavaThread "stderr" [_thread_in_native, id=9504, stack(0x0000000025110000,0x0000000025210000)]
  0x000000001de69000 JavaThread "pool-13-thread-1" [_thread_blocked, id=12276, stack(0x0000000024930000,0x0000000024a30000)]
  0x000000001de6c000 JavaThread "WorkerExecutor Queue Thread 2" [_thread_blocked, id=19424, stack(0x0000000024830000,0x0000000024930000)]
  0x000000001de61000 JavaThread "WorkerExecutor Queue" [_thread_blocked, id=15872, stack(0x0000000024730000,0x0000000024830000)]
  0x000000001de63000 JavaThread "Cache worker for execution history cache (C:\Users\Acer\Desktop\Personal Projects\assandroidserver\.gradle\5.6.4\executionHistory)" [_thread_blocked, id=15964, stack(0x0000000024630000,0x0000000024730000)]
  0x000000001de60000 JavaThread "Execution worker for ':' Thread 3" [_thread_blocked, id=14268, stack(0x0000000024330000,0x0000000024430000)]
  0x000000001de62800 JavaThread "Execution worker for ':' Thread 2" [_thread_blocked, id=13688, stack(0x0000000024230000,0x0000000024330000)]
  0x000000001de64800 JavaThread "Execution worker for ':'" [_thread_blocked, id=13400, stack(0x0000000024130000,0x0000000024230000)]
  0x00000000199ee800 JavaThread "Cache worker for file content cache (C:\Users\Acer\Desktop\Personal Projects\assandroidserver\.gradle\5.6.4\fileContent)" [_thread_blocked, id=9388, stack(0x0000000023e30000,0x0000000023f30000)]
  0x00000000199ed800 JavaThread "Cache worker for Build Output Cleanup Cache (C:\Users\Acer\Desktop\Personal Projects\assandroidserver\.gradle\buildOutputCleanup)" [_thread_blocked, id=16932, stack(0x0000000023b30000,0x0000000023c30000)]
  0x00000000199ed000 JavaThread "Build operations Thread 4" [_thread_blocked, id=13104, stack(0x0000000023a30000,0x0000000023b30000)]
  0x00000000199ec000 JavaThread "Build operations Thread 3" [_thread_blocked, id=12632, stack(0x0000000023730000,0x0000000023830000)]
  0x00000000199eb800 JavaThread "Build operations Thread 2" [_thread_blocked, id=19420, stack(0x0000000023170000,0x0000000023270000)]
  0x00000000199ea800 JavaThread "Build operations" [_thread_blocked, id=18884, stack(0x0000000022470000,0x0000000022570000)]
  0x00000000199f0800 JavaThread "Cache worker for cache directory md-rule (C:\Users\Acer\.gradle\caches\5.6.4\md-rule)" [_thread_blocked, id=15304, stack(0x0000000020cf0000,0x0000000020df0000)]
  0x00000000199f1800 JavaThread "Cache worker for cache directory md-supplier (C:\Users\Acer\.gradle\caches\5.6.4\md-supplier)" [_thread_blocked, id=13644, stack(0x0000000020bf0000,0x0000000020cf0000)]
  0x00000000199ef000 JavaThread "Cache worker for file hash cache (C:\Users\Acer\Desktop\Personal Projects\assandroidserver\.gradle\5.6.4\fileHashes)" [_thread_blocked, id=7652, stack(0x0000000020af0000,0x0000000020bf0000)]
  0x00000000199e2800 JavaThread "Thread-72" [_thread_blocked, id=3732, stack(0x00000000209f0000,0x0000000020af0000)]
  0x00000000199e9000 JavaThread "Stdin handler" [_thread_blocked, id=4396, stack(0x00000000205f0000,0x00000000206f0000)]
  0x00000000199e7800 JavaThread "Asynchronous log dispatcher for DefaultDaemonConnection: socket connection from /127.0.0.1:52179 to /127.0.0.1:52204" [_thread_blocked, id=3640, stack(0x00000000200f0000,0x00000000201f0000)]
  0x00000000199e4000 JavaThread "Cancel handler" [_thread_blocked, id=16528, stack(0x000000001edc0000,0x000000001eec0000)]
  0x00000000199e3000 JavaThread "Handler for socket connection from /127.0.0.1:52179 to /127.0.0.1:52204" [_thread_in_native, id=6824, stack(0x000000001bf20000,0x000000001c020000)]
  0x000000001de67000 JavaThread "MarlinRenderer Disposer" daemon [_thread_blocked, id=18256, stack(0x0000000024e10000,0x0000000024f10000)]
  0x000000001de5f800 JavaThread "Java2D Disposer" daemon [_thread_blocked, id=18560, stack(0x0000000024d10000,0x0000000024e10000)]
  0x00000000199ea000 JavaThread "Cache worker for file content cache (C:\Users\Acer\.gradle\caches\5.6.4\fileContent)" [_thread_blocked, id=14040, stack(0x0000000023630000,0x0000000023730000)]
  0x00000000199e8800 JavaThread "Memory manager" [_thread_blocked, id=3120, stack(0x0000000023530000,0x0000000023630000)]
  0x00000000199e4800 JavaThread "Cache worker for execution history cache (C:\Users\Acer\.gradle\caches\5.6.4\executionHistory)" [_thread_blocked, id=18596, stack(0x00000000206f0000,0x00000000207f0000)]
  0x0000000019ffb800 JavaThread "Cache worker for journal cache (C:\Users\Acer\.gradle\caches\journal-1)" [_thread_blocked, id=3460, stack(0x000000001c420000,0x000000001c520000)]
  0x0000000019ff9000 JavaThread "File lock request listener" [_thread_in_native, id=17752, stack(0x000000001c320000,0x000000001c420000)]
  0x0000000019ff6000 JavaThread "Cache worker for file hash cache (C:\Users\Acer\.gradle\caches\5.6.4\fileHashes)" [_thread_blocked, id=6740, stack(0x000000001c220000,0x000000001c320000)]
  0x0000000019eb2800 JavaThread "Daemon worker" [_thread_blocked, id=13520, stack(0x000000001bc20000,0x000000001bd20000)]
  0x0000000019e8f000 JavaThread "Daemon" [_thread_blocked, id=16352, stack(0x000000001b720000,0x000000001b820000)]
  0x0000000019e88800 JavaThread "Daemon periodic checks" [_thread_blocked, id=16268, stack(0x000000001b620000,0x000000001b720000)]
  0x0000000019dca000 JavaThread "Incoming local TCP Connector on port 52179" [_thread_in_native, id=16688, stack(0x000000001b3e0000,0x000000001b4e0000)]
  0x0000000019e1c000 JavaThread "Daemon health stats" [_thread_blocked, id=10820, stack(0x000000001ada0000,0x000000001aea0000)]
  0x0000000018002000 JavaThread "Service Thread" daemon [_thread_blocked, id=4244, stack(0x0000000018400000,0x0000000018500000)]
  0x000000001670a000 JavaThread "C1 CompilerThread2" daemon [_thread_blocked, id=17536, stack(0x0000000017f00000,0x0000000018000000)]
=>0x00000000166b1000 JavaThread "C2 CompilerThread1" daemon [_thread_in_native, id=13096, stack(0x0000000017e00000,0x0000000017f00000)]
  0x00000000166ae000 JavaThread "C2 CompilerThread0" daemon [_thread_blocked, id=4312, stack(0x0000000017d00000,0x0000000017e00000)]
  0x00000000166ab000 JavaThread "Attach Listener" daemon [_thread_blocked, id=16636, stack(0x0000000017c00000,0x0000000017d00000)]
  0x00000000166aa000 JavaThread "Signal Dispatcher" daemon [_thread_blocked, id=17824, stack(0x0000000017b00000,0x0000000017c00000)]
  0x0000000002d3b800 JavaThread "Finalizer" daemon [_thread_blocked, id=17280, stack(0x0000000017900000,0x0000000017a00000)]
  0x0000000002d32000 JavaThread "Reference Handler" daemon [_thread_blocked, id=12128, stack(0x0000000017800000,0x0000000017900000)]
  0x00000000011ae000 JavaThread "main" [_thread_blocked, id=2300, stack(0x00000000029c0000,0x0000000002ac0000)]

Other Threads:
  0x0000000016676000 VMThread [stack: 0x0000000017700000,0x0000000017800000] [id=19440]
  0x0000000018003000 WatcherThread [stack: 0x0000000018500000,0x0000000018600000] [id=10472]

VM state:not at safepoint (normal execution)

VM Mutex/Monitor currently owned by a thread: None

heap address: 0x00000000a0000000, size: 1536 MB, Compressed Oops mode: 32-bit
Narrow klass base: 0x0000000000000000, Narrow klass shift: 3
Compressed class space size: 1073741824 Address: 0x0000000100000000

Heap:
 PSYoungGen      total 279552K, used 80843K [0x00000000e0000000, 0x00000000f2c00000, 0x0000000100000000)
  eden space 260096K, 23% used [0x00000000e0000000,0x00000000e3c4d300,0x00000000efe00000)
  from space 19456K, 98% used [0x00000000f1780000,0x00000000f2a25cf0,0x00000000f2a80000)
  to   space 23552K, 0% used [0x00000000efe00000,0x00000000efe00000,0x00000000f1500000)
 ParOldGen       total 175104K, used 50374K [0x00000000a0000000, 0x00000000aab00000, 0x00000000e0000000)
  object space 175104K, 28% used [0x00000000a0000000,0x00000000a3131948,0x00000000aab00000)
 Metaspace       used 78513K, capacity 81490K, committed 81664K, reserved 1120256K
  class space    used 10146K, capacity 10729K, committed 10752K, reserved 1048576K

Card table byte_map: [0x0000000012100000,0x0000000012410000] byte_map_base: 0x0000000011c00000

Marking Bits: (ParMarkBitMap*) 0x0000000052d09f30
 Begin Bits: [0x0000000012a10000, 0x0000000014210000)
 End Bits:   [0x0000000014210000, 0x0000000015a10000)

Polling page: 0x0000000000d90000

CodeCache: size=245760Kb used=35272Kb max_used=35272Kb free=210487Kb
 bounds [0x0000000002d40000, 0x0000000004ff0000, 0x0000000011d40000]
 total_blobs=11899 nmethods=10922 adapters=889
 compilation: enabled

Compilation events (10 events):
Event: 55.761 Thread 0x000000001670a000 12941       3       kotlin.reflect.full.KClasses::isExtension (18 bytes)
Event: 55.761 Thread 0x000000001670a000 nmethod 12941 0x0000000004fdd490 code [0x0000000004fdd600, 0x0000000004fdd918]
Event: 55.761 Thread 0x000000001670a000 12942       1       kotlin.reflect.jvm.internal.impl.descriptors.impl.FunctionDescriptorImpl::getExtensionReceiverParameter (5 bytes)
Event: 55.762 Thread 0x000000001670a000 nmethod 12942 0x0000000004fdd1d0 code [0x0000000004fdd320, 0x0000000004fdd430]
Event: 55.762 Thread 0x000000001670a000 12943       3       org.jetbrains.kotlin.compilerRunner.ArgumentUtils::findInstance (42 bytes)
Event: 55.762 Thread 0x000000001670a000 nmethod 12943 0x0000000004fe0190 code [0x0000000004fe0360, 0x0000000004fe0b68]
Event: 55.762 Thread 0x000000001670a000 12944       3       kotlin.reflect.jvm.internal.KCallableImpl::getVisibility (19 bytes)
Event: 55.762 Thread 0x000000001670a000 nmethod 12944 0x0000000004fdcc10 code [0x0000000004fdcda0, 0x0000000004fdd0d8]
Event: 55.762 Thread 0x000000001670a000 12945       3       kotlin.reflect.jvm.internal.UtilKt::toKVisibility (87 bytes)
Event: 55.763 Thread 0x000000001670a000 nmethod 12945 0x0000000004fe0e10 code [0x0000000004fe1040, 0x0000000004fe1e48]

GC Heap History (10 events):
Event: 13.307 GC heap before
{Heap before GC invocations=11 (full 2):
 PSYoungGen      total 204800K, used 156592K [0x00000000e0000000, 0x00000000ee580000, 0x0000000100000000)
  eden space 192000K, 74% used [0x00000000e0000000,0x00000000e8c6dde8,0x00000000ebb80000)
  from space 12800K, 99% used [0x00000000ed900000,0x00000000ee57e4e0,0x00000000ee580000)
  to   space 14848K, 0% used [0x00000000ec880000,0x00000000ec880000,0x00000000ed700000)
 ParOldGen       total 119808K, used 19281K [0x00000000a0000000, 0x00000000a7500000, 0x00000000e0000000)
  object space 119808K, 16% used [0x00000000a0000000,0x00000000a12d46a8,0x00000000a7500000)
 Metaspace       used 57304K, capacity 59072K, committed 59160K, reserved 1099776K
  class space    used 7838K, capacity 8255K, committed 8320K, reserved 1048576K
Event: 13.384 GC heap after
Heap after GC invocations=11 (full 2):
 PSYoungGen      total 220160K, used 14836K [0x00000000e0000000, 0x00000000f2a80000, 0x0000000100000000)
  eden space 205312K, 0% used [0x00000000e0000000,0x00000000e0000000,0x00000000ec880000)
  from space 14848K, 99% used [0x00000000ec880000,0x00000000ed6fd2c0,0x00000000ed700000)
  to   space 19456K, 0% used [0x00000000f1780000,0x00000000f1780000,0x00000000f2a80000)
 ParOldGen       total 119808K, used 27258K [0x00000000a0000000, 0x00000000a7500000, 0x00000000e0000000)
  object space 119808K, 22% used [0x00000000a0000000,0x00000000a1a9e870,0x00000000a7500000)
 Metaspace       used 57304K, capacity 59072K, committed 59160K, reserved 1099776K
  class space    used 7838K, capacity 8255K, committed 8320K, reserved 1048576K
}
Event: 13.384 GC heap before
{Heap before GC invocations=12 (full 3):
 PSYoungGen      total 220160K, used 14836K [0x00000000e0000000, 0x00000000f2a80000, 0x0000000100000000)
  eden space 205312K, 0% used [0x00000000e0000000,0x00000000e0000000,0x00000000ec880000)
  from space 14848K, 99% used [0x00000000ec880000,0x00000000ed6fd2c0,0x00000000ed700000)
  to   space 19456K, 0% used [0x00000000f1780000,0x00000000f1780000,0x00000000f2a80000)
 ParOldGen       total 119808K, used 27258K [0x00000000a0000000, 0x00000000a7500000, 0x00000000e0000000)
  object space 119808K, 22% used [0x00000000a0000000,0x00000000a1a9e870,0x00000000a7500000)
 Metaspace       used 57304K, capacity 59072K, committed 59160K, reserved 1099776K
  class space    used 7838K, capacity 8255K, committed 8320K, reserved 1048576K
Event: 13.641 GC heap after
Heap after GC invocations=12 (full 3):
 PSYoungGen      total 220160K, used 0K [0x00000000e0000000, 0x00000000f2a80000, 0x0000000100000000)
  eden space 205312K, 0% used [0x00000000e0000000,0x00000000e0000000,0x00000000ec880000)
  from space 14848K, 0% used [0x00000000ec880000,0x00000000ec880000,0x00000000ed700000)
  to   space 19456K, 0% used [0x00000000f1780000,0x00000000f1780000,0x00000000f2a80000)
 ParOldGen       total 175104K, used 37058K [0x00000000a0000000, 0x00000000aab00000, 0x00000000e0000000)
  object space 175104K, 21% used [0x00000000a0000000,0x00000000a2430840,0x00000000aab00000)
 Metaspace       used 57304K, capacity 59072K, committed 59160K, reserved 1099776K
  class space    used 7838K, capacity 8255K, committed 8320K, reserved 1048576K
}
Event: 19.443 GC heap before
{Heap before GC invocations=13 (full 3):
 PSYoungGen      total 220160K, used 205312K [0x00000000e0000000, 0x00000000f2a80000, 0x0000000100000000)
  eden space 205312K, 100% used [0x00000000e0000000,0x00000000ec880000,0x00000000ec880000)
  from space 14848K, 0% used [0x00000000ec880000,0x00000000ec880000,0x00000000ed700000)
  to   space 19456K, 0% used [0x00000000f1780000,0x00000000f1780000,0x00000000f2a80000)
 ParOldGen       total 175104K, used 37058K [0x00000000a0000000, 0x00000000aab00000, 0x00000000e0000000)
  object space 175104K, 21% used [0x00000000a0000000,0x00000000a2430840,0x00000000aab00000)
 Metaspace       used 66003K, capacity 68510K, committed 68608K, reserved 1107968K
  class space    used 8896K, capacity 9462K, committed 9472K, reserved 1048576K
Event: 19.487 GC heap after
Heap after GC invocations=13 (full 3):
 PSYoungGen      total 279552K, used 19426K [0x00000000e0000000, 0x00000000f2c00000, 0x0000000100000000)
  eden space 260096K, 0% used [0x00000000e0000000,0x00000000e0000000,0x00000000efe00000)
  from space 19456K, 99% used [0x00000000f1780000,0x00000000f2a78970,0x00000000f2a80000)
  to   space 23552K, 0% used [0x00000000efe00000,0x00000000efe00000,0x00000000f1500000)
 ParOldGen       total 175104K, used 40806K [0x00000000a0000000, 0x00000000aab00000, 0x00000000e0000000)
  object space 175104K, 23% used [0x00000000a0000000,0x00000000a27d9aa8,0x00000000aab00000)
 Metaspace       used 66003K, capacity 68510K, committed 68608K, reserved 1107968K
  class space    used 8896K, capacity 9462K, committed 9472K, reserved 1048576K
}
Event: 26.691 GC heap before
{Heap before GC invocations=14 (full 3):
 PSYoungGen      total 279552K, used 279522K [0x00000000e0000000, 0x00000000f2c00000, 0x0000000100000000)
  eden space 260096K, 100% used [0x00000000e0000000,0x00000000efe00000,0x00000000efe00000)
  from space 19456K, 99% used [0x00000000f1780000,0x00000000f2a78970,0x00000000f2a80000)
  to   space 23552K, 0% used [0x00000000efe00000,0x00000000efe00000,0x00000000f1500000)
 ParOldGen       total 175104K, used 40806K [0x00000000a0000000, 0x00000000aab00000, 0x00000000e0000000)
  object space 175104K, 23% used [0x00000000a0000000,0x00000000a27d9aa8,0x00000000aab00000)
 Metaspace       used 72576K, capacity 75248K, committed 75520K, reserved 1114112K
  class space    used 9680K, capacity 10235K, committed 10240K, reserved 1048576K
Event: 26.720 GC heap after
Heap after GC invocations=14 (full 3):
 PSYoungGen      total 283648K, used 17631K [0x00000000e0000000, 0x00000000f2c00000, 0x0000000100000000)
  eden space 260096K, 0% used [0x00000000e0000000,0x00000000e0000000,0x00000000efe00000)
  from space 23552K, 74% used [0x00000000efe00000,0x00000000f0f37d80,0x00000000f1500000)
  to   space 19456K, 0% used [0x00000000f1780000,0x00000000f1780000,0x00000000f2a80000)
 ParOldGen       total 175104K, used 50366K [0x00000000a0000000, 0x00000000aab00000, 0x00000000e0000000)
  object space 175104K, 28% used [0x00000000a0000000,0x00000000a312f948,0x00000000aab00000)
 Metaspace       used 72576K, capacity 75248K, committed 75520K, reserved 1114112K
  class space    used 9680K, capacity 10235K, committed 10240K, reserved 1048576K
}
Event: 53.764 GC heap before
{Heap before GC invocations=15 (full 3):
 PSYoungGen      total 283648K, used 277727K [0x00000000e0000000, 0x00000000f2c00000, 0x0000000100000000)
  eden space 260096K, 100% used [0x00000000e0000000,0x00000000efe00000,0x00000000efe00000)
  from space 23552K, 74% used [0x00000000efe00000,0x00000000f0f37d80,0x00000000f1500000)
  to   space 19456K, 0% used [0x00000000f1780000,0x00000000f1780000,0x00000000f2a80000)
 ParOldGen       total 175104K, used 50366K [0x00000000a0000000, 0x00000000aab00000, 0x00000000e0000000)
  object space 175104K, 28% used [0x00000000a0000000,0x00000000a312f948,0x00000000aab00000)
 Metaspace       used 78400K, capacity 81292K, committed 81408K, reserved 1120256K
  class space    used 10145K, capacity 10728K, committed 10752K, reserved 1048576K
Event: 53.785 GC heap after
Heap after GC invocations=15 (full 3):
 PSYoungGen      total 279552K, used 19095K [0x00000000e0000000, 0x00000000f2c00000, 0x0000000100000000)
  eden space 260096K, 0% used [0x00000000e0000000,0x00000000e0000000,0x00000000efe00000)
  from space 19456K, 98% used [0x00000000f1780000,0x00000000f2a25cf0,0x00000000f2a80000)
  to   space 23552K, 0% used [0x00000000efe00000,0x00000000efe00000,0x00000000f1500000)
 ParOldGen       total 175104K, used 50374K [0x00000000a0000000, 0x00000000aab00000, 0x00000000e0000000)
  object space 175104K, 28% used [0x00000000a0000000,0x00000000a3131948,0x00000000aab00000)
 Metaspace       used 78400K, capacity 81292K, committed 81408K, reserved 1120256K
  class space    used 10145K, capacity 10728K, committed 10752K, reserved 1048576K
}

Deoptimization events (10 events):
Event: 52.986 Thread 0x00000000199e3000 Uncommon trap: reason=array_check action=maybe_recompile pc=0x0000000004bba08c method=java.util.TimSort.binarySort([Ljava/lang/Object;IIILjava/util/Comparator;)V @ 193
Event: 53.171 Thread 0x0000000019eb2800 Uncommon trap: reason=class_check action=maybe_recompile pc=0x000000000493010c method=java.security.MessageDigest$Delegate.clone()Ljava/lang/Object; @ 4
Event: 53.563 Thread 0x0000000019eb2800 Uncommon trap: reason=class_check action=maybe_recompile pc=0x000000000366ed5c method=com.google.common.collect.ImmutableMap.copyOf(Ljava/util/Map;)Lcom/google/common/collect/ImmutableMap; @ 49
Event: 53.785 Thread 0x0000000002d32000 Uncommon trap: reason=unstable_if action=reinterpret pc=0x0000000003a897f8 method=java.lang.ref.Reference.tryHandlePending(Z)Z @ 20
Event: 54.014 Thread 0x000000001de60000 Uncommon trap: reason=unstable_if action=reinterpret pc=0x000000000409112c method=com.google.common.collect.MapMakerInternalMap$Segment.getEntry(Ljava/lang/Object;I)Lcom/google/common/collect/MapMakerInternalMap$InternalEntry; @ 40
Event: 54.070 Thread 0x000000001de60000 Uncommon trap: reason=unstable_if action=reinterpret pc=0x0000000003fbb1c0 method=java.util.concurrent.ConcurrentLinkedQueue.poll()Ljava/lang/Object; @ 25
Event: 54.343 Thread 0x000000001de64800 Uncommon trap: reason=predicate action=maybe_recompile pc=0x0000000004f0e13c method=java.util.TimSort.reverseRange([Ljava/lang/Object;II)V @ 8
Event: 54.752 Thread 0x000000001de64800 Uncommon trap: reason=array_check action=maybe_recompile pc=0x0000000004f7ff08 method=java.util.TimSort.reverseRange([Ljava/lang/Object;II)V @ 20
Event: 54.784 Thread 0x000000001de61000 Uncommon trap: reason=array_check action=maybe_recompile pc=0x0000000004f7ff08 method=java.util.TimSort.reverseRange([Ljava/lang/Object;II)V @ 20
Event: 55.700 Thread 0x000000001de61000 Uncommon trap: reason=array_check action=maybe_recompile pc=0x0000000004f7ff08 method=java.util.TimSort.reverseRange([Ljava/lang/Object;II)V @ 20

Classes redefined (0 events):
No events

Internal exceptions (10 events):
Event: 42.426 Thread 0x0000000019eb2800 Implicit null exception at 0x0000000003ae7d9e to 0x0000000003ae7f21
Event: 43.753 Thread 0x00000000199e3000 Exception <a 'sun/nio/fs/WindowsException'> (0x00000000ec3f2bc8) thrown at [D:\src\AOSP-openjdk-cygwin\jdk8u\hotspot\src\share\vm\prims\jni.cpp, line 710]
Event: 43.753 Thread 0x00000000199e3000 Exception <a 'sun/nio/fs/WindowsException'> (0x00000000ec3f3070) thrown at [D:\src\AOSP-openjdk-cygwin\jdk8u\hotspot\src\share\vm\prims\jni.cpp, line 710]
Event: 43.978 Thread 0x000000001de6b800 JVM_StopThread thread JavaThread 0x0000000000000000 as oop 0x00000000ed075fe8 [exception 0x000000002422aff0]
Event: 44.132 Thread 0x000000001de6b800 Exception <a 'java/lang/reflect/InvocationTargetException'> (0x00000000ed137af8) thrown at [D:\src\AOSP-openjdk-cygwin\jdk8u\hotspot\src\share\vm\runtime\reflection.cpp, line 1092]
Event: 44.149 Thread 0x0000000019eb2800 Exception <a 'sun/nio/fs/WindowsException'> (0x00000000eb62d7c0) thrown at [D:\src\AOSP-openjdk-cygwin\jdk8u\hotspot\src\share\vm\prims\jni.cpp, line 710]
Event: 52.986 Thread 0x00000000199e3000 Exception <a 'java/lang/NoSuchMethodError': <clinit>> (0x00000000ed2a04d8) thrown at [D:\src\AOSP-openjdk-cygwin\jdk8u\hotspot\src\share\vm\prims\jni.cpp, line 1614]
Event: 54.014 Thread 0x000000001de60000 Implicit null exception at 0x0000000004090ab2 to 0x0000000004091105
Event: 55.633 Thread 0x000000001de61000 Exception <a 'sun/nio/fs/WindowsException'> (0x00000000e2f772e8) thrown at [D:\src\AOSP-openjdk-cygwin\jdk8u\hotspot\src\share\vm\prims\jni.cpp, line 710]
Event: 55.633 Thread 0x000000001de61000 Exception <a 'sun/nio/fs/WindowsException'> (0x00000000e2f77790) thrown at [D:\src\AOSP-openjdk-cygwin\jdk8u\hotspot\src\share\vm\prims\jni.cpp, line 710]

Events (10 events):
Event: 54.790 Executing VM operation: RevokeBias done
Event: 54.791 Thread 0x000000001de69000 Thread added: 0x000000001de69000
Event: 54.794 Thread 0x000000001de6a800 Thread added: 0x000000001de6a800
Event: 54.794 Thread 0x000000001de66000 Thread added: 0x000000001de66000
Event: 55.700 Thread 0x000000001de61000 Uncommon trap: trap_request=0xffffffd6 fr.pc=0x0000000004f7ff08
Event: 55.700 Thread 0x000000001de61000 DEOPT PACKING pc=0x0000000004f7ff08 sp=0x000000002482dd70
Event: 55.700 Thread 0x000000001de61000 DEOPT UNPACKING pc=0x0000000002d8557b sp=0x000000002482dc60 mode 2
Event: 55.727 Executing VM operation: RevokeBias
Event: 55.727 Executing VM operation: RevokeBias done
Event: 55.793 Thread 0x000000001de6d000 Thread added: 0x000000001de6d000


Dynamic libraries:
0x00007ff7b9570000 - 0x00007ff7b95a1000 	F:\Android\jre\bin\java.exe
0x00007ffa69da0000 - 0x00007ffa69f90000 	C:\WINDOWS\SYSTEM32\ntdll.dll
0x00007ffa69690000 - 0x00007ffa69742000 	C:\WINDOWS\System32\KERNEL32.DLL
0x00007ffa677b0000 - 0x00007ffa67a53000 	C:\WINDOWS\System32\KERNELBASE.dll
0x00007ffa69cb0000 - 0x00007ffa69d53000 	C:\WINDOWS\System32\ADVAPI32.dll
0x00007ffa68150000 - 0x00007ffa681ee000 	C:\WINDOWS\System32\msvcrt.dll
0x00007ffa697c0000 - 0x00007ffa69857000 	C:\WINDOWS\System32\sechost.dll
0x00007ffa68ef0000 - 0x00007ffa69010000 	C:\WINDOWS\System32\RPCRT4.dll
0x00007ffa68c20000 - 0x00007ffa68db4000 	C:\WINDOWS\System32\USER32.dll
0x00007ffa67780000 - 0x00007ffa677a1000 	C:\WINDOWS\System32\win32u.dll
0x00007ffa69c80000 - 0x00007ffa69ca6000 	C:\WINDOWS\System32\GDI32.dll
0x00007ffa67530000 - 0x00007ffa676c4000 	C:\WINDOWS\System32\gdi32full.dll
0x00007ffa67c90000 - 0x00007ffa67d2e000 	C:\WINDOWS\System32\msvcp_win.dll
0x00007ffa67d30000 - 0x00007ffa67e2a000 	C:\WINDOWS\System32\ucrtbase.dll
0x00007ffa56e30000 - 0x00007ffa570b5000 	C:\WINDOWS\WinSxS\amd64_microsoft.windows.common-controls_6595b64144ccf1df_6.0.18362.778_none_e6c6b761130d4fb8\COMCTL32.dll
0x00007ffa688e0000 - 0x00007ffa68c16000 	C:\WINDOWS\System32\combase.dll
0x00007ffa674b0000 - 0x00007ffa67530000 	C:\WINDOWS\System32\bcryptPrimitives.dll
0x00007ffa69480000 - 0x00007ffa694ae000 	C:\WINDOWS\System32\IMM32.DLL
0x0000000052e00000 - 0x0000000052ed2000 	F:\Android\jre\jre\bin\msvcr100.dll
0x0000000052540000 - 0x0000000052d86000 	F:\Android\jre\jre\bin\server\jvm.dll
0x00007ffa68ee0000 - 0x00007ffa68ee8000 	C:\WINDOWS\System32\PSAPI.DLL
0x00007ffa634d0000 - 0x00007ffa634d9000 	C:\WINDOWS\SYSTEM32\WSOCK32.dll
0x00007ffa69750000 - 0x00007ffa697bf000 	C:\WINDOWS\System32\WS2_32.dll
0x00007ffa64db0000 - 0x00007ffa64dd4000 	C:\WINDOWS\SYSTEM32\WINMM.dll
0x00007ffa60150000 - 0x00007ffa6015a000 	C:\WINDOWS\SYSTEM32\VERSION.dll
0x00007ffa64e10000 - 0x00007ffa64e3d000 	C:\WINDOWS\SYSTEM32\WINMMBASE.dll
0x00007ffa676d0000 - 0x00007ffa6771a000 	C:\WINDOWS\System32\cfgmgr32.dll
0x00007ffa635b0000 - 0x00007ffa635bf000 	F:\Android\jre\jre\bin\verify.dll
0x00007ffa54bc0000 - 0x00007ffa54be9000 	F:\Android\jre\jre\bin\java.dll
0x00007ffa63590000 - 0x00007ffa635a6000 	F:\Android\jre\jre\bin\zip.dll
0x00007ffa681f0000 - 0x00007ffa688d5000 	C:\WINDOWS\System32\SHELL32.dll
0x00007ffa69b50000 - 0x00007ffa69bf9000 	C:\WINDOWS\System32\shcore.dll
0x00007ffa66d30000 - 0x00007ffa674b0000 	C:\WINDOWS\System32\windows.storage.dll
0x00007ffa66d00000 - 0x00007ffa66d23000 	C:\WINDOWS\System32\profapi.dll
0x00007ffa66c90000 - 0x00007ffa66cda000 	C:\WINDOWS\System32\powrprof.dll
0x00007ffa66c60000 - 0x00007ffa66c70000 	C:\WINDOWS\System32\UMPDC.dll
0x00007ffa68e80000 - 0x00007ffa68ed2000 	C:\WINDOWS\System32\shlwapi.dll
0x00007ffa66c70000 - 0x00007ffa66c81000 	C:\WINDOWS\System32\kernel.appcore.dll
0x00007ffa67e30000 - 0x00007ffa67e47000 	C:\WINDOWS\System32\cryptsp.dll
0x00007ffa60210000 - 0x00007ffa6022a000 	F:\Android\jre\jre\bin\net.dll
0x00007ffa56620000 - 0x00007ffa567f5000 	C:\WINDOWS\SYSTEM32\urlmon.dll
0x00007ffa57280000 - 0x00007ffa57526000 	C:\WINDOWS\SYSTEM32\iertutil.dll
0x00007ffa666a0000 - 0x00007ffa666ac000 	C:\WINDOWS\SYSTEM32\CRYPTBASE.DLL
0x00007ffa664d0000 - 0x00007ffa66537000 	C:\WINDOWS\system32\mswsock.dll
0x00007ffa601f0000 - 0x00007ffa60203000 	F:\Android\jre\jre\bin\nio.dll
0x00007ffa63510000 - 0x00007ffa63536000 	C:\Users\Acer\.gradle\native\30\windows-amd64\native-platform.dll
0x00007ffa602d0000 - 0x00007ffa602dd000 	F:\Android\jre\jre\bin\management.dll
0x00007ffa65fe0000 - 0x00007ffa66013000 	C:\WINDOWS\system32\rsaenh.dll
0x00007ffa67a60000 - 0x00007ffa67a86000 	C:\WINDOWS\System32\bcrypt.dll
0x00007ffa66b80000 - 0x00007ffa66ba5000 	C:\WINDOWS\SYSTEM32\USERENV.dll
0x00007ffa66180000 - 0x00007ffa661ba000 	C:\WINDOWS\SYSTEM32\IPHLPAPI.DLL
0x00007ffa68e70000 - 0x00007ffa68e78000 	C:\WINDOWS\System32\NSI.dll
0x00007ffa60130000 - 0x00007ffa60146000 	C:\WINDOWS\SYSTEM32\dhcpcsvc6.DLL
0x00007ffa5ff30000 - 0x00007ffa5ff4c000 	C:\WINDOWS\SYSTEM32\dhcpcsvc.DLL
0x00007ffa66220000 - 0x00007ffa662ea000 	C:\WINDOWS\SYSTEM32\DNSAPI.dll
0x00007ffa64f10000 - 0x00007ffa64f9f000 	C:\WINDOWS\system32\apphelp.dll
0x00007ffa1eba0000 - 0x00007ffa1ed3c000 	F:\Android\jre\jre\bin\awt.dll
0x00007ffa69a80000 - 0x00007ffa69b44000 	C:\WINDOWS\System32\OLEAUT32.dll
0x00007ffa65510000 - 0x00007ffa6553d000 	C:\WINDOWS\SYSTEM32\dwmapi.dll
0x00007ffa638b0000 - 0x00007ffa63e70000 	C:\WINDOWS\SYSTEM32\d2d1.dll
0x00007ffa64fe0000 - 0x00007ffa65079000 	C:\WINDOWS\system32\uxtheme.dll
0x00007ffa635e0000 - 0x00007ffa635fe000 	C:\Users\Acer\AppData\Local\Temp\native-platform5518736964708779287dir\native-platform.dll

VM Arguments:
jvm_args: -Xmx1536m -Dfile.encoding=windows-1252 -Duser.country=US -Duser.language=en -Duser.variant 
java_command: org.gradle.launcher.daemon.bootstrap.GradleDaemon 5.6.4
java_class_path (initial): C:\Users\Acer\.gradle\wrapper\dists\gradle-5.6.4-all\ankdp27end7byghfw1q2sw75f\gradle-5.6.4\lib\gradle-launcher-5.6.4.jar
Launcher Type: SUN_STANDARD

Environment Variables:
JAVA_HOME=C:\Program Files\Java\jdk1.8.0_191
CLASSPATH=.;
PATH=C:\Program Files (x86)\Razer Chroma SDK\bin;C:\Program Files\Razer Chroma SDK\bin;C:\Program Files (x86)\Razer\ChromaBroadcast\bin;C:\Program Files\Razer\ChromaBroadcast\bin;C:\Program Files (x86)\Common Files\Intel\Shared Libraries\redist\intel64\compiler;C:\Windows\system32;C:\Windows;C:\Windows\System32\Wbem;C:\Windows\System32\WindowsPowerShell\v1.0\;C:\Windows\System32\OpenSSH\;C:\Program Files (x86)\NVIDIA Corporation\PhysX\Common;C:\Users\Acer\AppData\Local\Microsoft\WindowsApps;C:\Users\Acer\AppData\Local\Programs\Microsoft VS Code\bin;C:\WINDOWS\system32;C:\WINDOWS;C:\WINDOWS\System32\Wbem;C:\WINDOWS\System32\WindowsPowerShell\v1.0\;C:\WINDOWS\System32\OpenSSH\;C:\Program Files\PuTTY\;C:\Program Files\NVIDIA Corporation\NVIDIA NvDLISR;C:\adb;C:\ProgramData\chocolatey\bin;C:\Program Files\Java\jdk1.8.0_191\bin;C:\Program Files\Git\cmd;C:\Program Files\nodejs\;C:\Program Files (x86)\Microsoft SQL Server\110\Tools\Binn\;C:\Program Files\Microsoft SQL Server\110\Tools\Binn\;C:\Program Files\Microsoft SQL Server\110\DTS\Binn\;C:\Program Files (x86)\Microsoft SQL Server\110\Tools\Binn\ManagementStudio\;C:\Program Files (x86)\Microsoft Visual Studio 10.0\Common7\IDE\PrivateAssemblies\;C:\Program Files (x86)\Microsoft SQL Server\110\DTS\Binn\;C:\Users\Acer\Documents\chromedriver_win32\;C:\Program Files\dotnet\;C:\Program Files (x86)\Yarn\bin\;C:\Users\Acer\AppData\Roaming\npm;C:\Users\Acer\AppData\Local\GitHubDesktop\bin;C:\Users\Acer\AppData\Local\Yarn\bin;C:\WINDOWS\system32;C:\WINDOWS;C:\WINDOWS\System32\Wbem;C:\WINDOWS\System32\WindowsPowerShell\v1.0\;C:\WINDOWS\System32\OpenSSH\;F:\python-3.7.2.exe;C:\Users\Acer\AppData\Local\Programs\Python\Python37-32\Scripts\;C:\Users\Acer\AppData\Local\Programs\Python\Python37-32\
USERNAME=Acer
OS=Windows_NT
PROCESSOR_IDENTIFIER=Intel64 Family 6 Model 158 Stepping 9, GenuineIntel



---------------  S Y S T E M  ---------------

OS: Windows 10.0 , 64 bit Build 18362 (10.0.18362.778)

CPU:total 4 (initial active 4) (4 cores per cpu, 1 threads per core) family 6 model 158 stepping 9, cmov, cx8, fxsr, mmx, sse, sse2, sse3, ssse3, sse4.1, sse4.2, popcnt, avx, avx2, aes, clmul, erms, 3dnowpref, lzcnt, tsc, tscinvbit, bmi1, bmi2, adx

Memory: 4k page, physical 16658020k(5129796k free), swap 17182308k(10140k free)

vm_info: OpenJDK 64-Bit Server VM (25.212-b04) for windows-amd64 JRE (1.8.0_212-release-1586-b04), built by "builder" with MS VC++ 10.0 (VS2010)

time: Wed Apr 29 16:50:18 2020
timezone: China Standard Time
elapsed time: 55 seconds (0d 0h 0m 55s)

