#
# There is insufficient memory for the Java Runtime Environment to continue.
# Native memory allocation (malloc) failed to allocate 1303856 bytes for Chunk::new
# Possible reasons:
#   The system is out of physical RAM or swap space
#   The process is running with CompressedOops enabled, and the Java Heap may be blocking the growth of the native heap
# Possible solutions:
#   Reduce memory load on the system
#   Increase physical memory or swap space
#   Check if swap backing store is full
#   Decrease Java heap size (-Xmx/-Xms)
#   Decrease number of Java threads
#   Decrease Java thread stack sizes (-Xss)
#   Set larger code cache with -XX:ReservedCodeCacheSize=
#   JVM is running with Unscaled Compressed Oops mode in which the Java heap is
#     placed in the first 4GB address space. The Java Heap base address is the
#     maximum limit for the native heap growth. Please use -XX:HeapBaseMinAddress
#     to set the Java Heap base and to place the Java Heap above 4GB virtual address.
# This output file may be truncated or incomplete.
#
#  Out of Memory Error (allocation.cpp:389), pid=17440, tid=0x0000000000001430
#
# JRE version: OpenJDK Runtime Environment (8.0_212-b04) (build 1.8.0_212-release-1586-b04)
# Java VM: OpenJDK 64-Bit Server VM (25.212-b04 mixed mode windows-amd64 compressed oops)
# Failed to write core dump. Minidumps are not enabled by default on client versions of Windows
#

---------------  T H R E A D  ---------------

Current thread (0x0000000016451800):  JavaThread "C2 CompilerThread1" daemon [_thread_in_native, id=5168, stack(0x0000000017ba0000,0x0000000017ca0000)]

Stack: [0x0000000017ba0000,0x0000000017ca0000]
[error occurred during error reporting (printing stack bounds), id 0xc0000005]

Native frames: (J=compiled Java code, j=interpreted, Vv=VM code, C=native code)


Current CompileTask:
C2:  39973 15001       4       com.android.tools.r8.u.b.M0::a (345 bytes)


---------------  P R O C E S S  ---------------

Java Threads: ( => current thread )
  0x000000001a97d800 JavaThread "ForkJoinPool.commonPool-worker-2" daemon [_thread_blocked, id=4732, stack(0x000000002bae0000,0x000000002bbe0000)]
  0x000000001a97c000 JavaThread "Cache worker for Java compile cache (C:\Users\Acer\Desktop\PersonalProjects\assandroidserver\.gradle\5.6.4\javaCompile)" [_thread_blocked, id=9200, stack(0x0000000026ea0000,0x0000000026fa0000)]
  0x000000001a97d000 JavaThread "Cache worker for Java compile cache (C:\Users\Acer\.gradle\caches\5.6.4\javaCompile)" [_thread_blocked, id=12724, stack(0x0000000026da0000,0x0000000026ea0000)]
  0x000000001a629000 JavaThread "RMI TCP Connection(1)-127.0.0.1" daemon [_thread_in_native, id=2952, stack(0x0000000026aa0000,0x0000000026ba0000)]
  0x000000001a628000 JavaThread "RMI Reaper" [_thread_blocked, id=2464, stack(0x00000000269a0000,0x0000000026aa0000)]
  0x000000001a623000 JavaThread "RMI TCP Accept-0" daemon [_thread_in_native, id=8592, stack(0x00000000268a0000,0x00000000269a0000)]
  0x000000001cb19000 JavaThread "GC Daemon" daemon [_thread_blocked, id=18660, stack(0x00000000267a0000,0x00000000268a0000)]
  0x000000001cb17800 JavaThread "RMI Scheduler(0)" daemon [_thread_blocked, id=18668, stack(0x00000000265a0000,0x00000000266a0000)]
  0x000000001cb15000 JavaThread "stdout" [_thread_in_native, id=12668, stack(0x0000000024ed0000,0x0000000024fd0000)]
  0x000000001cb0d800 JavaThread "stderr" [_thread_in_native, id=10752, stack(0x0000000024dd0000,0x0000000024ed0000)]
  0x000000001cb14800 JavaThread "stdout" [_thread_in_native, id=16972, stack(0x0000000024cd0000,0x0000000024dd0000)]
  0x000000001cb13800 JavaThread "stderr" [_thread_in_native, id=14416, stack(0x0000000024bd0000,0x0000000024cd0000)]
  0x000000001cb13000 JavaThread "stdout" [_thread_in_native, id=5260, stack(0x0000000024ad0000,0x0000000024bd0000)]
  0x000000001cb10800 JavaThread "stderr" [_thread_in_native, id=13904, stack(0x00000000249d0000,0x0000000024ad0000)]
  0x000000001cb12000 JavaThread "stdout" [_thread_in_native, id=1744, stack(0x00000000248d0000,0x00000000249d0000)]
  0x000000001cb10000 JavaThread "stderr" [_thread_in_native, id=17824, stack(0x00000000247d0000,0x00000000248d0000)]
  0x000000001cb11800 JavaThread "pool-2-thread-1" [_thread_blocked, id=18144, stack(0x00000000246d0000,0x00000000247d0000)]
  0x000000001cb0a000 JavaThread "MarlinRenderer Disposer" daemon [_thread_blocked, id=2236, stack(0x00000000245d0000,0x00000000246d0000)]
  0x000000001cb0c000 JavaThread "Java2D Disposer" daemon [_thread_blocked, id=18884, stack(0x0000000023ea0000,0x0000000023fa0000)]
  0x000000001cb0d000 JavaThread "WorkerExecutor Queue Thread 3" [_thread_blocked, id=13920, stack(0x00000000241d0000,0x00000000242d0000)]
  0x000000001cb0e800 JavaThread "WorkerExecutor Queue Thread 2" [_thread_blocked, id=9576, stack(0x00000000240d0000,0x00000000241d0000)]
  0x000000001cb0b800 JavaThread "WorkerExecutor Queue" [_thread_blocked, id=17828, stack(0x0000000023fd0000,0x00000000240d0000)]
  0x000000001a627800 JavaThread "Cache worker for execution history cache (C:\Users\Acer\Desktop\PersonalProjects\assandroidserver\.gradle\5.6.4\executionHistory)" [_thread_blocked, id=16724, stack(0x0000000023ba0000,0x0000000023ca0000)]
  0x000000001a624800 JavaThread "Execution worker for ':' Thread 3" [_thread_in_native, id=3460, stack(0x00000000238a0000,0x00000000239a0000)]
  0x000000001a626800 JavaThread "Execution worker for ':' Thread 2" [_thread_in_native, id=13576, stack(0x00000000237a0000,0x00000000238a0000)]
  0x000000001a625000 JavaThread "Execution worker for ':'" [_thread_in_Java, id=15560, stack(0x00000000236a0000,0x00000000237a0000)]
  0x000000001a626000 JavaThread "Cache worker for file content cache (C:\Users\Acer\Desktop\PersonalProjects\assandroidserver\.gradle\5.6.4\fileContent)" [_thread_blocked, id=17436, stack(0x00000000231a0000,0x00000000232a0000)]
  0x000000001a61c800 JavaThread "Cache worker for file content cache (C:\Users\Acer\.gradle\caches\5.6.4\fileContent)" [_thread_blocked, id=18080, stack(0x00000000230a0000,0x00000000231a0000)]
  0x000000001a623800 JavaThread "Memory manager" [_thread_blocked, id=17724, stack(0x0000000022d70000,0x0000000022e70000)]
  0x000000001a61d800 JavaThread "Cache worker for Build Output Cleanup Cache (C:\Users\Acer\Desktop\PersonalProjects\assandroidserver\.gradle\buildOutputCleanup)" [_thread_blocked, id=4540, stack(0x0000000021bd0000,0x0000000021cd0000)]
  0x000000001a622000 JavaThread "Build operations Thread 4" [_thread_blocked, id=18744, stack(0x00000000218d0000,0x00000000219d0000)]
  0x000000001a621800 JavaThread "Build operations Thread 3" [_thread_blocked, id=14344, stack(0x00000000217d0000,0x00000000218d0000)]
  0x000000001a61e000 JavaThread "Build operations Thread 2" [_thread_blocked, id=18220, stack(0x00000000216d0000,0x00000000217d0000)]
  0x000000001a61f000 JavaThread "Build operations" [_thread_blocked, id=8736, stack(0x00000000215d0000,0x00000000216d0000)]
  0x000000001a61f800 JavaThread "Cache worker for execution history cache (C:\Users\Acer\.gradle\caches\5.6.4\executionHistory)" [_thread_blocked, id=13276, stack(0x0000000020500000,0x0000000020600000)]
  0x000000001a61a800 JavaThread "Cache worker for cache directory md-rule (C:\Users\Acer\.gradle\caches\5.6.4\md-rule)" [_thread_blocked, id=16184, stack(0x0000000020400000,0x0000000020500000)]
  0x000000001a620800 JavaThread "Cache worker for cache directory md-supplier (C:\Users\Acer\.gradle\caches\5.6.4\md-supplier)" [_thread_blocked, id=12888, stack(0x0000000020300000,0x0000000020400000)]
  0x000000001a056000 JavaThread "Cache worker for file hash cache (C:\Users\Acer\Desktop\PersonalProjects\assandroidserver\.gradle\5.6.4\fileHashes)" [_thread_blocked, id=12448, stack(0x000000001fa00000,0x000000001fb00000)]
  0x000000001a055800 JavaThread "Cache worker for journal cache (C:\Users\Acer\.gradle\caches\journal-1)" [_thread_blocked, id=244, stack(0x000000001c1c0000,0x000000001c2c0000)]
  0x000000001a052800 JavaThread "File lock request listener" [_thread_in_native, id=9908, stack(0x000000001c0c0000,0x000000001c1c0000)]
  0x000000001a054800 JavaThread "Cache worker for file hash cache (C:\Users\Acer\.gradle\caches\5.6.4\fileHashes)" [_thread_blocked, id=17312, stack(0x000000001bfc0000,0x000000001c0c0000)]
  0x0000000019ebf800 JavaThread "Thread-9" [_thread_blocked, id=18732, stack(0x000000001bcc0000,0x000000001bdc0000)]
  0x0000000019ee2800 JavaThread "Stdin handler" [_thread_blocked, id=10576, stack(0x000000001bbc0000,0x000000001bcc0000)]
  0x0000000019ee1800 JavaThread "Asynchronous log dispatcher for DefaultDaemonConnection: socket connection from /127.0.0.1:52551 to /127.0.0.1:52552" [_thread_blocked, id=11568, stack(0x000000001bac0000,0x000000001bbc0000)]
  0x0000000019eca000 JavaThread "Daemon worker" [_thread_in_native, id=13880, stack(0x000000001b9c0000,0x000000001bac0000)]
  0x0000000019ec9000 JavaThread "Cancel handler" [_thread_blocked, id=1984, stack(0x000000001b8c0000,0x000000001b9c0000)]
  0x0000000019eaa800 JavaThread "Handler for socket connection from /127.0.0.1:52551 to /127.0.0.1:52552" [_thread_in_native, id=19352, stack(0x000000001b5c0000,0x000000001b6c0000)]
  0x0000000019ea8800 JavaThread "Daemon" [_thread_blocked, id=16016, stack(0x000000001b4c0000,0x000000001b5c0000)]
  0x0000000019e32800 JavaThread "Daemon periodic checks" [_thread_blocked, id=16332, stack(0x000000001b3c0000,0x000000001b4c0000)]
  0x0000000019e31800 JavaThread "Incoming local TCP Connector on port 52551" [_thread_in_native, id=124, stack(0x000000001b180000,0x000000001b280000)]
  0x0000000019d30000 JavaThread "Daemon health stats" [_thread_blocked, id=11996, stack(0x000000001ab40000,0x000000001ac40000)]
  0x0000000017dc8800 JavaThread "Service Thread" daemon [_thread_blocked, id=352, stack(0x00000000181a0000,0x00000000182a0000)]
  0x0000000016459800 JavaThread "C1 CompilerThread2" daemon [_thread_blocked, id=1936, stack(0x0000000017ca0000,0x0000000017da0000)]
=>0x0000000016451800 JavaThread "C2 CompilerThread1" daemon [_thread_in_native, id=5168, stack(0x0000000017ba0000,0x0000000017ca0000)]
  0x000000001644e000 JavaThread "C2 CompilerThread0" daemon [_thread_in_native, id=17380, stack(0x0000000017aa0000,0x0000000017ba0000)]
  0x000000001644b000 JavaThread "Attach Listener" daemon [_thread_blocked, id=12496, stack(0x00000000179a0000,0x0000000017aa0000)]
  0x000000001644a000 JavaThread "Signal Dispatcher" daemon [_thread_blocked, id=2224, stack(0x00000000178a0000,0x00000000179a0000)]
  0x0000000002adb800 JavaThread "Finalizer" daemon [_thread_blocked, id=15344, stack(0x00000000176a0000,0x00000000177a0000)]
  0x0000000016439000 JavaThread "Reference Handler" daemon [_thread_blocked, id=2176, stack(0x00000000175a0000,0x00000000176a0000)]
  0x0000000000f6e000 JavaThread "main" [_thread_blocked, id=4696, stack(0x0000000002810000,0x0000000002910000)]

Other Threads:
  0x0000000016417000 VMThread [stack: 0x00000000174a0000,0x00000000175a0000] [id=14116]
  0x0000000017dcb000 WatcherThread [stack: 0x00000000182a0000,0x00000000183a0000] [id=17832]

VM state:not at safepoint (normal execution)

VM Mutex/Monitor currently owned by a thread: None

heap address: 0x00000000a0000000, size: 1536 MB, Compressed Oops mode: 32-bit
Narrow klass base: 0x0000000000000000, Narrow klass shift: 3
Compressed class space size: 1073741824 Address: 0x0000000100000000

Heap:
 PSYoungGen      total 267264K, used 191896K [0x00000000e0000000, 0x00000000f2800000, 0x0000000100000000)
  eden space 237568K, 72% used [0x00000000e0000000,0x00000000ea948358,0x00000000ee800000)
  from space 29696K, 62% used [0x00000000f0480000,0x00000000f169dd00,0x00000000f2180000)
  to   space 29184K, 0% used [0x00000000ee800000,0x00000000ee800000,0x00000000f0480000)
 ParOldGen       total 233984K, used 47236K [0x00000000a0000000, 0x00000000ae480000, 0x00000000e0000000)
  object space 233984K, 20% used [0x00000000a0000000,0x00000000a2e21360,0x00000000ae480000)
 Metaspace       used 88825K, capacity 92744K, committed 93056K, reserved 1130496K
  class space    used 11837K, capacity 12597K, committed 12672K, reserved 1048576K

Card table byte_map: [0x0000000011ea0000,0x00000000121b0000] byte_map_base: 0x00000000119a0000

Marking Bits: (ParMarkBitMap*) 0x0000000052d09f30
 Begin Bits: [0x00000000127b0000, 0x0000000013fb0000)
 End Bits:   [0x0000000013fb0000, 0x00000000157b0000)

Polling page: 0x0000000000a10000

CodeCache: size=245760Kb used=41829Kb max_used=41850Kb free=203930Kb
 bounds [0x0000000002ae0000, 0x0000000005400000, 0x0000000011ae0000]
 total_blobs=13927 nmethods=12926 adapters=913
 compilation: enabled

Compilation events (10 events):
Event: 39.824 Thread 0x0000000016459800 15018       2       sun.security.action.GetPropertyAction::run (5 bytes)
Event: 39.824 Thread 0x0000000016459800 nmethod 15018 0x00000000053c0310 code [0x00000000053c04a0, 0x00000000053c06a8]
Event: 39.909 Thread 0x0000000016459800 15019       2       com.android.tools.r8.B.a.a.h::a (16 bytes)
Event: 39.909 Thread 0x0000000016459800 nmethod 15019 0x0000000005369f50 code [0x000000000536a0c0, 0x000000000536a248]
Event: 39.943 Thread 0x0000000016459800 15020       2       com.android.tools.r8.v.a.a.a.f.c0::get (106 bytes)
Event: 39.943 Thread 0x0000000016459800 nmethod 15020 0x00000000053bfbd0 code [0x00000000053bfd60, 0x00000000053c0050]
Event: 39.966 Thread 0x0000000016459800 15021 %     3       java.util.HashMap::getNode @ 98 (148 bytes)
Event: 39.966 Thread 0x0000000016459800 nmethod 15021% 0x00000000053be810 code [0x00000000053bea00, 0x00000000053bf728]
Event: 39.968 Thread 0x0000000016459800 15022       3       java.util.HashMap::getNode (148 bytes)
Event: 39.968 Thread 0x0000000016459800 nmethod 15022 0x00000000053bd510 code [0x00000000053bd700, 0x00000000053be368]

GC Heap History (10 events):
Event: 12.370 GC heap before
{Heap before GC invocations=13 (full 3):
 PSYoungGen      total 189952K, used 175104K [0x00000000e0000000, 0x00000000ee980000, 0x0000000100000000)
  eden space 175104K, 100% used [0x00000000e0000000,0x00000000eab00000,0x00000000eab00000)
  from space 14848K, 0% used [0x00000000eab00000,0x00000000eab00000,0x00000000eb980000)
  to   space 19968K, 0% used [0x00000000ed600000,0x00000000ed600000,0x00000000ee980000)
 ParOldGen       total 233984K, used 37778K [0x00000000a0000000, 0x00000000ae480000, 0x00000000e0000000)
  object space 233984K, 16% used [0x00000000a0000000,0x00000000a24e4af0,0x00000000ae480000)
 Metaspace       used 62787K, capacity 65044K, committed 65152K, reserved 1105920K
  class space    used 8557K, capacity 9029K, committed 9088K, reserved 1048576K
Event: 12.394 GC heap after
Heap after GC invocations=13 (full 3):
 PSYoungGen      total 216576K, used 19951K [0x00000000e0000000, 0x00000000eef00000, 0x0000000100000000)
  eden space 196608K, 0% used [0x00000000e0000000,0x00000000e0000000,0x00000000ec000000)
  from space 19968K, 99% used [0x00000000ed600000,0x00000000ee97bca0,0x00000000ee980000)
  to   space 22528K, 0% used [0x00000000ec000000,0x00000000ec000000,0x00000000ed600000)
 ParOldGen       total 233984K, used 38155K [0x00000000a0000000, 0x00000000ae480000, 0x00000000e0000000)
  object space 233984K, 16% used [0x00000000a0000000,0x00000000a2542ce8,0x00000000ae480000)
 Metaspace       used 62787K, capacity 65044K, committed 65152K, reserved 1105920K
  class space    used 8557K, capacity 9029K, committed 9088K, reserved 1048576K
}
Event: 19.635 GC heap before
{Heap before GC invocations=14 (full 3):
 PSYoungGen      total 216576K, used 216559K [0x00000000e0000000, 0x00000000eef00000, 0x0000000100000000)
  eden space 196608K, 100% used [0x00000000e0000000,0x00000000ec000000,0x00000000ec000000)
  from space 19968K, 99% used [0x00000000ed600000,0x00000000ee97bca0,0x00000000ee980000)
  to   space 22528K, 0% used [0x00000000ec000000,0x00000000ec000000,0x00000000ed600000)
 ParOldGen       total 233984K, used 38155K [0x00000000a0000000, 0x00000000ae480000, 0x00000000e0000000)
  object space 233984K, 16% used [0x00000000a0000000,0x00000000a2542ce8,0x00000000ae480000)
 Metaspace       used 72083K, capacity 74680K, committed 75008K, reserved 1114112K
  class space    used 9631K, capacity 10188K, committed 10240K, reserved 1048576K
Event: 19.655 GC heap after
Heap after GC invocations=14 (full 3):
 PSYoungGen      total 219136K, used 18413K [0x00000000e0000000, 0x00000000f0500000, 0x0000000100000000)
  eden space 196608K, 0% used [0x00000000e0000000,0x00000000e0000000,0x00000000ec000000)
  from space 22528K, 81% used [0x00000000ec000000,0x00000000ed1fb7e8,0x00000000ed600000)
  to   space 23552K, 0% used [0x00000000eee00000,0x00000000eee00000,0x00000000f0500000)
 ParOldGen       total 233984K, used 47204K [0x00000000a0000000, 0x00000000ae480000, 0x00000000e0000000)
  object space 233984K, 20% used [0x00000000a0000000,0x00000000a2e19360,0x00000000ae480000)
 Metaspace       used 72083K, capacity 74680K, committed 75008K, reserved 1114112K
  class space    used 9631K, capacity 10188K, committed 10240K, reserved 1048576K
}
Event: 28.890 GC heap before
{Heap before GC invocations=15 (full 3):
 PSYoungGen      total 219136K, used 215021K [0x00000000e0000000, 0x00000000f0500000, 0x0000000100000000)
  eden space 196608K, 100% used [0x00000000e0000000,0x00000000ec000000,0x00000000ec000000)
  from space 22528K, 81% used [0x00000000ec000000,0x00000000ed1fb7e8,0x00000000ed600000)
  to   space 23552K, 0% used [0x00000000eee00000,0x00000000eee00000,0x00000000f0500000)
 ParOldGen       total 233984K, used 47204K [0x00000000a0000000, 0x00000000ae480000, 0x00000000e0000000)
  object space 233984K, 20% used [0x00000000a0000000,0x00000000a2e19360,0x00000000ae480000)
 Metaspace       used 78777K, capacity 81640K, committed 81792K, reserved 1120256K
  class space    used 10529K, capacity 11119K, committed 11136K, reserved 1048576K
Event: 28.927 GC heap after
Heap after GC invocations=15 (full 3):
 PSYoungGen      total 240640K, used 23139K [0x00000000e0000000, 0x00000000f0800000, 0x0000000100000000)
  eden space 217088K, 0% used [0x00000000e0000000,0x00000000e0000000,0x00000000ed400000)
  from space 23552K, 98% used [0x00000000eee00000,0x00000000f0498cc8,0x00000000f0500000)
  to   space 26624K, 0% used [0x00000000ed400000,0x00000000ed400000,0x00000000eee00000)
 ParOldGen       total 233984K, used 47212K [0x00000000a0000000, 0x00000000ae480000, 0x00000000e0000000)
  object space 233984K, 20% used [0x00000000a0000000,0x00000000a2e1b360,0x00000000ae480000)
 Metaspace       used 78777K, capacity 81640K, committed 81792K, reserved 1120256K
  class space    used 10529K, capacity 11119K, committed 11136K, reserved 1048576K
}
Event: 36.486 GC heap before
{Heap before GC invocations=16 (full 3):
 PSYoungGen      total 240640K, used 240227K [0x00000000e0000000, 0x00000000f0800000, 0x0000000100000000)
  eden space 217088K, 100% used [0x00000000e0000000,0x00000000ed400000,0x00000000ed400000)
  from space 23552K, 98% used [0x00000000eee00000,0x00000000f0498cc8,0x00000000f0500000)
  to   space 26624K, 0% used [0x00000000ed400000,0x00000000ed400000,0x00000000eee00000)
 ParOldGen       total 233984K, used 47212K [0x00000000a0000000, 0x00000000ae480000, 0x00000000e0000000)
  object space 233984K, 20% used [0x00000000a0000000,0x00000000a2e1b360,0x00000000ae480000)
 Metaspace       used 88220K, capacity 92092K, committed 92288K, reserved 1128448K
  class space    used 11796K, capacity 12553K, committed 12672K, reserved 1048576K
Event: 36.514 GC heap after
Heap after GC invocations=16 (full 3):
 PSYoungGen      total 243712K, used 25344K [0x00000000e0000000, 0x00000000f2180000, 0x0000000100000000)
  eden space 217088K, 0% used [0x00000000e0000000,0x00000000e0000000,0x00000000ed400000)
  from space 26624K, 95% used [0x00000000ed400000,0x00000000eecc0340,0x00000000eee00000)
  to   space 29696K, 0% used [0x00000000f0480000,0x00000000f0480000,0x00000000f2180000)
 ParOldGen       total 233984K, used 47228K [0x00000000a0000000, 0x00000000ae480000, 0x00000000e0000000)
  object space 233984K, 20% used [0x00000000a0000000,0x00000000a2e1f360,0x00000000ae480000)
 Metaspace       used 88220K, capacity 92092K, committed 92288K, reserved 1128448K
  class space    used 11796K, capacity 12553K, committed 12672K, reserved 1048576K
}
Event: 38.192 GC heap before
{Heap before GC invocations=17 (full 3):
 PSYoungGen      total 243712K, used 242432K [0x00000000e0000000, 0x00000000f2180000, 0x0000000100000000)
  eden space 217088K, 100% used [0x00000000e0000000,0x00000000ed400000,0x00000000ed400000)
  from space 26624K, 95% used [0x00000000ed400000,0x00000000eecc0340,0x00000000eee00000)
  to   space 29696K, 0% used [0x00000000f0480000,0x00000000f0480000,0x00000000f2180000)
 ParOldGen       total 233984K, used 47228K [0x00000000a0000000, 0x00000000ae480000, 0x00000000e0000000)
  object space 233984K, 20% used [0x00000000a0000000,0x00000000a2e1f360,0x00000000ae480000)
 Metaspace       used 88628K, capacity 92514K, committed 92800K, reserved 1130496K
  class space    used 11817K, capacity 12590K, committed 12672K, reserved 1048576K
Event: 38.229 GC heap after
Heap after GC invocations=17 (full 3):
 PSYoungGen      total 267264K, used 18551K [0x00000000e0000000, 0x00000000f2800000, 0x0000000100000000)
  eden space 237568K, 0% used [0x00000000e0000000,0x00000000e0000000,0x00000000ee800000)
  from space 29696K, 62% used [0x00000000f0480000,0x00000000f169dd00,0x00000000f2180000)
  to   space 29184K, 0% used [0x00000000ee800000,0x00000000ee800000,0x00000000f0480000)
 ParOldGen       total 233984K, used 47236K [0x00000000a0000000, 0x00000000ae480000, 0x00000000e0000000)
  object space 233984K, 20% used [0x00000000a0000000,0x00000000a2e21360,0x00000000ae480000)
 Metaspace       used 88628K, capacity 92514K, committed 92800K, reserved 1130496K
  class space    used 11817K, capacity 12590K, committed 12672K, reserved 1048576K
}

Deoptimization events (10 events):
Event: 38.562 Thread 0x0000000019eca000 Uncommon trap: reason=unstable_if action=reinterpret pc=0x0000000004b97bf8 method=com.android.tools.r8.s.a.a.b.t0.b(I[Ljava/lang/Object;)Lcom/android/tools/r8/s/a/a/b/t0; @ 113
Event: 38.766 Thread 0x000000001a625000 Uncommon trap: reason=class_check action=maybe_recompile pc=0x000000000523c808 method=com.android.tools.r8.v.a.a.a.f.i.putAll(Ljava/util/Map;)V @ 3
Event: 38.766 Thread 0x000000001a625000 Uncommon trap: reason=class_check action=maybe_recompile pc=0x000000000523c808 method=com.android.tools.r8.v.a.a.a.f.i.putAll(Ljava/util/Map;)V @ 3
Event: 38.768 Thread 0x000000001a625000 Uncommon trap: reason=class_check action=maybe_recompile pc=0x000000000523c808 method=com.android.tools.r8.v.a.a.a.f.i.putAll(Ljava/util/Map;)V @ 3
Event: 38.816 Thread 0x0000000019eca000 Uncommon trap: reason=array_check action=maybe_recompile pc=0x000000000395eac4 method=java.util.TimSort.reverseRange([Ljava/lang/Object;II)V @ 27
Event: 38.816 Thread 0x0000000019eca000 Uncommon trap: reason=array_check action=maybe_recompile pc=0x000000000395eac4 method=java.util.TimSort.reverseRange([Ljava/lang/Object;II)V @ 27
Event: 39.942 Thread 0x000000001a625000 Uncommon trap: reason=unstable_if action=reinterpret pc=0x0000000003e29954 method=java.util.Collections$SetFromMap.add(Ljava/lang/Object;)Z @ 13
Event: 39.943 Thread 0x000000001a625000 Uncommon trap: reason=unstable_if action=reinterpret pc=0x0000000004e12004 method=com.android.tools.r8.v.a.a.a.f.c0.get(I)Ljava/lang/Object; @ 8
Event: 39.943 Thread 0x000000001a625000 Uncommon trap: reason=bimorphic action=maybe_recompile pc=0x00000000053c2e8c method=java.util.AbstractCollection.containsAll(Ljava/util/Collection;)Z @ 1
Event: 39.955 Thread 0x000000001a625000 Uncommon trap: reason=bimorphic action=maybe_recompile pc=0x00000000053c2e8c method=java.util.AbstractCollection.containsAll(Ljava/util/Collection;)Z @ 1

Classes redefined (0 events):
No events

Internal exceptions (10 events):
Event: 37.471 Thread 0x000000001a625000 Exception <a 'sun/nio/fs/WindowsException'> (0x00000000e95760e8) thrown at [D:\src\AOSP-openjdk-cygwin\jdk8u\hotspot\src\share\vm\prims\jni.cpp, line 710]
Event: 37.554 Thread 0x000000001a625000 Exception <a 'sun/nio/fs/WindowsException'> (0x00000000e9613a38) thrown at [D:\src\AOSP-openjdk-cygwin\jdk8u\hotspot\src\share\vm\prims\jni.cpp, line 710]
Event: 37.603 Thread 0x000000001a625000 Exception <a 'sun/nio/fs/WindowsException'> (0x00000000e9e00c40) thrown at [D:\src\AOSP-openjdk-cygwin\jdk8u\hotspot\src\share\vm\prims\jni.cpp, line 710]
Event: 37.643 Thread 0x000000001a626800 Exception <a 'sun/nio/fs/WindowsException'> (0x00000000e9e65258) thrown at [D:\src\AOSP-openjdk-cygwin\jdk8u\hotspot\src\share\vm\prims\jni.cpp, line 710]
Event: 37.669 Thread 0x000000001a626800 Exception <a 'sun/nio/fs/WindowsException'> (0x00000000ea3399a8) thrown at [D:\src\AOSP-openjdk-cygwin\jdk8u\hotspot\src\share\vm\prims\jni.cpp, line 710]
Event: 37.743 Thread 0x000000001a624800 Exception <a 'sun/nio/fs/WindowsException'> (0x00000000ea3fc258) thrown at [D:\src\AOSP-openjdk-cygwin\jdk8u\hotspot\src\share\vm\prims\jni.cpp, line 710]
Event: 37.761 Thread 0x0000000019eca000 Exception <a 'sun/nio/fs/WindowsException'> (0x00000000e7f83878) thrown at [D:\src\AOSP-openjdk-cygwin\jdk8u\hotspot\src\share\vm\prims\jni.cpp, line 710]
Event: 38.232 Thread 0x000000001a625000 Exception <a 'sun/nio/fs/WindowsException'> (0x00000000e0257d60) thrown at [D:\src\AOSP-openjdk-cygwin\jdk8u\hotspot\src\share\vm\prims\jni.cpp, line 710]
Event: 38.498 Thread 0x000000001a624800 Exception <a 'sun/nio/fs/WindowsException'> (0x00000000e40e90c0) thrown at [D:\src\AOSP-openjdk-cygwin\jdk8u\hotspot\src\share\vm\prims\jni.cpp, line 710]
Event: 38.822 Thread 0x0000000019eca000 Exception <a 'sun/nio/fs/WindowsException'> (0x00000000e7264f30) thrown at [D:\src\AOSP-openjdk-cygwin\jdk8u\hotspot\src\share\vm\prims\jni.cpp, line 710]

Events (10 events):
Event: 39.943 Thread 0x000000001a625000 Uncommon trap: trap_request=0xffffffc6 fr.pc=0x00000000053c2e8c
Event: 39.943 Thread 0x000000001a625000 DEOPT PACKING pc=0x00000000053c2e8c sp=0x000000002379a0a0
Event: 39.943 Thread 0x000000001a625000 DEOPT UNPACKING pc=0x0000000002b2557b sp=0x000000002379a068 mode 2
Event: 39.955 Thread 0x000000001a625000 Uncommon trap: trap_request=0xffffffc6 fr.pc=0x00000000053c2e8c
Event: 39.955 Thread 0x000000001a625000 DEOPT PACKING pc=0x00000000053c2e8c sp=0x000000002379a0a0
Event: 39.955 Thread 0x000000001a625000 DEOPT UNPACKING pc=0x0000000002b2557b sp=0x000000002379a068 mode 2
Event: 39.965 Thread 0x000000001a625000 DEOPT PACKING pc=0x0000000004be7760 sp=0x000000002379a6f0
Event: 39.965 Thread 0x000000001a625000 DEOPT UNPACKING pc=0x0000000002b275d0 sp=0x000000002379a538 mode 0
Event: 39.968 Thread 0x000000001a625000 DEOPT PACKING pc=0x0000000005114dd9 sp=0x000000002379a380
Event: 39.968 Thread 0x000000001a625000 DEOPT UNPACKING pc=0x0000000002b275d0 sp=0x000000002379a0c8 mode 0


Dynamic libraries:
0x00007ff7b9570000 - 0x00007ff7b95a1000 	F:\Android\jre\bin\java.exe
0x00007ffa69da0000 - 0x00007ffa69f90000 	C:\WINDOWS\SYSTEM32\ntdll.dll
0x00007ffa69690000 - 0x00007ffa69742000 	C:\WINDOWS\System32\KERNEL32.DLL
0x00007ffa677b0000 - 0x00007ffa67a53000 	C:\WINDOWS\System32\KERNELBASE.dll
0x00007ffa69cb0000 - 0x00007ffa69d53000 	C:\WINDOWS\System32\ADVAPI32.dll
0x00007ffa68150000 - 0x00007ffa681ee000 	C:\WINDOWS\System32\msvcrt.dll
0x00007ffa697c0000 - 0x00007ffa69857000 	C:\WINDOWS\System32\sechost.dll
0x00007ffa68ef0000 - 0x00007ffa69010000 	C:\WINDOWS\System32\RPCRT4.dll
0x00007ffa68c20000 - 0x00007ffa68db4000 	C:\WINDOWS\System32\USER32.dll
0x00007ffa67780000 - 0x00007ffa677a1000 	C:\WINDOWS\System32\win32u.dll
0x00007ffa69c80000 - 0x00007ffa69ca6000 	C:\WINDOWS\System32\GDI32.dll
0x00007ffa67530000 - 0x00007ffa676c4000 	C:\WINDOWS\System32\gdi32full.dll
0x00007ffa67c90000 - 0x00007ffa67d2e000 	C:\WINDOWS\System32\msvcp_win.dll
0x00007ffa67d30000 - 0x00007ffa67e2a000 	C:\WINDOWS\System32\ucrtbase.dll
0x00007ffa56e30000 - 0x00007ffa570b5000 	C:\WINDOWS\WinSxS\amd64_microsoft.windows.common-controls_6595b64144ccf1df_6.0.18362.778_none_e6c6b761130d4fb8\COMCTL32.dll
0x00007ffa688e0000 - 0x00007ffa68c16000 	C:\WINDOWS\System32\combase.dll
0x00007ffa674b0000 - 0x00007ffa67530000 	C:\WINDOWS\System32\bcryptPrimitives.dll
0x00007ffa69480000 - 0x00007ffa694ae000 	C:\WINDOWS\System32\IMM32.DLL
0x0000000052e00000 - 0x0000000052ed2000 	F:\Android\jre\jre\bin\msvcr100.dll
0x0000000052540000 - 0x0000000052d86000 	F:\Android\jre\jre\bin\server\jvm.dll
0x00007ffa68ee0000 - 0x00007ffa68ee8000 	C:\WINDOWS\System32\PSAPI.DLL
0x00007ffa634d0000 - 0x00007ffa634d9000 	C:\WINDOWS\SYSTEM32\WSOCK32.dll
0x00007ffa69750000 - 0x00007ffa697bf000 	C:\WINDOWS\System32\WS2_32.dll
0x00007ffa64db0000 - 0x00007ffa64dd4000 	C:\WINDOWS\SYSTEM32\WINMM.dll
0x00007ffa60150000 - 0x00007ffa6015a000 	C:\WINDOWS\SYSTEM32\VERSION.dll
0x00007ffa64e10000 - 0x00007ffa64e3d000 	C:\WINDOWS\SYSTEM32\WINMMBASE.dll
0x00007ffa676d0000 - 0x00007ffa6771a000 	C:\WINDOWS\System32\cfgmgr32.dll
0x00007ffa635b0000 - 0x00007ffa635bf000 	F:\Android\jre\jre\bin\verify.dll
0x00007ffa63510000 - 0x00007ffa63539000 	F:\Android\jre\jre\bin\java.dll
0x00007ffa63590000 - 0x00007ffa635a6000 	F:\Android\jre\jre\bin\zip.dll
0x00007ffa681f0000 - 0x00007ffa688d5000 	C:\WINDOWS\System32\SHELL32.dll
0x00007ffa69b50000 - 0x00007ffa69bf9000 	C:\WINDOWS\System32\shcore.dll
0x00007ffa66d30000 - 0x00007ffa674b0000 	C:\WINDOWS\System32\windows.storage.dll
0x00007ffa66d00000 - 0x00007ffa66d23000 	C:\WINDOWS\System32\profapi.dll
0x00007ffa66c90000 - 0x00007ffa66cda000 	C:\WINDOWS\System32\powrprof.dll
0x00007ffa66c60000 - 0x00007ffa66c70000 	C:\WINDOWS\System32\UMPDC.dll
0x00007ffa68e80000 - 0x00007ffa68ed2000 	C:\WINDOWS\System32\shlwapi.dll
0x00007ffa66c70000 - 0x00007ffa66c81000 	C:\WINDOWS\System32\kernel.appcore.dll
0x00007ffa67e30000 - 0x00007ffa67e47000 	C:\WINDOWS\System32\cryptsp.dll
0x00007ffa61190000 - 0x00007ffa611aa000 	F:\Android\jre\jre\bin\net.dll
0x00007ffa56620000 - 0x00007ffa567f5000 	C:\WINDOWS\SYSTEM32\urlmon.dll
0x00007ffa57280000 - 0x00007ffa57526000 	C:\WINDOWS\SYSTEM32\iertutil.dll
0x00007ffa666a0000 - 0x00007ffa666ac000 	C:\WINDOWS\SYSTEM32\CRYPTBASE.DLL
0x00007ffa664d0000 - 0x00007ffa66537000 	C:\WINDOWS\system32\mswsock.dll
0x00007ffa602f0000 - 0x00007ffa60303000 	F:\Android\jre\jre\bin\nio.dll
0x00007ffa54bc0000 - 0x00007ffa54be6000 	C:\Users\Acer\.gradle\native\30\windows-amd64\native-platform.dll
0x00007ffa635f0000 - 0x00007ffa635fd000 	F:\Android\jre\jre\bin\management.dll
0x00007ffa65fe0000 - 0x00007ffa66013000 	C:\WINDOWS\system32\rsaenh.dll
0x00007ffa67a60000 - 0x00007ffa67a86000 	C:\WINDOWS\System32\bcrypt.dll
0x00007ffa66b80000 - 0x00007ffa66ba5000 	C:\WINDOWS\SYSTEM32\USERENV.dll
0x00007ffa66180000 - 0x00007ffa661ba000 	C:\WINDOWS\SYSTEM32\IPHLPAPI.DLL
0x00007ffa68e70000 - 0x00007ffa68e78000 	C:\WINDOWS\System32\NSI.dll
0x00007ffa60130000 - 0x00007ffa60146000 	C:\WINDOWS\SYSTEM32\dhcpcsvc6.DLL
0x00007ffa5ff30000 - 0x00007ffa5ff4c000 	C:\WINDOWS\SYSTEM32\dhcpcsvc.DLL
0x00007ffa66220000 - 0x00007ffa662ea000 	C:\WINDOWS\SYSTEM32\DNSAPI.dll
0x00007ffa3b330000 - 0x00007ffa3b4cc000 	F:\Android\jre\jre\bin\awt.dll
0x00007ffa69a80000 - 0x00007ffa69b44000 	C:\WINDOWS\System32\OLEAUT32.dll
0x00007ffa65510000 - 0x00007ffa6553d000 	C:\WINDOWS\SYSTEM32\dwmapi.dll
0x00007ffa638b0000 - 0x00007ffa63e70000 	C:\WINDOWS\SYSTEM32\d2d1.dll
0x00007ffa64f10000 - 0x00007ffa64f9f000 	C:\WINDOWS\SYSTEM32\apphelp.dll
0x00007ffa64fe0000 - 0x00007ffa65079000 	C:\WINDOWS\system32\uxtheme.dll

VM Arguments:
jvm_args: -Xmx1536m -Dfile.encoding=windows-1252 -Duser.country=US -Duser.language=en -Duser.variant 
java_command: org.gradle.launcher.daemon.bootstrap.GradleDaemon 5.6.4
java_class_path (initial): C:\Users\Acer\.gradle\wrapper\dists\gradle-5.6.4-all\ankdp27end7byghfw1q2sw75f\gradle-5.6.4\lib\gradle-launcher-5.6.4.jar
Launcher Type: SUN_STANDARD

Environment Variables:
JAVA_HOME=C:\Program Files\Java\jdk1.8.0_191
CLASSPATH=.;
PATH=C:\Program Files (x86)\Razer Chroma SDK\bin;C:\Program Files\Razer Chroma SDK\bin;C:\Program Files (x86)\Razer\ChromaBroadcast\bin;C:\Program Files\Razer\ChromaBroadcast\bin;C:\Program Files (x86)\Common Files\Intel\Shared Libraries\redist\intel64\compiler;C:\Windows\system32;C:\Windows;C:\Windows\System32\Wbem;C:\Windows\System32\WindowsPowerShell\v1.0\;C:\Windows\System32\OpenSSH\;C:\Program Files (x86)\NVIDIA Corporation\PhysX\Common;C:\Users\Acer\AppData\Local\Microsoft\WindowsApps;C:\Users\Acer\AppData\Local\Programs\Microsoft VS Code\bin;C:\WINDOWS\system32;C:\WINDOWS;C:\WINDOWS\System32\Wbem;C:\WINDOWS\System32\WindowsPowerShell\v1.0\;C:\WINDOWS\System32\OpenSSH\;C:\Program Files\PuTTY\;C:\Program Files\NVIDIA Corporation\NVIDIA NvDLISR;C:\adb;C:\ProgramData\chocolatey\bin;C:\Program Files\Java\jdk1.8.0_191\bin;C:\Program Files\Git\cmd;C:\Program Files\nodejs\;C:\Program Files (x86)\Microsoft SQL Server\110\Tools\Binn\;C:\Program Files\Microsoft SQL Server\110\Tools\Binn\;C:\Program Files\Microsoft SQL Server\110\DTS\Binn\;C:\Program Files (x86)\Microsoft SQL Server\110\Tools\Binn\ManagementStudio\;C:\Program Files (x86)\Microsoft Visual Studio 10.0\Common7\IDE\PrivateAssemblies\;C:\Program Files (x86)\Microsoft SQL Server\110\DTS\Binn\;C:\Users\Acer\Documents\chromedriver_win32\;C:\Program Files\dotnet\;C:\Program Files (x86)\Yarn\bin\;C:\Users\Acer\AppData\Roaming\npm;C:\Users\Acer\AppData\Local\GitHubDesktop\bin;C:\Users\Acer\AppData\Local\Yarn\bin;C:\WINDOWS\system32;C:\WINDOWS;C:\WINDOWS\System32\Wbem;C:\WINDOWS\System32\WindowsPowerShell\v1.0\;C:\WINDOWS\System32\OpenSSH\;F:\python-3.7.2.exe;C:\Users\Acer\AppData\Local\Programs\Python\Python37-32\Scripts\;C:\Users\Acer\AppData\Local\Programs\Python\Python37-32\
USERNAME=Acer
OS=Windows_NT
PROCESSOR_IDENTIFIER=Intel64 Family 6 Model 158 Stepping 9, GenuineIntel



---------------  S Y S T E M  ---------------

OS: Windows 10.0 , 64 bit Build 18362 (10.0.18362.778)

CPU:total 4 (initial active 4) (4 cores per cpu, 1 threads per core) family 6 model 158 stepping 9, cmov, cx8, fxsr, mmx, sse, sse2, sse3, ssse3, sse4.1, sse4.2, popcnt, avx, avx2, aes, clmul, erms, 3dnowpref, lzcnt, tsc, tscinvbit, bmi1, bmi2, adx

Memory: 4k page, physical 16658020k(5197724k free), swap 17182308k(5248k free)

vm_info: OpenJDK 64-Bit Server VM (25.212-b04) for windows-amd64 JRE (1.8.0_212-release-1586-b04), built by "builder" with MS VC++ 10.0 (VS2010)

time: Wed Apr 29 16:58:54 2020
timezone: China Standard Time
elapsed time: 39 seconds (0d 0h 0m 39s)

