#
# There is insufficient memory for the Java Runtime Environment to continue.
# Native memory allocation (malloc) failed to allocate 840656 bytes for Chunk::new
# Possible reasons:
#   The system is out of physical RAM or swap space
#   The process is running with CompressedOops enabled, and the Java Heap may be blocking the growth of the native heap
# Possible solutions:
#   Reduce memory load on the system
#   Increase physical memory or swap space
#   Check if swap backing store is full
#   Decrease Java heap size (-Xmx/-Xms)
#   Decrease number of Java threads
#   Decrease Java thread stack sizes (-Xss)
#   Set larger code cache with -XX:ReservedCodeCacheSize=
#   JVM is running with Unscaled Compressed Oops mode in which the Java heap is
#     placed in the first 4GB address space. The Java Heap base address is the
#     maximum limit for the native heap growth. Please use -XX:HeapBaseMinAddress
#     to set the Java Heap base and to place the Java Heap above 4GB virtual address.
# This output file may be truncated or incomplete.
#
#  Out of Memory Error (allocation.cpp:389), pid=808, tid=0x00000000000044a4
#
# JRE version: OpenJDK Runtime Environment (8.0_212-b04) (build 1.8.0_212-release-1586-b04)
# Java VM: OpenJDK 64-Bit Server VM (25.212-b04 mixed mode windows-amd64 compressed oops)
# Failed to write core dump. Minidumps are not enabled by default on client versions of Windows
#

---------------  T H R E A D  ---------------

Current thread (0x0000000015c6a800):  JavaThread "C2 CompilerThread0" daemon [_thread_in_native, id=17572, stack(0x00000000172d0000,0x00000000173d0000)]

Stack: [0x00000000172d0000,0x00000000173d0000]
[error occurred during error reporting (printing stack bounds), id 0xc0000005]

Native frames: (J=compiled Java code, j=interpreted, Vv=VM code, C=native code)


Current CompileTask:
C2:  16422 9210   !   4       java.io.ObjectInputStream::readSerialData (367 bytes)


---------------  P R O C E S S  ---------------

Java Threads: ( => current thread )
  0x0000000018a68800 JavaThread "stdout" [_thread_in_native, id=17548, stack(0x0000000024d30000,0x0000000024e30000)]
  0x0000000018a66000 JavaThread "stderr" [_thread_in_native, id=5220, stack(0x0000000024c30000,0x0000000024d30000)]
  0x0000000018a67800 JavaThread "stdout" [_thread_in_native, id=16448, stack(0x0000000024b30000,0x0000000024c30000)]
  0x0000000018a64800 JavaThread "stderr" [_thread_in_native, id=17800, stack(0x0000000024a30000,0x0000000024b30000)]
  0x000000001eaf1800 JavaThread "stdout" [_thread_in_native, id=18980, stack(0x0000000024930000,0x0000000024a30000)]
  0x000000001eaef000 JavaThread "stderr" [_thread_in_native, id=9704, stack(0x0000000024830000,0x0000000024930000)]
  0x000000001eaed800 JavaThread "stdout" [_thread_in_native, id=18180, stack(0x0000000024730000,0x0000000024830000)]
  0x000000001eaf0800 JavaThread "stderr" [_thread_in_native, id=7960, stack(0x0000000024630000,0x0000000024730000)]
  0x000000001eaee800 JavaThread "pool-3-thread-1" [_thread_blocked, id=14668, stack(0x0000000024530000,0x0000000024630000)]
  0x000000001eaf2000 JavaThread "MarlinRenderer Disposer" daemon [_thread_blocked, id=5100, stack(0x0000000024180000,0x0000000024280000)]
  0x000000001eaed000 JavaThread "Java2D Disposer" daemon [_thread_blocked, id=9160, stack(0x0000000024080000,0x0000000024180000)]
  0x000000001eae5800 JavaThread "WorkerExecutor Queue Thread 4" [_thread_blocked, id=16252, stack(0x0000000023d80000,0x0000000023e80000)]
  0x000000001eaec000 JavaThread "WorkerExecutor Queue Thread 3" [_thread_blocked, id=19196, stack(0x0000000023b70000,0x0000000023c70000)]
  0x000000001eaeb800 JavaThread "WorkerExecutor Queue Thread 2" [_thread_blocked, id=5188, stack(0x0000000023c80000,0x0000000023d80000)]
  0x000000001eae7800 JavaThread "WorkerExecutor Queue" [_thread_blocked, id=5328, stack(0x0000000023a70000,0x0000000023b70000)]
  0x000000001eae3000 JavaThread "Cache worker for execution history cache (C:\Users\Acer\Desktop\Personal Projects\assandroidserver\.gradle\5.6.4\executionHistory)" [_thread_blocked, id=17372, stack(0x0000000023770000,0x0000000023870000)]
  0x000000001eae6000 JavaThread "Execution worker for ':' Thread 3" [_thread_blocked, id=4580, stack(0x0000000023670000,0x0000000023770000)]
  0x0000000019730800 JavaThread "Execution worker for ':' Thread 2" [_thread_blocked, id=13996, stack(0x0000000023280000,0x0000000023380000)]
  0x0000000019730000 JavaThread "Execution worker for ':'" [_thread_blocked, id=12888, stack(0x0000000023180000,0x0000000023280000)]
  0x000000001c2ab800 JavaThread "Cache worker for file content cache (C:\Users\Acer\Desktop\Personal Projects\assandroidserver\.gradle\5.6.4\fileContent)" [_thread_blocked, id=4036, stack(0x0000000022e80000,0x0000000022f80000)]
  0x000000001c2b1000 JavaThread "Cache worker for file content cache (C:\Users\Acer\.gradle\caches\5.6.4\fileContent)" [_thread_blocked, id=16560, stack(0x0000000022d80000,0x0000000022e80000)]
  0x000000001c2b0000 JavaThread "Memory manager" [_thread_blocked, id=9656, stack(0x0000000022c80000,0x0000000022d80000)]
  0x000000001c2ac800 JavaThread "Cache worker for Build Output Cleanup Cache (C:\Users\Acer\Desktop\Personal Projects\assandroidserver\.gradle\buildOutputCleanup)" [_thread_blocked, id=5684, stack(0x0000000022b80000,0x0000000022c80000)]
  0x000000001c2af800 JavaThread "Build operations Thread 4" [_thread_blocked, id=10228, stack(0x00000000225e0000,0x00000000226e0000)]
  0x000000001c2b1800 JavaThread "Build operations Thread 3" [_thread_blocked, id=16968, stack(0x00000000214c0000,0x00000000215c0000)]
  0x000000001c2ae000 JavaThread "Build operations Thread 2" [_thread_blocked, id=7652, stack(0x00000000213c0000,0x00000000214c0000)]
  0x000000001c2a4000 JavaThread "Build operations" [_thread_blocked, id=6824, stack(0x00000000212c0000,0x00000000213c0000)]
  0x000000001c2ab000 JavaThread "Cache worker for cache directory md-rule (C:\Users\Acer\.gradle\caches\5.6.4\md-rule)" [_thread_blocked, id=3732, stack(0x00000000211c0000,0x00000000212c0000)]
  0x000000001c2aa000 JavaThread "Cache worker for cache directory md-supplier (C:\Users\Acer\.gradle\caches\5.6.4\md-supplier)" [_thread_blocked, id=19420, stack(0x00000000210c0000,0x00000000211c0000)]
  0x000000001c2a5000 JavaThread "Cache worker for file hash cache (C:\Users\Acer\Desktop\Personal Projects\assandroidserver\.gradle\5.6.4\fileHashes)" [_thread_blocked, id=19424, stack(0x0000000020b90000,0x0000000020c90000)]
  0x000000001c2a3800 JavaThread "Thread-29" [_thread_blocked, id=13644, stack(0x000000001e510000,0x000000001e610000)]
  0x000000001c2a2800 JavaThread "Stdin handler" [_thread_blocked, id=13104, stack(0x000000001e190000,0x000000001e290000)]
  0x000000001c2a8000 JavaThread "Asynchronous log dispatcher for DefaultDaemonConnection: socket connection from /127.0.0.1:52209 to /127.0.0.1:52218" [_thread_blocked, id=13400, stack(0x000000001b4f0000,0x000000001b5f0000)]
  0x000000001c2a6800 JavaThread "Cancel handler" [_thread_blocked, id=9504, stack(0x000000001b0f0000,0x000000001b1f0000)]
  0x000000001c2a9800 JavaThread "Handler for socket connection from /127.0.0.1:52209 to /127.0.0.1:52218" [_thread_in_native, id=15872, stack(0x000000001adf0000,0x000000001aef0000)]
  0x000000001c2a8800 JavaThread "Cache worker for execution history cache (C:\Users\Acer\.gradle\caches\5.6.4\executionHistory)" [_thread_blocked, id=18348, stack(0x0000000020a90000,0x0000000020b90000)]
  0x0000000019731800 JavaThread "Cache worker for journal cache (C:\Users\Acer\.gradle\caches\journal-1)" [_thread_blocked, id=8892, stack(0x000000001b9f0000,0x000000001baf0000)]
  0x0000000019732000 JavaThread "File lock request listener" [_thread_in_native, id=11336, stack(0x000000001b8f0000,0x000000001b9f0000)]
  0x0000000019736000 JavaThread "Cache worker for file hash cache (C:\Users\Acer\.gradle\caches\5.6.4\fileHashes)" [_thread_blocked, id=18204, stack(0x000000001b5f0000,0x000000001b6f0000)]
  0x0000000019595800 JavaThread "Daemon worker" [_thread_blocked, id=19248, stack(0x000000001b1f0000,0x000000001b2f0000)]
  0x000000001958a800 JavaThread "Daemon" [_thread_blocked, id=18380, stack(0x000000001acf0000,0x000000001adf0000)]
  0x000000001952a800 JavaThread "Daemon periodic checks" [_thread_blocked, id=18156, stack(0x000000001abf0000,0x000000001acf0000)]
  0x00000000195e0000 JavaThread "Incoming local TCP Connector on port 52209" [_thread_in_native, id=2668, stack(0x000000001a9b0000,0x000000001aab0000)]
  0x00000000194ac000 JavaThread "Daemon health stats" [_thread_blocked, id=17036, stack(0x000000001a370000,0x000000001a470000)]
  0x0000000017603000 JavaThread "Service Thread" daemon [_thread_blocked, id=16136, stack(0x00000000179d0000,0x0000000017ad0000)]
  0x0000000015cbd800 JavaThread "C1 CompilerThread2" daemon [_thread_blocked, id=16064, stack(0x00000000174d0000,0x00000000175d0000)]
  0x0000000015c8c000 JavaThread "C2 CompilerThread1" daemon [_thread_blocked, id=10440, stack(0x00000000173d0000,0x00000000174d0000)]
=>0x0000000015c6a800 JavaThread "C2 CompilerThread0" daemon [_thread_in_native, id=17572, stack(0x00000000172d0000,0x00000000173d0000)]
  0x0000000015c77000 JavaThread "Attach Listener" daemon [_thread_blocked, id=16632, stack(0x00000000171d0000,0x00000000172d0000)]
  0x0000000015c75800 JavaThread "Signal Dispatcher" daemon [_thread_blocked, id=17328, stack(0x00000000170d0000,0x00000000171d0000)]
  0x000000000221b800 JavaThread "Finalizer" daemon [_thread_blocked, id=11480, stack(0x0000000016ed0000,0x0000000016fd0000)]
  0x0000000002212000 JavaThread "Reference Handler" daemon [_thread_blocked, id=2360, stack(0x0000000016dd0000,0x0000000016ed0000)]
  0x00000000022fe000 JavaThread "main" [_thread_blocked, id=4000, stack(0x0000000001ff0000,0x00000000020f0000)]

Other Threads:
  0x0000000015c36000 VMThread [stack: 0x0000000016cd0000,0x0000000016dd0000] [id=8840]
  0x0000000017604000 WatcherThread [stack: 0x0000000017ad0000,0x0000000017bd0000] [id=2676]

VM state:not at safepoint (normal execution)

VM Mutex/Monitor currently owned by a thread: None

heap address: 0x00000000a0000000, size: 1536 MB, Compressed Oops mode: 32-bit
Narrow klass base: 0x0000000000000000, Narrow klass shift: 3
Compressed class space size: 1073741824 Address: 0x0000000100000000

Heap:
 PSYoungGen      total 311296K, used 110897K [0x00000000e0000000, 0x00000000f5a80000, 0x0000000100000000)
  eden space 291328K, 31% used [0x00000000e0000000,0x00000000e58cf350,0x00000000f1c80000)
  from space 19968K, 99% used [0x00000000f4700000,0x00000000f5a7d1c8,0x00000000f5a80000)
  to   space 23552K, 0% used [0x00000000f2c80000,0x00000000f2c80000,0x00000000f4380000)
 ParOldGen       total 150016K, used 38882K [0x00000000a0000000, 0x00000000a9280000, 0x00000000e0000000)
  object space 150016K, 25% used [0x00000000a0000000,0x00000000a25f88a0,0x00000000a9280000)
 Metaspace       used 69182K, capacity 71530K, committed 71808K, reserved 1112064K
  class space    used 9082K, capacity 9550K, committed 9600K, reserved 1048576K

Card table byte_map: [0x00000000116c0000,0x00000000119d0000] byte_map_base: 0x00000000111c0000

Marking Bits: (ParMarkBitMap*) 0x0000000052d09f30
 Begin Bits: [0x0000000011fd0000, 0x00000000137d0000)
 End Bits:   [0x00000000137d0000, 0x0000000014fd0000)

Polling page: 0x0000000000510000

CodeCache: size=245760Kb used=26620Kb max_used=26755Kb free=219139Kb
 bounds [0x0000000002300000, 0x0000000003d80000, 0x0000000011300000]
 total_blobs=8975 nmethods=8064 adapters=824
 compilation: enabled

Compilation events (10 events):
Event: 16.312 Thread 0x0000000015c6a800 9204       4       java.io.ObjectInputStream::defaultReadFields (199 bytes)
Event: 16.337 Thread 0x0000000015c6a800 nmethod 9204 0x0000000002fff290 code [0x0000000002fff4a0, 0x00000000030008a0]
Event: 16.338 Thread 0x0000000015c6a800 9208       4       java.io.ObjectStreamClass$FieldReflector::setObjFieldValues (248 bytes)
Event: 16.341 Thread 0x0000000015c6a800 nmethod 9208 0x0000000003800810 code [0x0000000003800960, 0x0000000003800cf8]
Event: 16.341 Thread 0x0000000015c6a800 9210   !   4       java.io.ObjectInputStream::readSerialData (367 bytes)
Event: 16.379 Thread 0x0000000015c8c000 nmethod 9175 0x0000000003d5e6d0 code [0x0000000003d5f1e0, 0x0000000003d68aa8]
Event: 16.380 Thread 0x0000000015c8c000 9176       4       java.io.ObjectInputStream$HandleTable::markDependency (171 bytes)
Event: 16.386 Thread 0x0000000015c8c000 nmethod 9176 0x0000000002f72150 code [0x0000000002f722e0, 0x0000000002f729a8]
Event: 16.418 Thread 0x0000000015cbd800 9229 %     3       sun.nio.cs.SingleByte$Decoder::decodeArrayLoop @ 88 (154 bytes)
Event: 16.419 Thread 0x0000000015cbd800 nmethod 9229% 0x00000000038f6950 code [0x00000000038f6d00, 0x00000000038f8d88]

GC Heap History (10 events):
Event: 5.371 GC heap before
{Heap before GC invocations=9 (full 2):
 PSYoungGen      total 137728K, used 10958K [0x00000000e0000000, 0x00000000eff80000, 0x0000000100000000)
  eden space 124928K, 0% used [0x00000000e0000000,0x00000000e0000000,0x00000000e7a00000)
  from space 12800K, 85% used [0x00000000e7a00000,0x00000000e84b3950,0x00000000e8680000)
  to   space 13312K, 0% used [0x00000000ef280000,0x00000000ef280000,0x00000000eff80000)
 ParOldGen       total 78848K, used 7413K [0x00000000a0000000, 0x00000000a4d00000, 0x00000000e0000000)
  object space 78848K, 9% used [0x00000000a0000000,0x00000000a073d648,0x00000000a4d00000)
 Metaspace       used 34639K, capacity 35388K, committed 35456K, reserved 1079296K
  class space    used 4746K, capacity 4939K, committed 4992K, reserved 1048576K
Event: 5.421 GC heap after
Heap after GC invocations=9 (full 2):
 PSYoungGen      total 137728K, used 0K [0x00000000e0000000, 0x00000000eff80000, 0x0000000100000000)
  eden space 124928K, 0% used [0x00000000e0000000,0x00000000e0000000,0x00000000e7a00000)
  from space 12800K, 0% used [0x00000000e7a00000,0x00000000e7a00000,0x00000000e8680000)
  to   space 13312K, 0% used [0x00000000ef280000,0x00000000ef280000,0x00000000eff80000)
 ParOldGen       total 103424K, used 17729K [0x00000000a0000000, 0x00000000a6500000, 0x00000000e0000000)
  object space 103424K, 17% used [0x00000000a0000000,0x00000000a11504a0,0x00000000a6500000)
 Metaspace       used 34639K, capacity 35388K, committed 35456K, reserved 1079296K
  class space    used 4746K, capacity 4939K, committed 4992K, reserved 1048576K
}
Event: 6.884 GC heap before
{Heap before GC invocations=10 (full 2):
 PSYoungGen      total 137728K, used 124928K [0x00000000e0000000, 0x00000000eff80000, 0x0000000100000000)
  eden space 124928K, 100% used [0x00000000e0000000,0x00000000e7a00000,0x00000000e7a00000)
  from space 12800K, 0% used [0x00000000e7a00000,0x00000000e7a00000,0x00000000e8680000)
  to   space 13312K, 0% used [0x00000000ef280000,0x00000000ef280000,0x00000000eff80000)
 ParOldGen       total 103424K, used 17729K [0x00000000a0000000, 0x00000000a6500000, 0x00000000e0000000)
  object space 103424K, 17% used [0x00000000a0000000,0x00000000a11504a0,0x00000000a6500000)
 Metaspace       used 47157K, capacity 48294K, committed 48640K, reserved 1091584K
  class space    used 6265K, capacity 6539K, committed 6656K, reserved 1048576K
Event: 6.896 GC heap after
Heap after GC invocations=10 (full 2):
 PSYoungGen      total 232960K, used 13307K [0x00000000e0000000, 0x00000000eff80000, 0x0000000100000000)
  eden space 219648K, 0% used [0x00000000e0000000,0x00000000e0000000,0x00000000ed680000)
  from space 13312K, 99% used [0x00000000ef280000,0x00000000eff7ee40,0x00000000eff80000)
  to   space 15872K, 0% used [0x00000000ee080000,0x00000000ee080000,0x00000000ef000000)
 ParOldGen       total 103424K, used 20248K [0x00000000a0000000, 0x00000000a6500000, 0x00000000e0000000)
  object space 103424K, 19% used [0x00000000a0000000,0x00000000a13c6030,0x00000000a6500000)
 Metaspace       used 47157K, capacity 48294K, committed 48640K, reserved 1091584K
  class space    used 6265K, capacity 6539K, committed 6656K, reserved 1048576K
}
Event: 8.675 GC heap before
{Heap before GC invocations=11 (full 2):
 PSYoungGen      total 232960K, used 143491K [0x00000000e0000000, 0x00000000eff80000, 0x0000000100000000)
  eden space 219648K, 59% used [0x00000000e0000000,0x00000000e7f21e90,0x00000000ed680000)
  from space 13312K, 99% used [0x00000000ef280000,0x00000000eff7ee40,0x00000000eff80000)
  to   space 15872K, 0% used [0x00000000ee080000,0x00000000ee080000,0x00000000ef000000)
 ParOldGen       total 103424K, used 20248K [0x00000000a0000000, 0x00000000a6500000, 0x00000000e0000000)
  object space 103424K, 19% used [0x00000000a0000000,0x00000000a13c6030,0x00000000a6500000)
 Metaspace       used 57317K, capacity 58998K, committed 59096K, reserved 1099776K
  class space    used 7665K, capacity 8024K, committed 8064K, reserved 1048576K
Event: 8.705 GC heap after
Heap after GC invocations=11 (full 2):
 PSYoungGen      total 245760K, used 15865K [0x00000000e0000000, 0x00000000f5a80000, 0x0000000100000000)
  eden space 229888K, 0% used [0x00000000e0000000,0x00000000e0000000,0x00000000ee080000)
  from space 15872K, 99% used [0x00000000ee080000,0x00000000eeffe428,0x00000000ef000000)
  to   space 19968K, 0% used [0x00000000f4700000,0x00000000f4700000,0x00000000f5a80000)
 ParOldGen       total 103424K, used 25987K [0x00000000a0000000, 0x00000000a6500000, 0x00000000e0000000)
  object space 103424K, 25% used [0x00000000a0000000,0x00000000a1960ee8,0x00000000a6500000)
 Metaspace       used 57317K, capacity 58998K, committed 59096K, reserved 1099776K
  class space    used 7665K, capacity 8024K, committed 8064K, reserved 1048576K
}
Event: 8.705 GC heap before
{Heap before GC invocations=12 (full 3):
 PSYoungGen      total 245760K, used 15865K [0x00000000e0000000, 0x00000000f5a80000, 0x0000000100000000)
  eden space 229888K, 0% used [0x00000000e0000000,0x00000000e0000000,0x00000000ee080000)
  from space 15872K, 99% used [0x00000000ee080000,0x00000000eeffe428,0x00000000ef000000)
  to   space 19968K, 0% used [0x00000000f4700000,0x00000000f4700000,0x00000000f5a80000)
 ParOldGen       total 103424K, used 25987K [0x00000000a0000000, 0x00000000a6500000, 0x00000000e0000000)
  object space 103424K, 25% used [0x00000000a0000000,0x00000000a1960ee8,0x00000000a6500000)
 Metaspace       used 57317K, capacity 58998K, committed 59096K, reserved 1099776K
  class space    used 7665K, capacity 8024K, committed 8064K, reserved 1048576K
Event: 9.051 GC heap after
Heap after GC invocations=12 (full 3):
 PSYoungGen      total 245760K, used 0K [0x00000000e0000000, 0x00000000f5a80000, 0x0000000100000000)
  eden space 229888K, 0% used [0x00000000e0000000,0x00000000e0000000,0x00000000ee080000)
  from space 15872K, 0% used [0x00000000ee080000,0x00000000ee080000,0x00000000ef000000)
  to   space 19968K, 0% used [0x00000000f4700000,0x00000000f4700000,0x00000000f5a80000)
 ParOldGen       total 150016K, used 35854K [0x00000000a0000000, 0x00000000a9280000, 0x00000000e0000000)
  object space 150016K, 23% used [0x00000000a0000000,0x00000000a2303bc8,0x00000000a9280000)
 Metaspace       used 57317K, capacity 58998K, committed 59096K, reserved 1099776K
  class space    used 7665K, capacity 8024K, committed 8064K, reserved 1048576K
}
Event: 14.118 GC heap before
{Heap before GC invocations=13 (full 3):
 PSYoungGen      total 245760K, used 229888K [0x00000000e0000000, 0x00000000f5a80000, 0x0000000100000000)
  eden space 229888K, 100% used [0x00000000e0000000,0x00000000ee080000,0x00000000ee080000)
  from space 15872K, 0% used [0x00000000ee080000,0x00000000ee080000,0x00000000ef000000)
  to   space 19968K, 0% used [0x00000000f4700000,0x00000000f4700000,0x00000000f5a80000)
 ParOldGen       total 150016K, used 35854K [0x00000000a0000000, 0x00000000a9280000, 0x00000000e0000000)
  object space 150016K, 23% used [0x00000000a0000000,0x00000000a2303bc8,0x00000000a9280000)
 Metaspace       used 65579K, capacity 67858K, committed 68096K, reserved 1107968K
  class space    used 8712K, capacity 9182K, committed 9216K, reserved 1048576K
Event: 14.152 GC heap after
Heap after GC invocations=13 (full 3):
 PSYoungGen      total 311296K, used 19956K [0x00000000e0000000, 0x00000000f5a80000, 0x0000000100000000)
  eden space 291328K, 0% used [0x00000000e0000000,0x00000000e0000000,0x00000000f1c80000)
  from space 19968K, 99% used [0x00000000f4700000,0x00000000f5a7d1c8,0x00000000f5a80000)
  to   space 23552K, 0% used [0x00000000f2c80000,0x00000000f2c80000,0x00000000f4380000)
 ParOldGen       total 150016K, used 38882K [0x00000000a0000000, 0x00000000a9280000, 0x00000000e0000000)
  object space 150016K, 25% used [0x00000000a0000000,0x00000000a25f88a0,0x00000000a9280000)
 Metaspace       used 65579K, capacity 67858K, committed 68096K, reserved 1107968K
  class space    used 8712K, capacity 9182K, committed 9216K, reserved 1048576K
}

Deoptimization events (10 events):
Event: 15.953 Thread 0x0000000019730000 Uncommon trap: reason=bimorphic action=maybe_recompile pc=0x0000000003ae12cc method=com.sun.org.apache.xerces.internal.dom.ParentNode.checkNormalizationAfterInsert(Lcom/sun/org/apache/xerces/internal/dom/ChildNode;)V @ 23
Event: 15.953 Thread 0x0000000019730000 Uncommon trap: reason=bimorphic action=maybe_recompile pc=0x0000000003addcb4 method=com.sun.org.apache.xerces.internal.dom.ParentNode.checkNormalizationAfterInsert(Lcom/sun/org/apache/xerces/internal/dom/ChildNode;)V @ 23
Event: 15.954 Thread 0x0000000019730000 Uncommon trap: reason=unstable_if action=reinterpret pc=0x0000000003c8d45c method=com.google.common.collect.AbstractMapBasedMultimap$WrappedCollection.refreshIfEmpty()V @ 45
Event: 15.956 Thread 0x0000000019730000 Uncommon trap: reason=class_check action=maybe_recompile pc=0x0000000003af27ac method=com.sun.org.apache.xerces.internal.dom.ElementImpl.getAttributes()Lorg/w3c/dom/NamedNodeMap; @ 8
Event: 15.966 Thread 0x0000000019730000 Uncommon trap: reason=class_check action=maybe_recompile pc=0x0000000003af27ac method=com.sun.org.apache.xerces.internal.dom.ElementImpl.getAttributes()Lorg/w3c/dom/NamedNodeMap; @ 8
Event: 15.966 Thread 0x0000000019730000 Uncommon trap: reason=class_check action=maybe_recompile pc=0x0000000003af27ac method=com.sun.org.apache.xerces.internal.dom.ElementImpl.getAttributes()Lorg/w3c/dom/NamedNodeMap; @ 8
Event: 15.966 Thread 0x0000000019730000 Uncommon trap: reason=class_check action=maybe_recompile pc=0x0000000003af27ac method=com.sun.org.apache.xerces.internal.dom.ElementImpl.getAttributes()Lorg/w3c/dom/NamedNodeMap; @ 8
Event: 15.980 Thread 0x0000000019730000 Uncommon trap: reason=unstable_if action=reinterpret pc=0x0000000003c988e4 method=com.android.utils.XmlUtils.toXmlAttributeValue(Ljava/lang/String;)Ljava/lang/String; @ 33
Event: 15.980 Thread 0x0000000019730000 Uncommon trap: reason=unstable_if action=reinterpret pc=0x0000000003b27578 method=com.android.utils.XmlUtils.toXmlAttributeValue(Ljava/lang/String;)Ljava/lang/String; @ 33
Event: 15.993 Thread 0x0000000019730000 Uncommon trap: reason=unstable_if action=reinterpret pc=0x0000000003c943c4 method=com.android.utils.XmlUtils.append(Lcom/android/utils/XmlUtils$PositionAwareStringBuilder;Lorg/w3c/dom/Node;Ljava/util/Map;Ljava/util/Set;)V @ 540

Classes redefined (0 events):
No events

Internal exceptions (10 events):
Event: 14.537 Thread 0x0000000019730000 Exception <a 'java/lang/NoSuchMethodError': <clinit>> (0x00000000e1a4e168) thrown at [D:\src\AOSP-openjdk-cygwin\jdk8u\hotspot\src\share\vm\prims\jni.cpp, line 1614]
Event: 14.537 Thread 0x0000000019730000 Exception <a 'java/lang/NoSuchMethodError': <clinit>> (0x00000000e1a61750) thrown at [D:\src\AOSP-openjdk-cygwin\jdk8u\hotspot\src\share\vm\prims\jni.cpp, line 1614]
Event: 14.675 Thread 0x0000000019730000 Implicit null exception at 0x0000000003ae8197 to 0x0000000003ae84dd
Event: 14.737 Thread 0x000000001eaeb800 Exception <a 'java/io/FileNotFoundException'> (0x00000000e2438928) thrown at [D:\src\AOSP-openjdk-cygwin\jdk8u\hotspot\src\share\vm\prims\jni.cpp, line 710]
Event: 14.766 Thread 0x000000001eaeb800 Exception <a 'java/io/FileNotFoundException'> (0x00000000e25d2180) thrown at [D:\src\AOSP-openjdk-cygwin\jdk8u\hotspot\src\share\vm\prims\jni.cpp, line 710]
Event: 15.993 Thread 0x0000000019730000 Implicit null exception at 0x0000000003c96351 to 0x0000000003c943a1
Event: 16.113 Thread 0x0000000019730000 Exception <a 'java/lang/NoSuchMethodError': <clinit>> (0x00000000e46caa58) thrown at [D:\src\AOSP-openjdk-cygwin\jdk8u\hotspot\src\share\vm\prims\jni.cpp, line 1614]
Event: 16.113 Thread 0x0000000019730000 Exception <a 'java/lang/NoSuchMethodError': <clinit>> (0x00000000e46e5f08) thrown at [D:\src\AOSP-openjdk-cygwin\jdk8u\hotspot\src\share\vm\prims\jni.cpp, line 1614]
Event: 16.113 Thread 0x0000000019730000 Exception <a 'java/lang/NoSuchMethodError': <clinit>> (0x00000000e46eadf0) thrown at [D:\src\AOSP-openjdk-cygwin\jdk8u\hotspot\src\share\vm\prims\jni.cpp, line 1614]
Event: 16.114 Thread 0x0000000019730000 Exception <a 'java/lang/NoSuchMethodError': <clinit>> (0x00000000e4ae70b0) thrown at [D:\src\AOSP-openjdk-cygwin\jdk8u\hotspot\src\share\vm\prims\jni.cpp, line 1614]

Events (10 events):
Event: 16.397 loading class com/android/builder/internal/aapt/v2/Aapt2DaemonUtil
Event: 16.397 loading class com/android/builder/internal/aapt/v2/Aapt2DaemonUtil done
Event: 16.398 loading class com/android/builder/internal/aapt/AaptException
Event: 16.398 loading class com/android/builder/internal/aapt/AaptException done
Event: 16.398 loading class com/android/builder/internal/aapt/v2/AaptV2CommandBuilder
Event: 16.398 loading class com/android/builder/internal/aapt/v2/AaptV2CommandBuilder done
Event: 16.418 loading class com/android/builder/internal/aapt/v2/Aapt2DaemonImpl$WaitForTaskCompletion$Result$Succeeded
Event: 16.418 loading class com/android/builder/internal/aapt/v2/Aapt2DaemonImpl$WaitForTaskCompletion$Result$Succeeded done
Event: 16.419 loading class com/android/builder/internal/aapt/v2/Aapt2DaemonImpl$WaitForTaskCompletion$Result
Event: 16.419 loading class com/android/builder/internal/aapt/v2/Aapt2DaemonImpl$WaitForTaskCompletion$Result done


Dynamic libraries:
0x00007ff7b9570000 - 0x00007ff7b95a1000 	F:\Android\jre\bin\java.exe
0x00007ffa69da0000 - 0x00007ffa69f90000 	C:\WINDOWS\SYSTEM32\ntdll.dll
0x00007ffa69690000 - 0x00007ffa69742000 	C:\WINDOWS\System32\KERNEL32.DLL
0x00007ffa677b0000 - 0x00007ffa67a53000 	C:\WINDOWS\System32\KERNELBASE.dll
0x00007ffa69cb0000 - 0x00007ffa69d53000 	C:\WINDOWS\System32\ADVAPI32.dll
0x00007ffa68150000 - 0x00007ffa681ee000 	C:\WINDOWS\System32\msvcrt.dll
0x00007ffa697c0000 - 0x00007ffa69857000 	C:\WINDOWS\System32\sechost.dll
0x00007ffa68ef0000 - 0x00007ffa69010000 	C:\WINDOWS\System32\RPCRT4.dll
0x00007ffa68c20000 - 0x00007ffa68db4000 	C:\WINDOWS\System32\USER32.dll
0x00007ffa67780000 - 0x00007ffa677a1000 	C:\WINDOWS\System32\win32u.dll
0x00007ffa69c80000 - 0x00007ffa69ca6000 	C:\WINDOWS\System32\GDI32.dll
0x00007ffa67530000 - 0x00007ffa676c4000 	C:\WINDOWS\System32\gdi32full.dll
0x00007ffa67c90000 - 0x00007ffa67d2e000 	C:\WINDOWS\System32\msvcp_win.dll
0x00007ffa67d30000 - 0x00007ffa67e2a000 	C:\WINDOWS\System32\ucrtbase.dll
0x00007ffa56e30000 - 0x00007ffa570b5000 	C:\WINDOWS\WinSxS\amd64_microsoft.windows.common-controls_6595b64144ccf1df_6.0.18362.778_none_e6c6b761130d4fb8\COMCTL32.dll
0x00007ffa688e0000 - 0x00007ffa68c16000 	C:\WINDOWS\System32\combase.dll
0x00007ffa674b0000 - 0x00007ffa67530000 	C:\WINDOWS\System32\bcryptPrimitives.dll
0x00007ffa69480000 - 0x00007ffa694ae000 	C:\WINDOWS\System32\IMM32.DLL
0x0000000052e00000 - 0x0000000052ed2000 	F:\Android\jre\jre\bin\msvcr100.dll
0x0000000052540000 - 0x0000000052d86000 	F:\Android\jre\jre\bin\server\jvm.dll
0x00007ffa68ee0000 - 0x00007ffa68ee8000 	C:\WINDOWS\System32\PSAPI.DLL
0x00007ffa634d0000 - 0x00007ffa634d9000 	C:\WINDOWS\SYSTEM32\WSOCK32.dll
0x00007ffa69750000 - 0x00007ffa697bf000 	C:\WINDOWS\System32\WS2_32.dll
0x00007ffa64db0000 - 0x00007ffa64dd4000 	C:\WINDOWS\SYSTEM32\WINMM.dll
0x00007ffa60150000 - 0x00007ffa6015a000 	C:\WINDOWS\SYSTEM32\VERSION.dll
0x00007ffa64e10000 - 0x00007ffa64e3d000 	C:\WINDOWS\SYSTEM32\WINMMBASE.dll
0x00007ffa676d0000 - 0x00007ffa6771a000 	C:\WINDOWS\System32\cfgmgr32.dll
0x00007ffa635b0000 - 0x00007ffa635bf000 	F:\Android\jre\jre\bin\verify.dll
0x00007ffa54bc0000 - 0x00007ffa54be9000 	F:\Android\jre\jre\bin\java.dll
0x00007ffa63590000 - 0x00007ffa635a6000 	F:\Android\jre\jre\bin\zip.dll
0x00007ffa681f0000 - 0x00007ffa688d5000 	C:\WINDOWS\System32\SHELL32.dll
0x00007ffa69b50000 - 0x00007ffa69bf9000 	C:\WINDOWS\System32\shcore.dll
0x00007ffa66d30000 - 0x00007ffa674b0000 	C:\WINDOWS\System32\windows.storage.dll
0x00007ffa66d00000 - 0x00007ffa66d23000 	C:\WINDOWS\System32\profapi.dll
0x00007ffa66c90000 - 0x00007ffa66cda000 	C:\WINDOWS\System32\powrprof.dll
0x00007ffa66c60000 - 0x00007ffa66c70000 	C:\WINDOWS\System32\UMPDC.dll
0x00007ffa68e80000 - 0x00007ffa68ed2000 	C:\WINDOWS\System32\shlwapi.dll
0x00007ffa66c70000 - 0x00007ffa66c81000 	C:\WINDOWS\System32\kernel.appcore.dll
0x00007ffa67e30000 - 0x00007ffa67e47000 	C:\WINDOWS\System32\cryptsp.dll
0x00007ffa60210000 - 0x00007ffa6022a000 	F:\Android\jre\jre\bin\net.dll
0x00007ffa56620000 - 0x00007ffa567f5000 	C:\WINDOWS\SYSTEM32\urlmon.dll
0x00007ffa57280000 - 0x00007ffa57526000 	C:\WINDOWS\SYSTEM32\iertutil.dll
0x00007ffa666a0000 - 0x00007ffa666ac000 	C:\WINDOWS\SYSTEM32\CRYPTBASE.DLL
0x00007ffa664d0000 - 0x00007ffa66537000 	C:\WINDOWS\system32\mswsock.dll
0x00007ffa601f0000 - 0x00007ffa60203000 	F:\Android\jre\jre\bin\nio.dll
0x00007ffa63510000 - 0x00007ffa63536000 	C:\Users\Acer\.gradle\native\30\windows-amd64\native-platform.dll
0x00007ffa602d0000 - 0x00007ffa602dd000 	F:\Android\jre\jre\bin\management.dll
0x00007ffa65fe0000 - 0x00007ffa66013000 	C:\WINDOWS\system32\rsaenh.dll
0x00007ffa67a60000 - 0x00007ffa67a86000 	C:\WINDOWS\System32\bcrypt.dll
0x00007ffa66b80000 - 0x00007ffa66ba5000 	C:\WINDOWS\SYSTEM32\USERENV.dll
0x00007ffa66180000 - 0x00007ffa661ba000 	C:\WINDOWS\SYSTEM32\IPHLPAPI.DLL
0x00007ffa68e70000 - 0x00007ffa68e78000 	C:\WINDOWS\System32\NSI.dll
0x00007ffa60130000 - 0x00007ffa60146000 	C:\WINDOWS\SYSTEM32\dhcpcsvc6.DLL
0x00007ffa5ff30000 - 0x00007ffa5ff4c000 	C:\WINDOWS\SYSTEM32\dhcpcsvc.DLL
0x00007ffa66220000 - 0x00007ffa662ea000 	C:\WINDOWS\SYSTEM32\DNSAPI.dll
0x00007ffa1eba0000 - 0x00007ffa1ed3c000 	F:\Android\jre\jre\bin\awt.dll
0x00007ffa69a80000 - 0x00007ffa69b44000 	C:\WINDOWS\System32\OLEAUT32.dll
0x00007ffa65510000 - 0x00007ffa6553d000 	C:\WINDOWS\SYSTEM32\dwmapi.dll
0x00007ffa638b0000 - 0x00007ffa63e70000 	C:\WINDOWS\SYSTEM32\d2d1.dll
0x00007ffa64f10000 - 0x00007ffa64f9f000 	C:\WINDOWS\SYSTEM32\apphelp.dll
0x00007ffa64fe0000 - 0x00007ffa65079000 	C:\WINDOWS\system32\uxtheme.dll

VM Arguments:
jvm_args: -Xmx1536m -Dfile.encoding=windows-1252 -Duser.country=US -Duser.language=en -Duser.variant 
java_command: org.gradle.launcher.daemon.bootstrap.GradleDaemon 5.6.4
java_class_path (initial): C:\Users\Acer\.gradle\wrapper\dists\gradle-5.6.4-all\ankdp27end7byghfw1q2sw75f\gradle-5.6.4\lib\gradle-launcher-5.6.4.jar
Launcher Type: SUN_STANDARD

Environment Variables:
JAVA_HOME=C:\Program Files\Java\jdk1.8.0_191
CLASSPATH=.;
PATH=C:\Program Files (x86)\Razer Chroma SDK\bin;C:\Program Files\Razer Chroma SDK\bin;C:\Program Files (x86)\Razer\ChromaBroadcast\bin;C:\Program Files\Razer\ChromaBroadcast\bin;C:\Program Files (x86)\Common Files\Intel\Shared Libraries\redist\intel64\compiler;C:\Windows\system32;C:\Windows;C:\Windows\System32\Wbem;C:\Windows\System32\WindowsPowerShell\v1.0\;C:\Windows\System32\OpenSSH\;C:\Program Files (x86)\NVIDIA Corporation\PhysX\Common;C:\Users\Acer\AppData\Local\Microsoft\WindowsApps;C:\Users\Acer\AppData\Local\Programs\Microsoft VS Code\bin;C:\WINDOWS\system32;C:\WINDOWS;C:\WINDOWS\System32\Wbem;C:\WINDOWS\System32\WindowsPowerShell\v1.0\;C:\WINDOWS\System32\OpenSSH\;C:\Program Files\PuTTY\;C:\Program Files\NVIDIA Corporation\NVIDIA NvDLISR;C:\adb;C:\ProgramData\chocolatey\bin;C:\Program Files\Java\jdk1.8.0_191\bin;C:\Program Files\Git\cmd;C:\Program Files\nodejs\;C:\Program Files (x86)\Microsoft SQL Server\110\Tools\Binn\;C:\Program Files\Microsoft SQL Server\110\Tools\Binn\;C:\Program Files\Microsoft SQL Server\110\DTS\Binn\;C:\Program Files (x86)\Microsoft SQL Server\110\Tools\Binn\ManagementStudio\;C:\Program Files (x86)\Microsoft Visual Studio 10.0\Common7\IDE\PrivateAssemblies\;C:\Program Files (x86)\Microsoft SQL Server\110\DTS\Binn\;C:\Users\Acer\Documents\chromedriver_win32\;C:\Program Files\dotnet\;C:\Program Files (x86)\Yarn\bin\;C:\Users\Acer\AppData\Roaming\npm;C:\Users\Acer\AppData\Local\GitHubDesktop\bin;C:\Users\Acer\AppData\Local\Yarn\bin;C:\WINDOWS\system32;C:\WINDOWS;C:\WINDOWS\System32\Wbem;C:\WINDOWS\System32\WindowsPowerShell\v1.0\;C:\WINDOWS\System32\OpenSSH\;F:\python-3.7.2.exe;C:\Users\Acer\AppData\Local\Programs\Python\Python37-32\Scripts\;C:\Users\Acer\AppData\Local\Programs\Python\Python37-32\
USERNAME=Acer
OS=Windows_NT
PROCESSOR_IDENTIFIER=Intel64 Family 6 Model 158 Stepping 9, GenuineIntel



---------------  S Y S T E M  ---------------

OS: Windows 10.0 , 64 bit Build 18362 (10.0.18362.778)

CPU:total 4 (initial active 4) (4 cores per cpu, 1 threads per core) family 6 model 158 stepping 9, cmov, cx8, fxsr, mmx, sse, sse2, sse3, ssse3, sse4.1, sse4.2, popcnt, avx, avx2, aes, clmul, erms, 3dnowpref, lzcnt, tsc, tscinvbit, bmi1, bmi2, adx

Memory: 4k page, physical 16658020k(5251092k free), swap 17182308k(5120k free)

vm_info: OpenJDK 64-Bit Server VM (25.212-b04) for windows-amd64 JRE (1.8.0_212-release-1586-b04), built by "builder" with MS VC++ 10.0 (VS2010)

time: Wed Apr 29 16:50:37 2020
timezone: China Standard Time
elapsed time: 16 seconds (0d 0h 0m 16s)

