#
# There is insufficient memory for the Java Runtime Environment to continue.
# Native memory allocation (malloc) failed to allocate 1062896 bytes for Chunk::new
# Possible reasons:
#   The system is out of physical RAM or swap space
#   The process is running with CompressedOops enabled, and the Java Heap may be blocking the growth of the native heap
# Possible solutions:
#   Reduce memory load on the system
#   Increase physical memory or swap space
#   Check if swap backing store is full
#   Decrease Java heap size (-Xmx/-Xms)
#   Decrease number of Java threads
#   Decrease Java thread stack sizes (-Xss)
#   Set larger code cache with -XX:ReservedCodeCacheSize=
#   JVM is running with Unscaled Compressed Oops mode in which the Java heap is
#     placed in the first 4GB address space. The Java Heap base address is the
#     maximum limit for the native heap growth. Please use -XX:HeapBaseMinAddress
#     to set the Java Heap base and to place the Java Heap above 4GB virtual address.
# This output file may be truncated or incomplete.
#
#  Out of Memory Error (allocation.cpp:389), pid=17752, tid=0x00000000000010d8
#
# JRE version: OpenJDK Runtime Environment (8.0_212-b04) (build 1.8.0_212-release-1586-b04)
# Java VM: OpenJDK 64-Bit Server VM (25.212-b04 mixed mode windows-amd64 compressed oops)
# Failed to write core dump. Minidumps are not enabled by default on client versions of Windows
#

---------------  T H R E A D  ---------------

Current thread (0x00000000161de000):  JavaThread "C2 CompilerThread1" daemon [_thread_in_native, id=4312, stack(0x0000000017a30000,0x0000000017b30000)]

Stack: [0x0000000017a30000,0x0000000017b30000]
[error occurred during error reporting (printing stack bounds), id 0xc0000005]

Native frames: (J=compiled Java code, j=interpreted, Vv=VM code, C=native code)


Current CompileTask:
C2:  15503 8548       4       com.android.utils.XmlUtils::append (639 bytes)


---------------  P R O C E S S  ---------------

Java Threads: ( => current thread )
  0x0000000017dcc000 JavaThread "stdout" [_thread_new, id=10604, stack(0x0000000000000000,0x0000000000000000)]
  0x0000000017dcb800 JavaThread "stderr" [_thread_new, id=1728, stack(0x0000000000000000,0x0000000000000000)]
  0x0000000017dc8800 JavaThread "stdout" [_thread_new, id=17892, stack(0x0000000000000000,0x0000000000000000)]
  0x0000000020e90000 JavaThread "stderr" [_thread_new, id=10372, stack(0x0000000000000000,0x0000000000000000)]
  0x0000000020e96000 JavaThread "stdout" [_thread_new, id=2136, stack(0x0000000000000000,0x0000000000000000)]
  0x0000000020e95800 JavaThread "stderr" [_thread_new, id=14416, stack(0x0000000000000000,0x0000000000000000)]
  0x0000000020e97000 JavaThread "stdout" [_thread_in_native, id=2312, stack(0x0000000025cb0000,0x0000000025db0000)]
  0x0000000020e92800 JavaThread "stderr" [_thread_in_native, id=13524, stack(0x0000000025bb0000,0x0000000025cb0000)]
  0x0000000020e91800 JavaThread "pool-2-thread-1" [_thread_blocked, id=1932, stack(0x0000000025ab0000,0x0000000025bb0000)]
  0x0000000020e8f800 JavaThread "MarlinRenderer Disposer" daemon [_thread_blocked, id=17800, stack(0x0000000025700000,0x0000000025800000)]
  0x0000000020e94000 JavaThread "Java2D Disposer" daemon [_thread_blocked, id=15304, stack(0x00000000253b0000,0x00000000254b0000)]
  0x0000000020e93000 JavaThread "WorkerExecutor Queue Thread 4" [_thread_blocked, id=17568, stack(0x00000000252b0000,0x00000000253b0000)]
  0x0000000020e88000 JavaThread "WorkerExecutor Queue Thread 3" [_thread_blocked, id=18256, stack(0x00000000251b0000,0x00000000252b0000)]
  0x0000000020e8e800 JavaThread "WorkerExecutor Queue Thread 2" [_thread_blocked, id=18288, stack(0x00000000250b0000,0x00000000251b0000)]
  0x0000000020e8a000 JavaThread "WorkerExecutor Queue" [_thread_blocked, id=10384, stack(0x0000000023d60000,0x0000000023e60000)]
  0x0000000020e89800 JavaThread "Cache worker for execution history cache (C:\Users\Acer\Desktop\Personal Projects\assandroidserver\.gradle\5.6.4\executionHistory)" [_thread_blocked, id=9196, stack(0x0000000023890000,0x0000000023990000)]
  0x0000000020e8b800 JavaThread "Execution worker for ':' Thread 3" [_thread_blocked, id=18756, stack(0x0000000023c60000,0x0000000023d60000)]
  0x0000000020e88800 JavaThread "Execution worker for ':' Thread 2" [_thread_blocked, id=16380, stack(0x0000000023b60000,0x0000000023c60000)]
  0x0000000020e8b000 JavaThread "Execution worker for ':'" [_thread_blocked, id=8256, stack(0x0000000023a60000,0x0000000023b60000)]
  0x0000000019e55000 JavaThread "Cache worker for file content cache (C:\Users\Acer\Desktop\Personal Projects\assandroidserver\.gradle\5.6.4\fileContent)" [_thread_blocked, id=8784, stack(0x0000000023590000,0x0000000023690000)]
  0x0000000019e5b800 JavaThread "Cache worker for file content cache (C:\Users\Acer\.gradle\caches\5.6.4\fileContent)" [_thread_blocked, id=4664, stack(0x0000000023020000,0x0000000023120000)]
  0x0000000019e5a000 JavaThread "Memory manager" [_thread_blocked, id=13456, stack(0x00000000224f0000,0x00000000225f0000)]
  0x0000000019e57000 JavaThread "Cache worker for Build Output Cleanup Cache (C:\Users\Acer\Desktop\Personal Projects\assandroidserver\.gradle\buildOutputCleanup)" [_thread_blocked, id=9704, stack(0x00000000221f0000,0x00000000222f0000)]
  0x0000000019e56800 JavaThread "Build operations Thread 4" [_thread_blocked, id=19196, stack(0x0000000021af0000,0x0000000021bf0000)]
  0x0000000019e5b000 JavaThread "Build operations Thread 3" [_thread_blocked, id=5188, stack(0x0000000021750000,0x0000000021850000)]
  0x0000000019e58800 JavaThread "Build operations Thread 2" [_thread_blocked, id=5328, stack(0x0000000021650000,0x0000000021750000)]
  0x0000000019e3a000 JavaThread "Build operations" [_thread_blocked, id=17372, stack(0x0000000021550000,0x0000000021650000)]
  0x0000000019e39800 JavaThread "Cache worker for execution history cache (C:\Users\Acer\.gradle\caches\5.6.4\executionHistory)" [_thread_blocked, id=13996, stack(0x0000000021330000,0x0000000021430000)]
  0x0000000019e38800 JavaThread "Cache worker for cache directory md-rule (C:\Users\Acer\.gradle\caches\5.6.4\md-rule)" [_thread_blocked, id=4036, stack(0x0000000021450000,0x0000000021550000)]
  0x0000000019e38000 JavaThread "Cache worker for cache directory md-supplier (C:\Users\Acer\.gradle\caches\5.6.4\md-supplier)" [_thread_blocked, id=4580, stack(0x000000001ebb0000,0x000000001ecb0000)]
  0x0000000019e34800 JavaThread "Cache worker for file hash cache (C:\Users\Acer\Desktop\Personal Projects\assandroidserver\.gradle\5.6.4\fileHashes)" [_thread_blocked, id=16968, stack(0x000000001e6b0000,0x000000001e7b0000)]
  0x0000000019e3b000 JavaThread "Cache worker for journal cache (C:\Users\Acer\.gradle\caches\journal-1)" [_thread_blocked, id=5684, stack(0x000000001c050000,0x000000001c150000)]
  0x0000000019e32800 JavaThread "File lock request listener" [_thread_in_native, id=7652, stack(0x000000001bf50000,0x000000001c050000)]
  0x0000000019d94000 JavaThread "Cache worker for file hash cache (C:\Users\Acer\.gradle\caches\5.6.4\fileHashes)" [_thread_blocked, id=8892, stack(0x000000001be50000,0x000000001bf50000)]
  0x0000000019d09800 JavaThread "Thread-9" [_thread_blocked, id=19248, stack(0x000000001bb50000,0x000000001bc50000)]
  0x0000000019d04000 JavaThread "Stdin handler" [_thread_blocked, id=18156, stack(0x000000001ba50000,0x000000001bb50000)]
  0x0000000019cc3000 JavaThread "Asynchronous log dispatcher for DefaultDaemonConnection: socket connection from /127.0.0.1:52223 to /127.0.0.1:52224" [_thread_blocked, id=2668, stack(0x000000001b950000,0x000000001ba50000)]
  0x0000000019cbf800 JavaThread "Daemon worker" [_thread_blocked, id=10440, stack(0x000000001b850000,0x000000001b950000)]
  0x0000000019cbe800 JavaThread "Cancel handler" [_thread_blocked, id=6976, stack(0x000000001b750000,0x000000001b850000)]
  0x0000000019c53800 JavaThread "Handler for socket connection from /127.0.0.1:52223 to /127.0.0.1:52224" [_thread_in_native, id=11912, stack(0x000000001b450000,0x000000001b550000)]
  0x0000000019c52000 JavaThread "Daemon" [_thread_blocked, id=1308, stack(0x000000001b350000,0x000000001b450000)]
  0x0000000019c7b800 JavaThread "Daemon periodic checks" [_thread_blocked, id=7904, stack(0x000000001b250000,0x000000001b350000)]
  0x0000000019ca1000 JavaThread "Incoming local TCP Connector on port 52223" [_thread_in_native, id=6796, stack(0x000000001b010000,0x000000001b110000)]
  0x0000000019b4f000 JavaThread "Daemon health stats" [_thread_blocked, id=12116, stack(0x000000001a9d0000,0x000000001aad0000)]
  0x000000001623b800 JavaThread "Service Thread" daemon [_thread_blocked, id=18488, stack(0x0000000018030000,0x0000000018130000)]
  0x0000000016224000 JavaThread "C1 CompilerThread2" daemon [_thread_blocked, id=18152, stack(0x0000000017f30000,0x0000000018030000)]
=>0x00000000161de000 JavaThread "C2 CompilerThread1" daemon [_thread_in_native, id=4312, stack(0x0000000017a30000,0x0000000017b30000)]
  0x00000000161db800 JavaThread "C2 CompilerThread0" daemon [_thread_in_native, id=17536, stack(0x0000000017930000,0x0000000017a30000)]
  0x00000000161e7800 JavaThread "Attach Listener" daemon [_thread_blocked, id=18560, stack(0x0000000017830000,0x0000000017930000)]
  0x00000000161e6800 JavaThread "Signal Dispatcher" daemon [_thread_blocked, id=4100, stack(0x0000000017730000,0x0000000017830000)]
  0x000000000286c000 JavaThread "Finalizer" daemon [_thread_blocked, id=15976, stack(0x0000000017430000,0x0000000017530000)]
  0x0000000002862000 JavaThread "Reference Handler" daemon [_thread_blocked, id=8132, stack(0x0000000017330000,0x0000000017430000)]
  0x0000000000a4e000 JavaThread "main" [_thread_blocked, id=3492, stack(0x0000000002620000,0x0000000002720000)]

Other Threads:
  0x00000000161a6000 VMThread [stack: 0x0000000017230000,0x0000000017330000] [id=3640]
  0x000000001623c000 WatcherThread [stack: 0x0000000018130000,0x0000000018230000] [id=2664]

VM state:not at safepoint (normal execution)

VM Mutex/Monitor currently owned by a thread: None

heap address: 0x00000000a0000000, size: 1536 MB, Compressed Oops mode: 32-bit
Narrow klass base: 0x0000000000000000, Narrow klass shift: 3
Compressed class space size: 1073741824 Address: 0x0000000100000000

Heap:
 PSYoungGen      total 264192K, used 71420K [0x00000000e0000000, 0x00000000f2600000, 0x0000000100000000)
  eden space 244736K, 21% used [0x00000000e0000000,0x00000000e32c11a0,0x00000000eef00000)
  from space 19456K, 99% used [0x00000000f0580000,0x00000000f187e100,0x00000000f1880000)
  to   space 23040K, 0% used [0x00000000eef00000,0x00000000eef00000,0x00000000f0580000)
 ParOldGen       total 181248K, used 40233K [0x00000000a0000000, 0x00000000ab100000, 0x00000000e0000000)
  object space 181248K, 22% used [0x00000000a0000000,0x00000000a274a6c8,0x00000000ab100000)
 Metaspace       used 65737K, capacity 68000K, committed 68352K, reserved 1107968K
  class space    used 8847K, capacity 9373K, committed 9472K, reserved 1048576K

Card table byte_map: [0x0000000011c30000,0x0000000011f40000] byte_map_base: 0x0000000011730000

Marking Bits: (ParMarkBitMap*) 0x0000000052d09f30
 Begin Bits: [0x0000000012540000, 0x0000000013d40000)
 End Bits:   [0x0000000013d40000, 0x0000000015540000)

Polling page: 0x00000000007f0000

CodeCache: size=245760Kb used=25509Kb max_used=25509Kb free=220250Kb
 bounds [0x0000000002870000, 0x0000000004170000, 0x0000000011870000]
 total_blobs=8503 nmethods=7592 adapters=824
 compilation: enabled

Compilation events (10 events):
Event: 15.487 Thread 0x0000000016224000 8646       2       java.util.HashMap$HashIterator::<init> (79 bytes)
Event: 15.487 Thread 0x0000000016224000 nmethod 8646 0x000000000416e2d0 code [0x000000000416e440, 0x000000000416e6b0]
Event: 15.487 Thread 0x0000000016224000 8647       2       org.gradle.execution.plan.DefaultExecutionPlan::tryLockProjectFor (23 bytes)
Event: 15.487 Thread 0x0000000016224000 nmethod 8647 0x000000000416e7d0 code [0x000000000416e960, 0x000000000416ebd8]
Event: 15.487 Thread 0x0000000016224000 8648   !   2       org.gradle.internal.resources.DefaultResourceLockCoordinationService$DefaultResourceLockState::releaseLocks (76 bytes)
Event: 15.488 Thread 0x0000000016224000 nmethod 8648 0x000000000416ed10 code [0x000000000416eec0, 0x000000000416f1c8]
Event: 15.493 Thread 0x0000000016224000 8649       2       org.gradle.internal.resources.AbstractResourceLockRegistry$2::execute (9 bytes)
Event: 15.493 Thread 0x0000000016224000 nmethod 8649 0x000000000416f3d0 code [0x000000000416f540, 0x000000000416f758]
Event: 15.493 Thread 0x0000000016224000 8650       2       org.gradle.internal.resources.AbstractResourceLockRegistry$2::execute (9 bytes)
Event: 15.493 Thread 0x0000000016224000 nmethod 8650 0x000000000416f8d0 code [0x000000000416fa40, 0x000000000416fbf8]

GC Heap History (10 events):
Event: 5.627 GC heap before
{Heap before GC invocations=9 (full 2):
 PSYoungGen      total 131072K, used 10708K [0x00000000e0000000, 0x00000000ee800000, 0x0000000100000000)
  eden space 118784K, 0% used [0x00000000e0000000,0x00000000e0000000,0x00000000e7400000)
  from space 12288K, 87% used [0x00000000e7400000,0x00000000e7e75330,0x00000000e8000000)
  to   space 12800K, 0% used [0x00000000edb80000,0x00000000edb80000,0x00000000ee800000)
 ParOldGen       total 83968K, used 7508K [0x00000000a0000000, 0x00000000a5200000, 0x00000000e0000000)
  object space 83968K, 8% used [0x00000000a0000000,0x00000000a0755090,0x00000000a5200000)
 Metaspace       used 34628K, capacity 35432K, committed 35496K, reserved 1079296K
  class space    used 4737K, capacity 4961K, committed 4992K, reserved 1048576K
Event: 5.680 GC heap after
Heap after GC invocations=9 (full 2):
 PSYoungGen      total 131072K, used 0K [0x00000000e0000000, 0x00000000ee800000, 0x0000000100000000)
  eden space 118784K, 0% used [0x00000000e0000000,0x00000000e0000000,0x00000000e7400000)
  from space 12288K, 0% used [0x00000000e7400000,0x00000000e7400000,0x00000000e8000000)
  to   space 12800K, 0% used [0x00000000edb80000,0x00000000edb80000,0x00000000ee800000)
 ParOldGen       total 122368K, used 17441K [0x00000000a0000000, 0x00000000a7780000, 0x00000000e0000000)
  object space 122368K, 14% used [0x00000000a0000000,0x00000000a1108708,0x00000000a7780000)
 Metaspace       used 34621K, capacity 35408K, committed 35496K, reserved 1079296K
  class space    used 4735K, capacity 4957K, committed 4992K, reserved 1048576K
}
Event: 7.334 GC heap before
{Heap before GC invocations=10 (full 2):
 PSYoungGen      total 131072K, used 118784K [0x00000000e0000000, 0x00000000ee800000, 0x0000000100000000)
  eden space 118784K, 100% used [0x00000000e0000000,0x00000000e7400000,0x00000000e7400000)
  from space 12288K, 0% used [0x00000000e7400000,0x00000000e7400000,0x00000000e8000000)
  to   space 12800K, 0% used [0x00000000edb80000,0x00000000edb80000,0x00000000ee800000)
 ParOldGen       total 122368K, used 17441K [0x00000000a0000000, 0x00000000a7780000, 0x00000000e0000000)
  object space 122368K, 14% used [0x00000000a0000000,0x00000000a1108708,0x00000000a7780000)
 Metaspace       used 45565K, capacity 46778K, committed 46848K, reserved 1089536K
  class space    used 6101K, capacity 6387K, committed 6400K, reserved 1048576K
Event: 7.351 GC heap after
Heap after GC invocations=10 (full 2):
 PSYoungGen      total 200192K, used 12799K [0x00000000e0000000, 0x00000000ee800000, 0x0000000100000000)
  eden space 187392K, 0% used [0x00000000e0000000,0x00000000e0000000,0x00000000eb700000)
  from space 12800K, 99% used [0x00000000edb80000,0x00000000ee7ffee8,0x00000000ee800000)
  to   space 14848K, 0% used [0x00000000ecb00000,0x00000000ecb00000,0x00000000ed980000)
 ParOldGen       total 122368K, used 19325K [0x00000000a0000000, 0x00000000a7780000, 0x00000000e0000000)
  object space 122368K, 15% used [0x00000000a0000000,0x00000000a12df698,0x00000000a7780000)
 Metaspace       used 45565K, capacity 46778K, committed 46848K, reserved 1089536K
  class space    used 6101K, capacity 6387K, committed 6400K, reserved 1048576K
}
Event: 9.673 GC heap before
{Heap before GC invocations=11 (full 2):
 PSYoungGen      total 200192K, used 159020K [0x00000000e0000000, 0x00000000ee800000, 0x0000000100000000)
  eden space 187392K, 78% used [0x00000000e0000000,0x00000000e8ecb3d0,0x00000000eb700000)
  from space 12800K, 99% used [0x00000000edb80000,0x00000000ee7ffee8,0x00000000ee800000)
  to   space 14848K, 0% used [0x00000000ecb00000,0x00000000ecb00000,0x00000000ed980000)
 ParOldGen       total 122368K, used 19325K [0x00000000a0000000, 0x00000000a7780000, 0x00000000e0000000)
  object space 122368K, 15% used [0x00000000a0000000,0x00000000a12df698,0x00000000a7780000)
 Metaspace       used 57288K, capacity 59044K, committed 59160K, reserved 1099776K
  class space    used 7833K, capacity 8225K, committed 8320K, reserved 1048576K
Event: 9.700 GC heap after
Heap after GC invocations=11 (full 2):
 PSYoungGen      total 222720K, used 14818K [0x00000000e0000000, 0x00000000f1880000, 0x0000000100000000)
  eden space 207872K, 0% used [0x00000000e0000000,0x00000000e0000000,0x00000000ecb00000)
  from space 14848K, 99% used [0x00000000ecb00000,0x00000000ed978ac8,0x00000000ed980000)
  to   space 19456K, 0% used [0x00000000f0580000,0x00000000f0580000,0x00000000f1880000)
 ParOldGen       total 122368K, used 27248K [0x00000000a0000000, 0x00000000a7780000, 0x00000000e0000000)
  object space 122368K, 22% used [0x00000000a0000000,0x00000000a1a9c298,0x00000000a7780000)
 Metaspace       used 57288K, capacity 59044K, committed 59160K, reserved 1099776K
  class space    used 7833K, capacity 8225K, committed 8320K, reserved 1048576K
}
Event: 9.700 GC heap before
{Heap before GC invocations=12 (full 3):
 PSYoungGen      total 222720K, used 14818K [0x00000000e0000000, 0x00000000f1880000, 0x0000000100000000)
  eden space 207872K, 0% used [0x00000000e0000000,0x00000000e0000000,0x00000000ecb00000)
  from space 14848K, 99% used [0x00000000ecb00000,0x00000000ed978ac8,0x00000000ed980000)
  to   space 19456K, 0% used [0x00000000f0580000,0x00000000f0580000,0x00000000f1880000)
 ParOldGen       total 122368K, used 27248K [0x00000000a0000000, 0x00000000a7780000, 0x00000000e0000000)
  object space 122368K, 22% used [0x00000000a0000000,0x00000000a1a9c298,0x00000000a7780000)
 Metaspace       used 57288K, capacity 59044K, committed 59160K, reserved 1099776K
  class space    used 7833K, capacity 8225K, committed 8320K, reserved 1048576K
Event: 9.908 GC heap after
Heap after GC invocations=12 (full 3):
 PSYoungGen      total 222720K, used 0K [0x00000000e0000000, 0x00000000f1880000, 0x0000000100000000)
  eden space 207872K, 0% used [0x00000000e0000000,0x00000000e0000000,0x00000000ecb00000)
  from space 14848K, 0% used [0x00000000ecb00000,0x00000000ecb00000,0x00000000ed980000)
  to   space 19456K, 0% used [0x00000000f0580000,0x00000000f0580000,0x00000000f1880000)
 ParOldGen       total 181248K, used 36955K [0x00000000a0000000, 0x00000000ab100000, 0x00000000e0000000)
  object space 181248K, 20% used [0x00000000a0000000,0x00000000a2416f78,0x00000000ab100000)
 Metaspace       used 57288K, capacity 59044K, committed 59160K, reserved 1099776K
  class space    used 7833K, capacity 8225K, committed 8320K, reserved 1048576K
}
Event: 14.083 GC heap before
{Heap before GC invocations=13 (full 3):
 PSYoungGen      total 222720K, used 207872K [0x00000000e0000000, 0x00000000f1880000, 0x0000000100000000)
  eden space 207872K, 100% used [0x00000000e0000000,0x00000000ecb00000,0x00000000ecb00000)
  from space 14848K, 0% used [0x00000000ecb00000,0x00000000ecb00000,0x00000000ed980000)
  to   space 19456K, 0% used [0x00000000f0580000,0x00000000f0580000,0x00000000f1880000)
 ParOldGen       total 181248K, used 36955K [0x00000000a0000000, 0x00000000ab100000, 0x00000000e0000000)
  object space 181248K, 20% used [0x00000000a0000000,0x00000000a2416f78,0x00000000ab100000)
 Metaspace       used 65136K, capacity 67386K, committed 67456K, reserved 1107968K
  class space    used 8789K, capacity 9292K, committed 9344K, reserved 1048576K
Event: 14.106 GC heap after
Heap after GC invocations=13 (full 3):
 PSYoungGen      total 264192K, used 19448K [0x00000000e0000000, 0x00000000f2600000, 0x0000000100000000)
  eden space 244736K, 0% used [0x00000000e0000000,0x00000000e0000000,0x00000000eef00000)
  from space 19456K, 99% used [0x00000000f0580000,0x00000000f187e100,0x00000000f1880000)
  to   space 23040K, 0% used [0x00000000eef00000,0x00000000eef00000,0x00000000f0580000)
 ParOldGen       total 181248K, used 40233K [0x00000000a0000000, 0x00000000ab100000, 0x00000000e0000000)
  object space 181248K, 22% used [0x00000000a0000000,0x00000000a274a6c8,0x00000000ab100000)
 Metaspace       used 65136K, capacity 67386K, committed 67456K, reserved 1107968K
  class space    used 8789K, capacity 9292K, committed 9344K, reserved 1048576K
}

Deoptimization events (10 events):
Event: 15.180 Thread 0x0000000020e88800 Uncommon trap: reason=class_check action=maybe_recompile pc=0x000000000402c96c method=com.sun.org.apache.xerces.internal.dom.ElementImpl.getAttributes()Lorg/w3c/dom/NamedNodeMap; @ 8
Event: 15.186 Thread 0x0000000020e88800 Uncommon trap: reason=class_check action=maybe_recompile pc=0x000000000402c96c method=com.sun.org.apache.xerces.internal.dom.ElementImpl.getAttributes()Lorg/w3c/dom/NamedNodeMap; @ 8
Event: 15.186 Thread 0x0000000020e88800 Uncommon trap: reason=class_check action=maybe_recompile pc=0x000000000402c96c method=com.sun.org.apache.xerces.internal.dom.ElementImpl.getAttributes()Lorg/w3c/dom/NamedNodeMap; @ 8
Event: 15.186 Thread 0x0000000020e88800 Uncommon trap: reason=class_check action=maybe_recompile pc=0x000000000402c96c method=com.sun.org.apache.xerces.internal.dom.ElementImpl.getAttributes()Lorg/w3c/dom/NamedNodeMap; @ 8
Event: 15.196 Thread 0x0000000020e88800 Uncommon trap: reason=unstable_if action=reinterpret pc=0x00000000040bfefc method=com.android.utils.XmlUtils.toXmlAttributeValue(Ljava/lang/String;)Ljava/lang/String; @ 33
Event: 15.196 Thread 0x0000000020e88800 Uncommon trap: reason=unstable_if action=reinterpret pc=0x000000000404e0f8 method=com.android.utils.XmlUtils.toXmlAttributeValue(Ljava/lang/String;)Ljava/lang/String; @ 33
Event: 15.208 Thread 0x0000000020e88800 Uncommon trap: reason=unstable_if action=reinterpret pc=0x00000000040bba0c method=com.android.utils.XmlUtils.append(Lcom/android/utils/XmlUtils$PositionAwareStringBuilder;Lorg/w3c/dom/Node;Ljava/util/Map;Ljava/util/Set;)V @ 540
Event: 15.481 Thread 0x0000000019cbf800 Uncommon trap: reason=unstable_if action=reinterpret pc=0x00000000029cd354 method=java.util.HashMap$HashIterator.<init>(Ljava/util/HashMap;)V @ 45
Event: 15.481 Thread 0x0000000019cbf800 Uncommon trap: reason=unstable_if action=reinterpret pc=0x000000000408eff4 method=java.util.HashMap$HashIterator.<init>(Ljava/util/HashMap;)V @ 45
Event: 15.481 Thread 0x0000000019cbf800 Uncommon trap: reason=unstable_if action=reinterpret pc=0x0000000003679cc4 method=java.util.HashMap$HashIterator.<init>(Ljava/util/HashMap;)V @ 45

Classes redefined (0 events):
No events

Internal exceptions (10 events):
Event: 13.738 Thread 0x0000000020e88800 Exception <a 'java/lang/NoSuchMethodError': <clinit>> (0x00000000eba5ea30) thrown at [D:\src\AOSP-openjdk-cygwin\jdk8u\hotspot\src\share\vm\prims\jni.cpp, line 1614]
Event: 13.739 Thread 0x0000000020e88800 Exception <a 'java/lang/NoSuchMethodError': <clinit>> (0x00000000eba72018) thrown at [D:\src\AOSP-openjdk-cygwin\jdk8u\hotspot\src\share\vm\prims\jni.cpp, line 1614]
Event: 13.872 Thread 0x0000000020e8a000 Exception <a 'java/io/FileNotFoundException'> (0x00000000ec14de60) thrown at [D:\src\AOSP-openjdk-cygwin\jdk8u\hotspot\src\share\vm\prims\jni.cpp, line 710]
Event: 13.897 Thread 0x0000000020e8a000 Exception <a 'java/io/FileNotFoundException'> (0x00000000ec3af508) thrown at [D:\src\AOSP-openjdk-cygwin\jdk8u\hotspot\src\share\vm\prims\jni.cpp, line 710]
Event: 14.420 Thread 0x0000000020e88800 Implicit null exception at 0x000000000402ea97 to 0x000000000402eddd
Event: 15.208 Thread 0x0000000020e88800 Implicit null exception at 0x00000000040bd896 to 0x00000000040bb9e9
Event: 15.358 Thread 0x0000000020e88800 Exception <a 'java/lang/NoSuchMethodError': <clinit>> (0x00000000e2708b38) thrown at [D:\src\AOSP-openjdk-cygwin\jdk8u\hotspot\src\share\vm\prims\jni.cpp, line 1614]
Event: 15.359 Thread 0x0000000020e88800 Exception <a 'java/lang/NoSuchMethodError': <clinit>> (0x00000000e2723fe8) thrown at [D:\src\AOSP-openjdk-cygwin\jdk8u\hotspot\src\share\vm\prims\jni.cpp, line 1614]
Event: 15.359 Thread 0x0000000020e88800 Exception <a 'java/lang/NoSuchMethodError': <clinit>> (0x00000000e2728ed0) thrown at [D:\src\AOSP-openjdk-cygwin\jdk8u\hotspot\src\share\vm\prims\jni.cpp, line 1614]
Event: 15.360 Thread 0x0000000020e88800 Exception <a 'java/lang/NoSuchMethodError': <clinit>> (0x00000000e2739e38) thrown at [D:\src\AOSP-openjdk-cygwin\jdk8u\hotspot\src\share\vm\prims\jni.cpp, line 1614]

Events (10 events):
Event: 15.481 Thread 0x0000000019cbf800 DEOPT PACKING pc=0x00000000029cd354 sp=0x000000001b94c100
Event: 15.481 Thread 0x0000000019cbf800 DEOPT UNPACKING pc=0x00000000028b557b sp=0x000000001b94bf90 mode 2
Event: 15.481 Thread 0x0000000019cbf800 Uncommon trap: trap_request=0xffffff65 fr.pc=0x000000000408eff4
Event: 15.481 Thread 0x0000000019cbf800 DEOPT PACKING pc=0x000000000408eff4 sp=0x000000001b94c0a0
Event: 15.481 Thread 0x0000000019cbf800 DEOPT UNPACKING pc=0x00000000028b557b sp=0x000000001b94bf88 mode 2
Event: 15.481 Thread 0x0000000019cbf800 Uncommon trap: trap_request=0xffffff65 fr.pc=0x0000000003679cc4
Event: 15.481 Thread 0x0000000019cbf800 DEOPT PACKING pc=0x0000000003679cc4 sp=0x000000001b94bfe0
Event: 15.481 Thread 0x0000000019cbf800 DEOPT UNPACKING pc=0x00000000028b557b sp=0x000000001b94bf90 mode 2
Event: 15.483 Thread 0x0000000017dcb800 Thread added: 0x0000000017dcb800
Event: 15.483 Thread 0x0000000017dcc000 Thread added: 0x0000000017dcc000


Dynamic libraries:
0x00007ff7b9570000 - 0x00007ff7b95a1000 	F:\Android\jre\bin\java.exe
0x00007ffa69da0000 - 0x00007ffa69f90000 	C:\WINDOWS\SYSTEM32\ntdll.dll
0x00007ffa69690000 - 0x00007ffa69742000 	C:\WINDOWS\System32\KERNEL32.DLL
0x00007ffa677b0000 - 0x00007ffa67a53000 	C:\WINDOWS\System32\KERNELBASE.dll
0x00007ffa69cb0000 - 0x00007ffa69d53000 	C:\WINDOWS\System32\ADVAPI32.dll
0x00007ffa68150000 - 0x00007ffa681ee000 	C:\WINDOWS\System32\msvcrt.dll
0x00007ffa697c0000 - 0x00007ffa69857000 	C:\WINDOWS\System32\sechost.dll
0x00007ffa68ef0000 - 0x00007ffa69010000 	C:\WINDOWS\System32\RPCRT4.dll
0x00007ffa68c20000 - 0x00007ffa68db4000 	C:\WINDOWS\System32\USER32.dll
0x00007ffa67780000 - 0x00007ffa677a1000 	C:\WINDOWS\System32\win32u.dll
0x00007ffa69c80000 - 0x00007ffa69ca6000 	C:\WINDOWS\System32\GDI32.dll
0x00007ffa67530000 - 0x00007ffa676c4000 	C:\WINDOWS\System32\gdi32full.dll
0x00007ffa67c90000 - 0x00007ffa67d2e000 	C:\WINDOWS\System32\msvcp_win.dll
0x00007ffa67d30000 - 0x00007ffa67e2a000 	C:\WINDOWS\System32\ucrtbase.dll
0x00007ffa56e30000 - 0x00007ffa570b5000 	C:\WINDOWS\WinSxS\amd64_microsoft.windows.common-controls_6595b64144ccf1df_6.0.18362.778_none_e6c6b761130d4fb8\COMCTL32.dll
0x00007ffa688e0000 - 0x00007ffa68c16000 	C:\WINDOWS\System32\combase.dll
0x00007ffa674b0000 - 0x00007ffa67530000 	C:\WINDOWS\System32\bcryptPrimitives.dll
0x00007ffa69480000 - 0x00007ffa694ae000 	C:\WINDOWS\System32\IMM32.DLL
0x0000000052e00000 - 0x0000000052ed2000 	F:\Android\jre\jre\bin\msvcr100.dll
0x0000000052540000 - 0x0000000052d86000 	F:\Android\jre\jre\bin\server\jvm.dll
0x00007ffa68ee0000 - 0x00007ffa68ee8000 	C:\WINDOWS\System32\PSAPI.DLL
0x00007ffa634d0000 - 0x00007ffa634d9000 	C:\WINDOWS\SYSTEM32\WSOCK32.dll
0x00007ffa69750000 - 0x00007ffa697bf000 	C:\WINDOWS\System32\WS2_32.dll
0x00007ffa64db0000 - 0x00007ffa64dd4000 	C:\WINDOWS\SYSTEM32\WINMM.dll
0x00007ffa60150000 - 0x00007ffa6015a000 	C:\WINDOWS\SYSTEM32\VERSION.dll
0x00007ffa64e10000 - 0x00007ffa64e3d000 	C:\WINDOWS\SYSTEM32\WINMMBASE.dll
0x00007ffa676d0000 - 0x00007ffa6771a000 	C:\WINDOWS\System32\cfgmgr32.dll
0x00007ffa635b0000 - 0x00007ffa635bf000 	F:\Android\jre\jre\bin\verify.dll
0x00007ffa54bc0000 - 0x00007ffa54be9000 	F:\Android\jre\jre\bin\java.dll
0x00007ffa63590000 - 0x00007ffa635a6000 	F:\Android\jre\jre\bin\zip.dll
0x00007ffa681f0000 - 0x00007ffa688d5000 	C:\WINDOWS\System32\SHELL32.dll
0x00007ffa69b50000 - 0x00007ffa69bf9000 	C:\WINDOWS\System32\shcore.dll
0x00007ffa66d30000 - 0x00007ffa674b0000 	C:\WINDOWS\System32\windows.storage.dll
0x00007ffa66d00000 - 0x00007ffa66d23000 	C:\WINDOWS\System32\profapi.dll
0x00007ffa66c90000 - 0x00007ffa66cda000 	C:\WINDOWS\System32\powrprof.dll
0x00007ffa66c60000 - 0x00007ffa66c70000 	C:\WINDOWS\System32\UMPDC.dll
0x00007ffa68e80000 - 0x00007ffa68ed2000 	C:\WINDOWS\System32\shlwapi.dll
0x00007ffa66c70000 - 0x00007ffa66c81000 	C:\WINDOWS\System32\kernel.appcore.dll
0x00007ffa67e30000 - 0x00007ffa67e47000 	C:\WINDOWS\System32\cryptsp.dll
0x00007ffa60210000 - 0x00007ffa6022a000 	F:\Android\jre\jre\bin\net.dll
0x00007ffa56620000 - 0x00007ffa567f5000 	C:\WINDOWS\SYSTEM32\urlmon.dll
0x00007ffa57280000 - 0x00007ffa57526000 	C:\WINDOWS\SYSTEM32\iertutil.dll
0x00007ffa666a0000 - 0x00007ffa666ac000 	C:\WINDOWS\SYSTEM32\CRYPTBASE.DLL
0x00007ffa664d0000 - 0x00007ffa66537000 	C:\WINDOWS\system32\mswsock.dll
0x00007ffa601f0000 - 0x00007ffa60203000 	F:\Android\jre\jre\bin\nio.dll
0x00007ffa63510000 - 0x00007ffa63536000 	C:\Users\Acer\.gradle\native\30\windows-amd64\native-platform.dll
0x00007ffa602d0000 - 0x00007ffa602dd000 	F:\Android\jre\jre\bin\management.dll
0x00007ffa65fe0000 - 0x00007ffa66013000 	C:\WINDOWS\system32\rsaenh.dll
0x00007ffa67a60000 - 0x00007ffa67a86000 	C:\WINDOWS\System32\bcrypt.dll
0x00007ffa66b80000 - 0x00007ffa66ba5000 	C:\WINDOWS\SYSTEM32\USERENV.dll
0x00007ffa66180000 - 0x00007ffa661ba000 	C:\WINDOWS\SYSTEM32\IPHLPAPI.DLL
0x00007ffa68e70000 - 0x00007ffa68e78000 	C:\WINDOWS\System32\NSI.dll
0x00007ffa60130000 - 0x00007ffa60146000 	C:\WINDOWS\SYSTEM32\dhcpcsvc6.DLL
0x00007ffa5ff30000 - 0x00007ffa5ff4c000 	C:\WINDOWS\SYSTEM32\dhcpcsvc.DLL
0x00007ffa66220000 - 0x00007ffa662ea000 	C:\WINDOWS\SYSTEM32\DNSAPI.dll
0x00007ffa1eba0000 - 0x00007ffa1ed3c000 	F:\Android\jre\jre\bin\awt.dll
0x00007ffa69a80000 - 0x00007ffa69b44000 	C:\WINDOWS\System32\OLEAUT32.dll
0x00007ffa65510000 - 0x00007ffa6553d000 	C:\WINDOWS\SYSTEM32\dwmapi.dll
0x00007ffa638b0000 - 0x00007ffa63e70000 	C:\WINDOWS\SYSTEM32\d2d1.dll
0x00007ffa64f10000 - 0x00007ffa64f9f000 	C:\WINDOWS\SYSTEM32\apphelp.dll
0x00007ffa64fe0000 - 0x00007ffa65079000 	C:\WINDOWS\system32\uxtheme.dll

VM Arguments:
jvm_args: -Xmx1536m -Dfile.encoding=windows-1252 -Duser.country=US -Duser.language=en -Duser.variant 
java_command: org.gradle.launcher.daemon.bootstrap.GradleDaemon 5.6.4
java_class_path (initial): C:\Users\Acer\.gradle\wrapper\dists\gradle-5.6.4-all\ankdp27end7byghfw1q2sw75f\gradle-5.6.4\lib\gradle-launcher-5.6.4.jar
Launcher Type: SUN_STANDARD

Environment Variables:
JAVA_HOME=C:\Program Files\Java\jdk1.8.0_191
CLASSPATH=.;
PATH=C:\Program Files (x86)\Razer Chroma SDK\bin;C:\Program Files\Razer Chroma SDK\bin;C:\Program Files (x86)\Razer\ChromaBroadcast\bin;C:\Program Files\Razer\ChromaBroadcast\bin;C:\Program Files (x86)\Common Files\Intel\Shared Libraries\redist\intel64\compiler;C:\Windows\system32;C:\Windows;C:\Windows\System32\Wbem;C:\Windows\System32\WindowsPowerShell\v1.0\;C:\Windows\System32\OpenSSH\;C:\Program Files (x86)\NVIDIA Corporation\PhysX\Common;C:\Users\Acer\AppData\Local\Microsoft\WindowsApps;C:\Users\Acer\AppData\Local\Programs\Microsoft VS Code\bin;C:\WINDOWS\system32;C:\WINDOWS;C:\WINDOWS\System32\Wbem;C:\WINDOWS\System32\WindowsPowerShell\v1.0\;C:\WINDOWS\System32\OpenSSH\;C:\Program Files\PuTTY\;C:\Program Files\NVIDIA Corporation\NVIDIA NvDLISR;C:\adb;C:\ProgramData\chocolatey\bin;C:\Program Files\Java\jdk1.8.0_191\bin;C:\Program Files\Git\cmd;C:\Program Files\nodejs\;C:\Program Files (x86)\Microsoft SQL Server\110\Tools\Binn\;C:\Program Files\Microsoft SQL Server\110\Tools\Binn\;C:\Program Files\Microsoft SQL Server\110\DTS\Binn\;C:\Program Files (x86)\Microsoft SQL Server\110\Tools\Binn\ManagementStudio\;C:\Program Files (x86)\Microsoft Visual Studio 10.0\Common7\IDE\PrivateAssemblies\;C:\Program Files (x86)\Microsoft SQL Server\110\DTS\Binn\;C:\Users\Acer\Documents\chromedriver_win32\;C:\Program Files\dotnet\;C:\Program Files (x86)\Yarn\bin\;C:\Users\Acer\AppData\Roaming\npm;C:\Users\Acer\AppData\Local\GitHubDesktop\bin;C:\Users\Acer\AppData\Local\Yarn\bin;C:\WINDOWS\system32;C:\WINDOWS;C:\WINDOWS\System32\Wbem;C:\WINDOWS\System32\WindowsPowerShell\v1.0\;C:\WINDOWS\System32\OpenSSH\;F:\python-3.7.2.exe;C:\Users\Acer\AppData\Local\Programs\Python\Python37-32\Scripts\;C:\Users\Acer\AppData\Local\Programs\Python\Python37-32\
USERNAME=Acer
OS=Windows_NT
PROCESSOR_IDENTIFIER=Intel64 Family 6 Model 158 Stepping 9, GenuineIntel



---------------  S Y S T E M  ---------------

OS: Windows 10.0 , 64 bit Build 18362 (10.0.18362.778)

CPU:total 4 (initial active 4) (4 cores per cpu, 1 threads per core) family 6 model 158 stepping 9, cmov, cx8, fxsr, mmx, sse, sse2, sse3, ssse3, sse4.1, sse4.2, popcnt, avx, avx2, aes, clmul, erms, 3dnowpref, lzcnt, tsc, tscinvbit, bmi1, bmi2, adx

Memory: 4k page, physical 16658020k(5290516k free), swap 17182308k(5440k free)

vm_info: OpenJDK 64-Bit Server VM (25.212-b04) for windows-amd64 JRE (1.8.0_212-release-1586-b04), built by "builder" with MS VC++ 10.0 (VS2010)

time: Wed Apr 29 16:50:56 2020
timezone: China Standard Time
elapsed time: 15 seconds (0d 0h 0m 15s)

