#
# There is insufficient memory for the Java Runtime Environment to continue.
# Native memory allocation (malloc) failed to allocate 1739488 bytes for Chunk::new
# Possible reasons:
#   The system is out of physical RAM or swap space
#   The process is running with CompressedOops enabled, and the Java Heap may be blocking the growth of the native heap
# Possible solutions:
#   Reduce memory load on the system
#   Increase physical memory or swap space
#   Check if swap backing store is full
#   Decrease Java heap size (-Xmx/-Xms)
#   Decrease number of Java threads
#   Decrease Java thread stack sizes (-Xss)
#   Set larger code cache with -XX:ReservedCodeCacheSize=
#   JVM is running with Unscaled Compressed Oops mode in which the Java heap is
#     placed in the first 4GB address space. The Java Heap base address is the
#     maximum limit for the native heap growth. Please use -XX:HeapBaseMinAddress
#     to set the Java Heap base and to place the Java Heap above 4GB virtual address.
# This output file may be truncated or incomplete.
#
#  Out of Memory Error (allocation.cpp:389), pid=11204, tid=0x0000000000002d88
#
# JRE version: OpenJDK Runtime Environment (8.0_212-b04) (build 1.8.0_212-release-1586-b04)
# Java VM: OpenJDK 64-Bit Server VM (25.212-b04 mixed mode windows-amd64 compressed oops)
# Failed to write core dump. Minidumps are not enabled by default on client versions of Windows
#

---------------  T H R E A D  ---------------

Current thread (0x0000000016d1d800):  JavaThread "C2 CompilerThread1" daemon [_thread_in_native, id=11656, stack(0x0000000018470000,0x0000000018570000)]

Stack: [0x0000000018470000,0x0000000018570000]
[error occurred during error reporting (printing stack bounds), id 0xc0000005]

Native frames: (J=compiled Java code, j=interpreted, Vv=VM code, C=native code)


Current CompileTask:
C2: 132398 17716       4       org.objectweb.asm.ClassReader::readCode (5089 bytes)


---------------  P R O C E S S  ---------------

Java Threads: ( => current thread )
  0x000000001b0aa000 JavaThread "Cache worker for Java compile cache (C:\Users\Acer\Desktop\PersonalProjects\assandroidserver\.gradle\5.6.4\javaCompile)" [_thread_blocked, id=6868, stack(0x000000002bf60000,0x000000002c060000)]
  0x000000001b0ab000 JavaThread "RMI TCP Connection(2)-127.0.0.1" daemon [_thread_in_native, id=19336, stack(0x000000002be60000,0x000000002bf60000)]
  0x000000001b0ad000 JavaThread "RMI RenewClean-[127.0.0.1:17290,org.jetbrains.kotlin.daemon.common.LoopbackNetworkInterface$ClientLoopbackSocketFactory@6b00ac0a]" daemon [_thread_blocked, id=16704, stack(0x0000000025d80000,0x0000000025e80000)]
  0x000000001b0ac800 JavaThread "Cache worker for execution history cache (C:\Users\Acer\Desktop\PersonalProjects\assandroidserver\.gradle\5.6.4\executionHistory)" [_thread_blocked, id=9024, stack(0x0000000025880000,0x0000000025980000)]
  0x000000001b0b0000 JavaThread "Execution worker for ':' Thread 3" [_thread_in_native, id=9768, stack(0x0000000025380000,0x0000000025480000)]
  0x000000001b0ae800 JavaThread "Execution worker for ':' Thread 2" [_thread_in_native, id=12524, stack(0x0000000024480000,0x0000000024580000)]
  0x000000001df8b800 JavaThread "Execution worker for ':'" [_thread_in_native, id=12992, stack(0x0000000023d80000,0x0000000023e80000)]
  0x000000001df8a800 JavaThread "Cache worker for file content cache (C:\Users\Acer\Desktop\PersonalProjects\assandroidserver\.gradle\5.6.4\fileContent)" [_thread_blocked, id=15588, stack(0x0000000023ac0000,0x0000000023bc0000)]
  0x000000001df8a000 JavaThread "Cache worker for Build Output Cleanup Cache (C:\Users\Acer\Desktop\PersonalProjects\assandroidserver\.gradle\buildOutputCleanup)" [_thread_blocked, id=14580, stack(0x0000000022aa0000,0x0000000022ba0000)]
  0x000000001df87000 JavaThread "Build operations Thread 4" [_thread_blocked, id=17208, stack(0x0000000022530000,0x0000000022630000)]
  0x000000001df8d000 JavaThread "Build operations Thread 3" [_thread_blocked, id=20292, stack(0x0000000022430000,0x0000000022530000)]
  0x000000001df86000 JavaThread "Build operations Thread 2" [_thread_blocked, id=3692, stack(0x0000000020c60000,0x0000000020d60000)]
  0x000000001df89000 JavaThread "Build operations" [_thread_blocked, id=15776, stack(0x0000000020b60000,0x0000000020c60000)]
  0x000000001df85800 JavaThread "Cache worker for cache directory md-rule (C:\Users\Acer\.gradle\caches\5.6.4\md-rule)" [_thread_blocked, id=19612, stack(0x000000001f230000,0x000000001f330000)]
  0x000000001df7e800 JavaThread "Cache worker for cache directory md-supplier (C:\Users\Acer\.gradle\caches\5.6.4\md-supplier)" [_thread_blocked, id=18380, stack(0x000000001c590000,0x000000001c690000)]
  0x000000001df82800 JavaThread "Cache worker for file hash cache (C:\Users\Acer\Desktop\PersonalProjects\assandroidserver\.gradle\5.6.4\fileHashes)" [_thread_blocked, id=13152, stack(0x000000001c490000,0x000000001c590000)]
  0x000000001df80000 JavaThread "Thread-54" [_thread_blocked, id=13972, stack(0x000000001c390000,0x000000001c490000)]
  0x000000001df81800 JavaThread "Stdin handler" [_thread_blocked, id=5172, stack(0x000000001c290000,0x000000001c390000)]
  0x000000001df83000 JavaThread "Asynchronous log dispatcher for DefaultDaemonConnection: socket connection from /127.0.0.1:59157 to /127.0.0.1:59204" [_thread_blocked, id=15552, stack(0x000000001c190000,0x000000001c290000)]
  0x000000001df84800 JavaThread "Cancel handler" [_thread_blocked, id=4176, stack(0x000000001bd90000,0x000000001be90000)]
  0x000000001df7e000 JavaThread "Handler for socket connection from /127.0.0.1:59157 to /127.0.0.1:59204" [_thread_in_native, id=10348, stack(0x00000000031b0000,0x00000000032b0000)]
  0x000000001df81000 JavaThread "Daemon worker Thread 2" [_thread_blocked, id=17452, stack(0x000000001be90000,0x000000001bf90000)]
  0x000000001df7f800 JavaThread "Daemon Thread 2" [_thread_blocked, id=7928, stack(0x00000000016b0000,0x00000000017b0000)]
  0x000000001df84000 JavaThread "Cache worker for Java compile cache (C:\Users\Acer\.gradle\caches\5.6.4\javaCompile)" [_thread_blocked, id=19804, stack(0x0000000025280000,0x0000000025380000)]
  0x000000001b0b7000 JavaThread "RMI Reaper" [_thread_blocked, id=7612, stack(0x0000000024f80000,0x0000000025080000)]
  0x000000001b0b6000 JavaThread "RMI TCP Accept-0" daemon [_thread_in_native, id=5368, stack(0x0000000024e80000,0x0000000024f80000)]
  0x000000001b0b8800 JavaThread "GC Daemon" daemon [_thread_blocked, id=2220, stack(0x0000000024d80000,0x0000000024e80000)]
  0x000000001b0b4800 JavaThread "RMI Scheduler(0)" daemon [_thread_blocked, id=19364, stack(0x0000000024b80000,0x0000000024c80000)]
  0x000000001b0b2800 JavaThread "Cache worker for file content cache (C:\Users\Acer\.gradle\caches\5.6.4\fileContent)" [_thread_blocked, id=5816, stack(0x0000000023c80000,0x0000000023d80000)]
  0x000000001b0b1800 JavaThread "Memory manager" [_thread_blocked, id=5660, stack(0x0000000022ba0000,0x0000000022ca0000)]
  0x000000001b0b1000 JavaThread "Cache worker for execution history cache (C:\Users\Acer\.gradle\caches\5.6.4\executionHistory)" [_thread_blocked, id=10788, stack(0x0000000020d60000,0x0000000020e60000)]
  0x000000001a8ad800 JavaThread "Cache worker for journal cache (C:\Users\Acer\.gradle\caches\journal-1)" [_thread_blocked, id=10848, stack(0x000000001ca90000,0x000000001cb90000)]
  0x000000001a8ae000 JavaThread "File lock request listener" [_thread_in_native, id=16772, stack(0x000000001c990000,0x000000001ca90000)]
  0x000000001a8b0800 JavaThread "Cache worker for file hash cache (C:\Users\Acer\.gradle\caches\5.6.4\fileHashes)" [_thread_blocked, id=12140, stack(0x000000001c890000,0x000000001c990000)]
  0x000000001a678000 JavaThread "Daemon periodic checks" [_thread_blocked, id=10364, stack(0x000000001bc90000,0x000000001bd90000)]
  0x000000001a677000 JavaThread "Incoming local TCP Connector on port 59157" [_thread_in_native, id=11336, stack(0x000000001ba50000,0x000000001bb50000)]
  0x000000001a5ee000 JavaThread "Daemon health stats" [_thread_blocked, id=17656, stack(0x000000001b410000,0x000000001b510000)]
  0x0000000016d7c000 JavaThread "Service Thread" daemon [_thread_blocked, id=14248, stack(0x0000000018a70000,0x0000000018b70000)]
  0x0000000018578800 JavaThread "C1 CompilerThread2" daemon [_thread_blocked, id=19676, stack(0x0000000018970000,0x0000000018a70000)]
=>0x0000000016d1d800 JavaThread "C2 CompilerThread1" daemon [_thread_in_native, id=11656, stack(0x0000000018470000,0x0000000018570000)]
  0x0000000016d1a800 JavaThread "C2 CompilerThread0" daemon [_thread_in_native, id=18048, stack(0x0000000018370000,0x0000000018470000)]
  0x0000000016d27000 JavaThread "Attach Listener" daemon [_thread_blocked, id=13580, stack(0x0000000018270000,0x0000000018370000)]
  0x0000000016d25800 JavaThread "Signal Dispatcher" daemon [_thread_blocked, id=3820, stack(0x0000000018170000,0x0000000018270000)]
  0x00000000033ab800 JavaThread "Finalizer" daemon [_thread_blocked, id=16264, stack(0x0000000017f70000,0x0000000018070000)]
  0x0000000016d09000 JavaThread "Reference Handler" daemon [_thread_blocked, id=9684, stack(0x0000000017e70000,0x0000000017f70000)]
  0x00000000032b2800 JavaThread "main" [_thread_blocked, id=19948, stack(0x00000000030b0000,0x00000000031b0000)]

Other Threads:
  0x0000000016ce7000 VMThread [stack: 0x0000000017d70000,0x0000000017e70000] [id=14048]
  0x0000000016d7d000 WatcherThread [stack: 0x0000000018b70000,0x0000000018c70000] [id=19664]

VM state:not at safepoint (normal execution)

VM Mutex/Monitor currently owned by a thread: None

heap address: 0x00000000a0000000, size: 1536 MB, Compressed Oops mode: 32-bit
Narrow klass base: 0x0000000000000000, Narrow klass shift: 3
Compressed class space size: 1073741824 Address: 0x0000000100000000

Heap:
 PSYoungGen      total 474112K, used 349745K [0x00000000e0000000, 0x0000000100000000, 0x0000000100000000)
  eden space 433152K, 80% used [0x00000000e0000000,0x00000000f558c450,0x00000000fa700000)
  from space 40960K, 0% used [0x00000000fd800000,0x00000000fd800000,0x0000000100000000)
  to   space 45568K, 0% used [0x00000000fa700000,0x00000000fa700000,0x00000000fd380000)
 ParOldGen       total 206848K, used 61052K [0x00000000a0000000, 0x00000000aca00000, 0x00000000e0000000)
  object space 206848K, 29% used [0x00000000a0000000,0x00000000a3b9f2e8,0x00000000aca00000)
 Metaspace       used 100154K, capacity 105186K, committed 105408K, reserved 1140736K
  class space    used 13198K, capacity 14251K, committed 14336K, reserved 1048576K

Card table byte_map: [0x0000000012770000,0x0000000012a80000] byte_map_base: 0x0000000012270000

Marking Bits: (ParMarkBitMap*) 0x0000000052d09f30
 Begin Bits: [0x0000000013080000, 0x0000000014880000)
 End Bits:   [0x0000000014880000, 0x0000000016080000)

Polling page: 0x00000000013c0000

CodeCache: size=245760Kb used=50559Kb max_used=50559Kb free=195200Kb
 bounds [0x00000000033b0000, 0x0000000006550000, 0x00000000123b0000]
 total_blobs=15891 nmethods=14976 adapters=824
 compilation: enabled

Compilation events (10 events):
Event: 132.387 Thread 0x0000000018578800 17836       3       java.util.concurrent.ConcurrentHashMap$CollectionView::toArray (145 bytes)
Event: 132.387 Thread 0x0000000016d1a800 nmethod 17831 0x0000000006548bd0 code [0x0000000006548d20, 0x0000000006548f18]
Event: 132.388 Thread 0x0000000018578800 nmethod 17836 0x000000000654b350 code [0x000000000654b580, 0x000000000654c378]
Event: 132.388 Thread 0x0000000016d1a800 17834       4       com.android.tools.r8.graph.e0::a (32 bytes)
Event: 132.389 Thread 0x0000000016d1a800 nmethod 17834 0x000000000654af50 code [0x000000000654b0a0, 0x000000000654b1b8]
Event: 132.389 Thread 0x0000000016d1a800 17839       4       java.util.TimSort::sort (229 bytes)
Event: 132.389 Thread 0x0000000018578800 17849       2       com.android.tools.r8.v.a.a.a.h.M$c::size (8 bytes)
Event: 132.390 Thread 0x0000000018578800 nmethod 17849 0x0000000006548850 code [0x00000000065489a0, 0x0000000006548af0]
Event: 132.396 Thread 0x0000000018578800 17852       2       com.google.common.io.ByteStreams::toByteArrayInternal (119 bytes)
Event: 132.396 Thread 0x0000000018578800 nmethod 17852 0x000000000654a510 code [0x000000000654a6e0, 0x000000000654abf8]

GC Heap History (10 events):
Event: 28.310 GC heap before
{Heap before GC invocations=20 (full 3):
 PSYoungGen      total 381440K, used 381419K [0x00000000e0000000, 0x00000000fae00000, 0x0000000100000000)
  eden space 352768K, 100% used [0x00000000e0000000,0x00000000f5880000,0x00000000f5880000)
  from space 28672K, 99% used [0x00000000f7c00000,0x00000000f97fad20,0x00000000f9800000)
  to   space 36352K, 0% used [0x00000000f5880000,0x00000000f5880000,0x00000000f7c00000)
 ParOldGen       total 206848K, used 76186K [0x00000000a0000000, 0x00000000aca00000, 0x00000000e0000000)
  object space 206848K, 36% used [0x00000000a0000000,0x00000000a4a66a88,0x00000000aca00000)
 Metaspace       used 85167K, capacity 89024K, committed 89048K, reserved 1126400K
  class space    used 11530K, capacity 12267K, committed 12288K, reserved 1048576K
Event: 28.346 GC heap after
Heap after GC invocations=20 (full 3):
 PSYoungGen      total 389120K, used 28877K [0x00000000e0000000, 0x00000000fd380000, 0x0000000100000000)
  eden space 352768K, 0% used [0x00000000e0000000,0x00000000e0000000,0x00000000f5880000)
  from space 36352K, 79% used [0x00000000f5880000,0x00000000f74b3680,0x00000000f7c00000)
  to   space 38400K, 0% used [0x00000000fae00000,0x00000000fae00000,0x00000000fd380000)
 ParOldGen       total 206848K, used 85696K [0x00000000a0000000, 0x00000000aca00000, 0x00000000e0000000)
  object space 206848K, 41% used [0x00000000a0000000,0x00000000a53b0288,0x00000000aca00000)
 Metaspace       used 85167K, capacity 89024K, committed 89048K, reserved 1126400K
  class space    used 11530K, capacity 12267K, committed 12288K, reserved 1048576K
}
Event: 29.953 GC heap before
{Heap before GC invocations=21 (full 3):
 PSYoungGen      total 389120K, used 381645K [0x00000000e0000000, 0x00000000fd380000, 0x0000000100000000)
  eden space 352768K, 100% used [0x00000000e0000000,0x00000000f5880000,0x00000000f5880000)
  from space 36352K, 79% used [0x00000000f5880000,0x00000000f74b3680,0x00000000f7c00000)
  to   space 38400K, 0% used [0x00000000fae00000,0x00000000fae00000,0x00000000fd380000)
 ParOldGen       total 206848K, used 85696K [0x00000000a0000000, 0x00000000aca00000, 0x00000000e0000000)
  object space 206848K, 41% used [0x00000000a0000000,0x00000000a53b0288,0x00000000aca00000)
 Metaspace       used 85178K, capacity 89024K, committed 89048K, reserved 1126400K
  class space    used 11530K, capacity 12267K, committed 12288K, reserved 1048576K
Event: 29.984 GC heap after
Heap after GC invocations=21 (full 3):
 PSYoungGen      total 439296K, used 26921K [0x00000000e0000000, 0x00000000fd500000, 0x0000000100000000)
  eden space 400896K, 0% used [0x00000000e0000000,0x00000000e0000000,0x00000000f8780000)
  from space 38400K, 70% used [0x00000000fae00000,0x00000000fc84a6a8,0x00000000fd380000)
  to   space 39424K, 0% used [0x00000000f8780000,0x00000000f8780000,0x00000000fae00000)
 ParOldGen       total 206848K, used 85704K [0x00000000a0000000, 0x00000000aca00000, 0x00000000e0000000)
  object space 206848K, 41% used [0x00000000a0000000,0x00000000a53b2288,0x00000000aca00000)
 Metaspace       used 85178K, capacity 89024K, committed 89048K, reserved 1126400K
  class space    used 11530K, capacity 12267K, committed 12288K, reserved 1048576K
}
Event: 32.125 GC heap before
{Heap before GC invocations=22 (full 3):
 PSYoungGen      total 439296K, used 427817K [0x00000000e0000000, 0x00000000fd500000, 0x0000000100000000)
  eden space 400896K, 100% used [0x00000000e0000000,0x00000000f8780000,0x00000000f8780000)
  from space 38400K, 70% used [0x00000000fae00000,0x00000000fc84a6a8,0x00000000fd380000)
  to   space 39424K, 0% used [0x00000000f8780000,0x00000000f8780000,0x00000000fae00000)
 ParOldGen       total 206848K, used 85704K [0x00000000a0000000, 0x00000000aca00000, 0x00000000e0000000)
  object space 206848K, 41% used [0x00000000a0000000,0x00000000a53b2288,0x00000000aca00000)
 Metaspace       used 85235K, capacity 89024K, committed 89048K, reserved 1126400K
  class space    used 11539K, capacity 12267K, committed 12288K, reserved 1048576K
Event: 32.157 GC heap after
Heap after GC invocations=22 (full 3):
 PSYoungGen      total 440320K, used 29198K [0x00000000e0000000, 0x0000000100000000, 0x0000000100000000)
  eden space 400896K, 0% used [0x00000000e0000000,0x00000000e0000000,0x00000000f8780000)
  from space 39424K, 74% used [0x00000000f8780000,0x00000000fa403be0,0x00000000fae00000)
  to   space 40960K, 0% used [0x00000000fd800000,0x00000000fd800000,0x0000000100000000)
 ParOldGen       total 206848K, used 85704K [0x00000000a0000000, 0x00000000aca00000, 0x00000000e0000000)
  object space 206848K, 41% used [0x00000000a0000000,0x00000000a53b2288,0x00000000aca00000)
 Metaspace       used 85235K, capacity 89024K, committed 89048K, reserved 1126400K
  class space    used 11539K, capacity 12267K, committed 12288K, reserved 1048576K
}
Event: 120.444 GC heap before
{Heap before GC invocations=23 (full 3):
 PSYoungGen      total 440320K, used 262291K [0x00000000e0000000, 0x0000000100000000, 0x0000000100000000)
  eden space 400896K, 58% used [0x00000000e0000000,0x00000000ee3a1380,0x00000000f8780000)
  from space 39424K, 74% used [0x00000000f8780000,0x00000000fa403be0,0x00000000fae00000)
  to   space 40960K, 0% used [0x00000000fd800000,0x00000000fd800000,0x0000000100000000)
 ParOldGen       total 206848K, used 85704K [0x00000000a0000000, 0x00000000aca00000, 0x00000000e0000000)
  object space 206848K, 41% used [0x00000000a0000000,0x00000000a53b2288,0x00000000aca00000)
 Metaspace       used 94040K, capacity 98400K, committed 98496K, reserved 1134592K
  class space    used 12431K, capacity 13255K, committed 13312K, reserved 1048576K
Event: 120.477 GC heap after
Heap after GC invocations=23 (full 3):
 PSYoungGen      total 474112K, used 37951K [0x00000000e0000000, 0x0000000100000000, 0x0000000100000000)
  eden space 433152K, 0% used [0x00000000e0000000,0x00000000e0000000,0x00000000fa700000)
  from space 40960K, 92% used [0x00000000fd800000,0x00000000ffd0fe20,0x0000000100000000)
  to   space 45568K, 0% used [0x00000000fa700000,0x00000000fa700000,0x00000000fd380000)
 ParOldGen       total 206848K, used 85712K [0x00000000a0000000, 0x00000000aca00000, 0x00000000e0000000)
  object space 206848K, 41% used [0x00000000a0000000,0x00000000a53b4288,0x00000000aca00000)
 Metaspace       used 94040K, capacity 98400K, committed 98496K, reserved 1134592K
  class space    used 12431K, capacity 13255K, committed 13312K, reserved 1048576K
}
Event: 120.477 GC heap before
{Heap before GC invocations=24 (full 4):
 PSYoungGen      total 474112K, used 37951K [0x00000000e0000000, 0x0000000100000000, 0x0000000100000000)
  eden space 433152K, 0% used [0x00000000e0000000,0x00000000e0000000,0x00000000fa700000)
  from space 40960K, 92% used [0x00000000fd800000,0x00000000ffd0fe20,0x0000000100000000)
  to   space 45568K, 0% used [0x00000000fa700000,0x00000000fa700000,0x00000000fd380000)
 ParOldGen       total 206848K, used 85712K [0x00000000a0000000, 0x00000000aca00000, 0x00000000e0000000)
  object space 206848K, 41% used [0x00000000a0000000,0x00000000a53b4288,0x00000000aca00000)
 Metaspace       used 94040K, capacity 98400K, committed 98496K, reserved 1134592K
  class space    used 12431K, capacity 13255K, committed 13312K, reserved 1048576K
Event: 120.703 GC heap after
Heap after GC invocations=24 (full 4):
 PSYoungGen      total 474112K, used 0K [0x00000000e0000000, 0x0000000100000000, 0x0000000100000000)
  eden space 433152K, 0% used [0x00000000e0000000,0x00000000e0000000,0x00000000fa700000)
  from space 40960K, 0% used [0x00000000fd800000,0x00000000fd800000,0x0000000100000000)
  to   space 45568K, 0% used [0x00000000fa700000,0x00000000fa700000,0x00000000fd380000)
 ParOldGen       total 206848K, used 61052K [0x00000000a0000000, 0x00000000aca00000, 0x00000000e0000000)
  object space 206848K, 29% used [0x00000000a0000000,0x00000000a3b9f2e8,0x00000000aca00000)
 Metaspace       used 93810K, capacity 97774K, committed 98496K, reserved 1134592K
  class space    used 12355K, capacity 13128K, committed 13312K, reserved 1048576K
}

Deoptimization events (10 events):
Event: 128.136 Thread 0x000000001b0ab000 Uncommon trap: reason=class_check action=maybe_recompile pc=0x00000000042747b8 method=java.lang.ThreadLocal.set(Ljava/lang/Object;)V @ 26
Event: 131.551 Thread 0x000000001df8b800 Uncommon trap: reason=unstable_if action=reinterpret pc=0x0000000004a6f564 method=org.objectweb.asm.MethodWriter.<init>(Lorg/objectweb/asm/SymbolTable;ILjava/lang/String;Ljava/lang/String;Ljava/lang/String;[Ljava/lang/String;I)V @ 100
Event: 131.896 Thread 0x000000001df8b800 Uncommon trap: reason=predicate action=maybe_recompile pc=0x0000000005f5af38 method=java.util.TimSort.reverseRange([Ljava/lang/Object;II)V @ 8
Event: 132.051 Thread 0x000000001b0b0000 Uncommon trap: reason=unstable_if action=reinterpret pc=0x00000000049f29f4 method=org.gradle.api.internal.tasks.compile.AnnotatableMember.compare(Lorg/gradle/api/internal/tasks/compile/AnnotatableMember;)Lcom/google/common/collect/ComparisonChain; @ 9
Event: 132.059 Thread 0x000000001b0b0000 Uncommon trap: reason=unstable_if action=reinterpret pc=0x0000000004a6499c method=org.objectweb.asm.SymbolTable.addConstant(Ljava/lang/Object;)Lorg/objectweb/asm/Symbol; @ 145
Event: 132.289 Thread 0x000000001b0ae800 Uncommon trap: reason=predicate action=maybe_recompile pc=0x0000000005f73908 method=java.util.TimSort.reverseRange([Ljava/lang/Object;II)V @ 8
Event: 132.376 Thread 0x000000001df8b800 Uncommon trap: reason=unstable_if action=reinterpret pc=0x0000000004e1ee38 method=com.android.tools.r8.graph.A0.a(Lcom/android/tools/r8/graph/e0;)Lcom/android/tools/r8/graph/C; @ 124
Event: 132.376 Thread 0x000000001df8b800 Uncommon trap: reason=unstable_if action=reinterpret pc=0x0000000004d204f8 method=com.android.tools.r8.utils.A.a(Lcom/android/tools/r8/graph/e0;)Lcom/android/tools/r8/graph/C; @ 7
Event: 132.385 Thread 0x000000001df8b800 Uncommon trap: reason=class_check action=maybe_recompile pc=0x0000000004bb0c0c method=java.util.Collections$SetFromMap.isEmpty()Z @ 4
Event: 132.385 Thread 0x000000001df8b800 Uncommon trap: reason=class_check action=maybe_recompile pc=0x0000000004bb0c0c method=java.util.Collections$SetFromMap.isEmpty()Z @ 4

Classes redefined (0 events):
No events

Internal exceptions (10 events):
Event: 122.051 Thread 0x000000001df81000 Exception <a 'java/lang/ClassNotFoundException': org/gradle/api/tasks/testing/TestCustomizer> (0x00000000e88def58) thrown at [D:\src\AOSP-openjdk-cygwin\jdk8u\hotspot\src\share\vm\classfile\systemDictionary.cpp, line 210]
Event: 122.055 Thread 0x000000001df81000 Exception <a 'java/lang/ClassNotFoundException': com/android/build/gradle/tasks/factory/AndroidUnitTestCustomizer> (0x00000000e89d8138) thrown at [D:\src\AOSP-openjdk-cygwin\jdk8u\hotspot\src\share\vm\classfile\systemDictionary.cpp, line 210]
Event: 122.056 Thread 0x000000001df81000 Exception <a 'java/lang/ClassNotFoundException': com/android/build/gradle/tasks/factory/AndroidUnitTest_DecoratedCustomizer> (0x00000000e8a1adb0) thrown at [D:\src\AOSP-openjdk-cygwin\jdk8u\hotspot\src\share\vm\classfile\systemDictionary.cpp, line 210]
Event: 122.131 Thread 0x000000001df81000 Exception <a 'java/lang/NoSuchMethodError': java.lang.Object.lambda$minBy$0(Ljava/util/Comparator;Ljava/lang/Object;Ljava/lang/Object;)Ljava/lang/Object;> (0x00000000e8e73cf0) thrown at [D:\src\AOSP-openjdk-cygwin\jdk8u\hotspot\src\share\vm\interpreter\li
Event: 122.146 Thread 0x000000001df81000 Implicit null exception at 0x000000000609d96a to 0x000000000609eb2d
Event: 122.485 Thread 0x000000001df81000 Exception <a 'java/lang/NoSuchMethodError': java.lang.Object.lambda$negate$1(Ljava/lang/Object;)Z> (0x00000000ea939568) thrown at [D:\src\AOSP-openjdk-cygwin\jdk8u\hotspot\src\share\vm\interpreter\linkResolver.cpp, line 620]
Event: 122.744 Thread 0x000000001df81000 Exception <a 'sun/nio/fs/WindowsException'> (0x00000000ebe587a8) thrown at [D:\src\AOSP-openjdk-cygwin\jdk8u\hotspot\src\share\vm\prims\jni.cpp, line 710]
Event: 128.123 Thread 0x000000001b0ad000 Exception <a 'java/lang/InterruptedException'> (0x00000000f19ff448) thrown at [D:\src\AOSP-openjdk-cygwin\jdk8u\hotspot\src\share\vm\runtime\objectMonitor.cpp, line 1680]
Event: 132.122 Thread 0x000000001df8b800 Exception <a 'sun/nio/fs/WindowsException'> (0x00000000f4107fd0) thrown at [D:\src\AOSP-openjdk-cygwin\jdk8u\hotspot\src\share\vm\prims\jni.cpp, line 710]
Event: 132.390 Thread 0x000000001df8b800 Exception <a 'sun/nio/fs/WindowsException'> (0x00000000f54e4e80) thrown at [D:\src\AOSP-openjdk-cygwin\jdk8u\hotspot\src\share\vm\prims\jni.cpp, line 710]

Events (10 events):
Event: 132.383 loading class com/android/tools/r8/graph/a0$b
Event: 132.383 loading class com/android/tools/r8/graph/a0$b done
Event: 132.383 loading class com/android/tools/r8/u/d/l
Event: 132.383 loading class com/android/tools/r8/u/d/l done
Event: 132.385 Thread 0x000000001df8b800 Uncommon trap: trap_request=0xffffffde fr.pc=0x0000000004bb0c0c
Event: 132.385 Thread 0x000000001df8b800 DEOPT PACKING pc=0x0000000004bb0c0c sp=0x0000000023e7b940
Event: 132.385 Thread 0x000000001df8b800 DEOPT UNPACKING pc=0x00000000033f557b sp=0x0000000023e7b8d8 mode 2
Event: 132.385 Thread 0x000000001df8b800 Uncommon trap: trap_request=0xffffffde fr.pc=0x0000000004bb0c0c
Event: 132.385 Thread 0x000000001df8b800 DEOPT PACKING pc=0x0000000004bb0c0c sp=0x0000000023e7b9a0
Event: 132.385 Thread 0x000000001df8b800 DEOPT UNPACKING pc=0x00000000033f557b sp=0x0000000023e7b938 mode 2


Dynamic libraries:
0x00007ff74fb20000 - 0x00007ff74fb51000 	F:\Android\jre\bin\java.exe
0x00007ffa69da0000 - 0x00007ffa69f90000 	C:\WINDOWS\SYSTEM32\ntdll.dll
0x00007ffa69690000 - 0x00007ffa69742000 	C:\WINDOWS\System32\KERNEL32.DLL
0x00007ffa677b0000 - 0x00007ffa67a53000 	C:\WINDOWS\System32\KERNELBASE.dll
0x00007ffa69cb0000 - 0x00007ffa69d53000 	C:\WINDOWS\System32\ADVAPI32.dll
0x00007ffa68150000 - 0x00007ffa681ee000 	C:\WINDOWS\System32\msvcrt.dll
0x00007ffa697c0000 - 0x00007ffa69857000 	C:\WINDOWS\System32\sechost.dll
0x00007ffa68ef0000 - 0x00007ffa69010000 	C:\WINDOWS\System32\RPCRT4.dll
0x00007ffa68c20000 - 0x00007ffa68db4000 	C:\WINDOWS\System32\USER32.dll
0x00007ffa67780000 - 0x00007ffa677a1000 	C:\WINDOWS\System32\win32u.dll
0x00007ffa69c80000 - 0x00007ffa69ca6000 	C:\WINDOWS\System32\GDI32.dll
0x00007ffa67530000 - 0x00007ffa676c4000 	C:\WINDOWS\System32\gdi32full.dll
0x00007ffa67c90000 - 0x00007ffa67d2e000 	C:\WINDOWS\System32\msvcp_win.dll
0x00007ffa67d30000 - 0x00007ffa67e2a000 	C:\WINDOWS\System32\ucrtbase.dll
0x00007ffa56e30000 - 0x00007ffa570b5000 	C:\WINDOWS\WinSxS\amd64_microsoft.windows.common-controls_6595b64144ccf1df_6.0.18362.778_none_e6c6b761130d4fb8\COMCTL32.dll
0x00007ffa688e0000 - 0x00007ffa68c16000 	C:\WINDOWS\System32\combase.dll
0x00007ffa674b0000 - 0x00007ffa67530000 	C:\WINDOWS\System32\bcryptPrimitives.dll
0x00007ffa69480000 - 0x00007ffa694ae000 	C:\WINDOWS\System32\IMM32.DLL
0x0000000052e00000 - 0x0000000052ed2000 	F:\Android\jre\jre\bin\msvcr100.dll
0x0000000052540000 - 0x0000000052d86000 	F:\Android\jre\jre\bin\server\jvm.dll
0x00007ffa68ee0000 - 0x00007ffa68ee8000 	C:\WINDOWS\System32\PSAPI.DLL
0x00007ffa635e0000 - 0x00007ffa635e9000 	C:\WINDOWS\SYSTEM32\WSOCK32.dll
0x00007ffa69750000 - 0x00007ffa697bf000 	C:\WINDOWS\System32\WS2_32.dll
0x00007ffa64db0000 - 0x00007ffa64dd4000 	C:\WINDOWS\SYSTEM32\WINMM.dll
0x00007ffa60150000 - 0x00007ffa6015a000 	C:\WINDOWS\SYSTEM32\VERSION.dll
0x00007ffa64e10000 - 0x00007ffa64e3d000 	C:\WINDOWS\SYSTEM32\WINMMBASE.dll
0x00007ffa676d0000 - 0x00007ffa6771a000 	C:\WINDOWS\System32\cfgmgr32.dll
0x00007ffa635b0000 - 0x00007ffa635bf000 	F:\Android\jre\jre\bin\verify.dll
0x00007ffa63510000 - 0x00007ffa63539000 	F:\Android\jre\jre\bin\java.dll
0x00007ffa63590000 - 0x00007ffa635a6000 	F:\Android\jre\jre\bin\zip.dll
0x00007ffa681f0000 - 0x00007ffa688d5000 	C:\WINDOWS\System32\SHELL32.dll
0x00007ffa69b50000 - 0x00007ffa69bf9000 	C:\WINDOWS\System32\shcore.dll
0x00007ffa66d30000 - 0x00007ffa674b0000 	C:\WINDOWS\System32\windows.storage.dll
0x00007ffa66d00000 - 0x00007ffa66d23000 	C:\WINDOWS\System32\profapi.dll
0x00007ffa66c90000 - 0x00007ffa66cda000 	C:\WINDOWS\System32\powrprof.dll
0x00007ffa66c60000 - 0x00007ffa66c70000 	C:\WINDOWS\System32\UMPDC.dll
0x00007ffa68e80000 - 0x00007ffa68ed2000 	C:\WINDOWS\System32\shlwapi.dll
0x00007ffa66c70000 - 0x00007ffa66c81000 	C:\WINDOWS\System32\kernel.appcore.dll
0x00007ffa67e30000 - 0x00007ffa67e47000 	C:\WINDOWS\System32\cryptsp.dll
0x00007ffa634c0000 - 0x00007ffa634da000 	F:\Android\jre\jre\bin\net.dll
0x00007ffa56620000 - 0x00007ffa567f5000 	C:\WINDOWS\SYSTEM32\urlmon.dll
0x00007ffa57280000 - 0x00007ffa57526000 	C:\WINDOWS\SYSTEM32\iertutil.dll
0x00007ffa666a0000 - 0x00007ffa666ac000 	C:\WINDOWS\SYSTEM32\CRYPTBASE.DLL
0x00007ffa664d0000 - 0x00007ffa66537000 	C:\WINDOWS\system32\mswsock.dll
0x00007ffa620d0000 - 0x00007ffa620e3000 	F:\Android\jre\jre\bin\nio.dll
0x00007ffa533c0000 - 0x00007ffa533e6000 	C:\Users\Acer\.gradle\native\30\windows-amd64\native-platform.dll
0x00007ffa62770000 - 0x00007ffa6277d000 	F:\Android\jre\jre\bin\management.dll
0x00007ffa65fe0000 - 0x00007ffa66013000 	C:\WINDOWS\system32\rsaenh.dll
0x00007ffa67a60000 - 0x00007ffa67a86000 	C:\WINDOWS\System32\bcrypt.dll
0x00007ffa66b80000 - 0x00007ffa66ba5000 	C:\WINDOWS\SYSTEM32\USERENV.dll
0x00007ffa66180000 - 0x00007ffa661ba000 	C:\WINDOWS\SYSTEM32\IPHLPAPI.DLL
0x00007ffa68e70000 - 0x00007ffa68e78000 	C:\WINDOWS\System32\NSI.dll
0x00007ffa60130000 - 0x00007ffa60146000 	C:\WINDOWS\SYSTEM32\dhcpcsvc6.DLL
0x00007ffa5ff30000 - 0x00007ffa5ff4c000 	C:\WINDOWS\SYSTEM32\dhcpcsvc.DLL
0x00007ffa66220000 - 0x00007ffa662ea000 	C:\WINDOWS\SYSTEM32\DNSAPI.dll
0x00007ffa64ef0000 - 0x00007ffa64f0e000 	C:\Users\Acer\AppData\Local\Temp\native-platform2569564149375322702dir\native-platform.dll

VM Arguments:
jvm_args: -Xmx1536m -Dfile.encoding=windows-1252 -Duser.country=US -Duser.language=en -Duser.variant 
java_command: org.gradle.launcher.daemon.bootstrap.GradleDaemon 5.6.4
java_class_path (initial): C:\Users\Acer\.gradle\wrapper\dists\gradle-5.6.4-all\ankdp27end7byghfw1q2sw75f\gradle-5.6.4\lib\gradle-launcher-5.6.4.jar
Launcher Type: SUN_STANDARD

Environment Variables:
JAVA_HOME=C:\Program Files\Java\jdk1.8.0_191
CLASSPATH=.;
PATH=C:\Program Files (x86)\Razer Chroma SDK\bin;C:\Program Files\Razer Chroma SDK\bin;C:\Program Files (x86)\Razer\ChromaBroadcast\bin;C:\Program Files\Razer\ChromaBroadcast\bin;C:\Program Files (x86)\Common Files\Intel\Shared Libraries\redist\intel64\compiler;C:\Windows\system32;C:\Windows;C:\Windows\System32\Wbem;C:\Windows\System32\WindowsPowerShell\v1.0\;C:\Windows\System32\OpenSSH\;C:\Program Files (x86)\NVIDIA Corporation\PhysX\Common;C:\Users\Acer\AppData\Local\Microsoft\WindowsApps;C:\Users\Acer\AppData\Local\Programs\Microsoft VS Code\bin;C:\WINDOWS\system32;C:\WINDOWS;C:\WINDOWS\System32\Wbem;C:\WINDOWS\System32\WindowsPowerShell\v1.0\;C:\WINDOWS\System32\OpenSSH\;C:\Program Files\PuTTY\;C:\Program Files\NVIDIA Corporation\NVIDIA NvDLISR;C:\adb;C:\ProgramData\chocolatey\bin;C:\Program Files\Java\jdk1.8.0_191\bin;C:\Program Files\Git\cmd;C:\Program Files\nodejs\;C:\Program Files (x86)\Microsoft SQL Server\110\Tools\Binn\;C:\Program Files\Microsoft SQL Server\110\Tools\Binn\;C:\Program Files\Microsoft SQL Server\110\DTS\Binn\;C:\Program Files (x86)\Microsoft SQL Server\110\Tools\Binn\ManagementStudio\;C:\Program Files (x86)\Microsoft Visual Studio 10.0\Common7\IDE\PrivateAssemblies\;C:\Program Files (x86)\Microsoft SQL Server\110\DTS\Binn\;C:\Users\Acer\Documents\chromedriver_win32\;C:\Program Files\dotnet\;C:\Program Files (x86)\Yarn\bin\;C:\Users\Acer\AppData\Roaming\npm;C:\Users\Acer\AppData\Local\GitHubDesktop\bin;C:\Users\Acer\AppData\Local\Yarn\bin;C:\WINDOWS\system32;C:\WINDOWS;C:\WINDOWS\System32\Wbem;C:\WINDOWS\System32\WindowsPowerShell\v1.0\;C:\WINDOWS\System32\OpenSSH\;F:\python-3.7.2.exe;C:\Users\Acer\AppData\Local\Programs\Python\Python37-32\Scripts\;C:\Users\Acer\AppData\Local\Programs\Python\Python37-32\
USERNAME=Acer
OS=Windows_NT
PROCESSOR_IDENTIFIER=Intel64 Family 6 Model 158 Stepping 9, GenuineIntel



---------------  S Y S T E M  ---------------

OS: Windows 10.0 , 64 bit Build 18362 (10.0.18362.778)

CPU:total 4 (initial active 4) (4 cores per cpu, 1 threads per core) family 6 model 158 stepping 9, cmov, cx8, fxsr, mmx, sse, sse2, sse3, ssse3, sse4.1, sse4.2, popcnt, avx, avx2, aes, clmul, erms, 3dnowpref, lzcnt, tsc, tscinvbit, bmi1, bmi2, adx

Memory: 4k page, physical 16658020k(4745076k free), swap 17182308k(6220k free)

vm_info: OpenJDK 64-Bit Server VM (25.212-b04) for windows-amd64 JRE (1.8.0_212-release-1586-b04), built by "builder" with MS VC++ 10.0 (VS2010)

time: Wed Apr 29 22:42:57 2020
timezone: China Standard Time
elapsed time: 132 seconds (0d 0h 2m 12s)

